2025-05-08 14:21:34,155 - eth-streams - INFO - Starting Ethereum stream processor...
2025-05-08 14:21:34,155 - eth-streams - INFO - Starting transaction stream processor
2025-05-08 14:21:34,155 - eth-streams - INFO - Monitoring 0 unique addresses
2025-05-08 14:21:34,155 - eth-streams - INFO - Detected 0 high-activity addresses
2025-05-08 14:22:04,161 - eth-streams - INFO - Monitoring 0 unique addresses
2025-05-08 14:22:04,163 - eth-streams - INFO - Detected 0 high-activity addresses
2025-05-08 14:22:34,168 - eth-streams - INFO - Monitoring 0 unique addresses
2025-05-08 14:22:34,169 - eth-streams - INFO - Detected 0 high-activity addresses
2025-05-08 14:23:04,173 - eth-streams - INFO - Monitoring 0 unique addresses
2025-05-08 14:23:04,175 - eth-streams - INFO - Detected 0 high-activity addresses
2025-05-08 14:23:34,181 - eth-streams - INFO - Monitoring 0 unique addresses
2025-05-08 14:23:34,182 - eth-streams - INFO - Detected 0 high-activity addresses
2025-05-08 14:24:04,183 - eth-streams - INFO - Monitoring 0 unique addresses
2025-05-08 14:24:04,184 - eth-streams - INFO - Detected 0 high-activity addresses
2025-05-08 14:24:34,191 - eth-streams - INFO - Monitoring 0 unique addresses
2025-05-08 14:24:34,192 - eth-streams - INFO - Detected 0 high-activity addresses
2025-05-08 14:25:04,201 - eth-streams - INFO - Monitoring 0 unique addresses
2025-05-08 14:25:04,202 - eth-streams - INFO - Detected 0 high-activity addresses
2025-05-08 14:25:34,203 - eth-streams - INFO - Monitoring 0 unique addresses
2025-05-08 14:25:34,204 - eth-streams - INFO - Detected 0 high-activity addresses
2025-05-08 14:26:04,210 - eth-streams - INFO - Monitoring 0 unique addresses
2025-05-08 14:26:04,219 - eth-streams - INFO - Detected 0 high-activity addresses
2025-05-08 14:26:34,222 - eth-streams - INFO - Monitoring 0 unique addresses
2025-05-08 14:26:34,223 - eth-streams - INFO - Detected 0 high-activity addresses
2025-05-08 14:27:04,225 - eth-streams - INFO - Monitoring 0 unique addresses
2025-05-08 14:27:04,225 - eth-streams - INFO - Detected 0 high-activity addresses
2025-05-08 14:27:34,231 - eth-streams - INFO - Monitoring 0 unique addresses
2025-05-08 14:27:34,232 - eth-streams - INFO - Detected 0 high-activity addresses
2025-05-08 14:28:04,239 - eth-streams - INFO - Monitoring 0 unique addresses
2025-05-08 14:28:04,240 - eth-streams - INFO - Detected 0 high-activity addresses
2025-05-08 14:28:34,244 - eth-streams - INFO - Monitoring 0 unique addresses
2025-05-08 14:28:34,245 - eth-streams - INFO - Detected 0 high-activity addresses
2025-05-08 14:29:04,246 - eth-streams - INFO - Monitoring 0 unique addresses
2025-05-08 14:29:04,247 - eth-streams - INFO - Detected 0 high-activity addresses
2025-05-08 14:29:34,250 - eth-streams - INFO - Monitoring 0 unique addresses
2025-05-08 14:29:34,251 - eth-streams - INFO - Detected 0 high-activity addresses
2025-05-08 14:30:04,257 - eth-streams - INFO - Monitoring 0 unique addresses
2025-05-08 14:30:04,257 - eth-streams - INFO - Detected 0 high-activity addresses
2025-05-08 14:30:34,263 - eth-streams - INFO - Monitoring 0 unique addresses
2025-05-08 14:30:34,265 - eth-streams - INFO - Detected 0 high-activity addresses
2025-05-08 14:31:04,266 - eth-streams - INFO - Monitoring 0 unique addresses
2025-05-08 14:31:04,267 - eth-streams - INFO - Detected 0 high-activity addresses
2025-05-08 14:31:34,274 - eth-streams - INFO - Monitoring 0 unique addresses
2025-05-08 14:31:34,275 - eth-streams - INFO - Detected 0 high-activity addresses
2025-05-08 14:32:04,278 - eth-streams - INFO - Monitoring 0 unique addresses
2025-05-08 14:32:04,279 - eth-streams - INFO - Detected 0 high-activity addresses
2025-05-08 14:32:34,300 - eth-streams - INFO - Monitoring 0 unique addresses
2025-05-08 14:32:34,313 - eth-streams - INFO - Detected 0 high-activity addresses
2025-05-08 14:33:04,323 - eth-streams - INFO - Monitoring 0 unique addresses
2025-05-08 14:33:04,324 - eth-streams - INFO - Detected 0 high-activity addresses
2025-05-08 14:33:34,327 - eth-streams - INFO - Monitoring 0 unique addresses
2025-05-08 14:33:34,328 - eth-streams - INFO - Detected 0 high-activity addresses
2025-05-08 14:34:04,333 - eth-streams - INFO - Monitoring 0 unique addresses
2025-05-08 14:34:04,335 - eth-streams - INFO - Detected 0 high-activity addresses
2025-05-08 14:34:34,339 - eth-streams - INFO - Monitoring 0 unique addresses
2025-05-08 14:34:34,354 - eth-streams - INFO - Detected 0 high-activity addresses
2025-05-08 14:35:04,357 - eth-streams - INFO - Monitoring 0 unique addresses
2025-05-08 14:35:04,358 - eth-streams - INFO - Detected 0 high-activity addresses
2025-05-08 14:35:17,020 - eth-streams - INFO - Starting Ethereum stream processor...
2025-05-08 14:35:17,020 - eth-streams - INFO - Starting transaction stream processor
2025-05-08 14:35:17,020 - eth-streams - INFO - Monitoring 0 unique addresses
2025-05-08 14:35:17,020 - eth-streams - INFO - Detected 0 high-activity addresses
2025-05-08 14:35:34,360 - eth-streams - INFO - Monitoring 0 unique addresses
2025-05-08 14:35:34,361 - eth-streams - INFO - Detected 0 high-activity addresses
2025-05-08 14:35:47,023 - eth-streams - INFO - Monitoring 0 unique addresses
2025-05-08 14:35:47,024 - eth-streams - INFO - Detected 0 high-activity addresses
2025-05-08 14:36:04,362 - eth-streams - INFO - Monitoring 0 unique addresses
2025-05-08 14:36:04,363 - eth-streams - INFO - Detected 0 high-activity addresses
2025-05-08 14:36:17,030 - eth-streams - INFO - Monitoring 0 unique addresses
2025-05-08 14:36:17,031 - eth-streams - INFO - Detected 0 high-activity addresses
2025-05-08 14:36:34,365 - eth-streams - INFO - Monitoring 0 unique addresses
2025-05-08 14:36:34,367 - eth-streams - INFO - Detected 0 high-activity addresses
2025-05-08 14:36:47,035 - eth-streams - INFO - Monitoring 0 unique addresses
2025-05-08 14:36:47,036 - eth-streams - INFO - Detected 0 high-activity addresses
2025-05-08 14:37:04,372 - eth-streams - INFO - Monitoring 0 unique addresses
2025-05-08 14:37:04,377 - eth-streams - INFO - Detected 0 high-activity addresses
2025-05-08 14:37:17,043 - eth-streams - INFO - Monitoring 0 unique addresses
2025-05-08 14:37:17,044 - eth-streams - INFO - Detected 0 high-activity addresses
2025-05-08 14:37:34,378 - eth-streams - INFO - Monitoring 0 unique addresses
2025-05-08 14:37:34,381 - eth-streams - INFO - Detected 0 high-activity addresses
2025-05-08 14:37:47,048 - eth-streams - INFO - Monitoring 0 unique addresses
2025-05-08 14:37:47,050 - eth-streams - INFO - Detected 0 high-activity addresses
2025-05-08 14:38:04,385 - eth-streams - INFO - Monitoring 0 unique addresses
2025-05-08 14:38:04,389 - eth-streams - INFO - Detected 0 high-activity addresses
2025-05-08 14:38:17,052 - eth-streams - INFO - Monitoring 0 unique addresses
2025-05-08 14:38:17,053 - eth-streams - INFO - Detected 0 high-activity addresses
2025-05-08 14:38:34,396 - eth-streams - INFO - Monitoring 0 unique addresses
2025-05-08 14:38:34,397 - eth-streams - INFO - Detected 0 high-activity addresses
2025-05-08 14:38:47,059 - eth-streams - INFO - Monitoring 0 unique addresses
2025-05-08 14:38:47,060 - eth-streams - INFO - Detected 0 high-activity addresses
2025-05-08 14:39:04,403 - eth-streams - INFO - Monitoring 0 unique addresses
2025-05-08 14:39:04,408 - eth-streams - INFO - Detected 0 high-activity addresses
2025-05-08 14:39:17,066 - eth-streams - INFO - Monitoring 0 unique addresses
2025-05-08 14:39:17,068 - eth-streams - INFO - Detected 0 high-activity addresses
2025-05-08 14:39:34,415 - eth-streams - INFO - Monitoring 0 unique addresses
2025-05-08 14:39:34,416 - eth-streams - INFO - Detected 0 high-activity addresses
2025-05-08 14:39:47,073 - eth-streams - INFO - Monitoring 0 unique addresses
2025-05-08 14:39:47,077 - eth-streams - INFO - Detected 0 high-activity addresses
2025-05-08 14:40:04,418 - eth-streams - INFO - Monitoring 0 unique addresses
2025-05-08 14:40:04,418 - eth-streams - INFO - Detected 0 high-activity addresses
2025-05-08 14:40:17,081 - eth-streams - INFO - Monitoring 0 unique addresses
2025-05-08 14:40:17,082 - eth-streams - INFO - Detected 0 high-activity addresses
2025-05-08 14:40:34,420 - eth-streams - INFO - Monitoring 0 unique addresses
2025-05-08 14:40:34,421 - eth-streams - INFO - Detected 0 high-activity addresses
2025-05-08 14:40:47,086 - eth-streams - INFO - Monitoring 0 unique addresses
2025-05-08 14:40:47,088 - eth-streams - INFO - Detected 0 high-activity addresses
2025-05-08 14:41:04,426 - eth-streams - INFO - Monitoring 0 unique addresses
2025-05-08 14:41:04,427 - eth-streams - INFO - Detected 0 high-activity addresses
2025-05-08 14:41:17,094 - eth-streams - INFO - Monitoring 0 unique addresses
2025-05-08 14:41:17,095 - eth-streams - INFO - Detected 0 high-activity addresses
2025-05-08 14:41:34,428 - eth-streams - INFO - Monitoring 0 unique addresses
2025-05-08 14:41:34,430 - eth-streams - INFO - Detected 0 high-activity addresses
2025-05-08 14:41:47,101 - eth-streams - INFO - Monitoring 0 unique addresses
2025-05-08 14:41:47,102 - eth-streams - INFO - Detected 0 high-activity addresses
2025-05-08 14:42:04,432 - eth-streams - INFO - Monitoring 0 unique addresses
2025-05-08 14:42:04,433 - eth-streams - INFO - Detected 0 high-activity addresses
2025-05-08 14:42:17,108 - eth-streams - INFO - Monitoring 0 unique addresses
2025-05-08 14:42:17,109 - eth-streams - INFO - Detected 0 high-activity addresses
2025-05-08 14:42:34,441 - eth-streams - INFO - Monitoring 0 unique addresses
2025-05-08 14:42:34,442 - eth-streams - INFO - Detected 0 high-activity addresses
2025-05-08 14:42:47,112 - eth-streams - INFO - Monitoring 0 unique addresses
2025-05-08 14:42:47,113 - eth-streams - INFO - Detected 0 high-activity addresses
2025-05-08 14:43:04,444 - eth-streams - INFO - Monitoring 0 unique addresses
2025-05-08 14:43:04,445 - eth-streams - INFO - Detected 0 high-activity addresses
2025-05-08 14:43:17,120 - eth-streams - INFO - Monitoring 0 unique addresses
2025-05-08 14:43:17,121 - eth-streams - INFO - Detected 0 high-activity addresses
2025-05-08 14:43:34,448 - eth-streams - INFO - Monitoring 0 unique addresses
2025-05-08 14:43:34,450 - eth-streams - INFO - Detected 0 high-activity addresses
2025-05-08 14:43:47,126 - eth-streams - INFO - Monitoring 0 unique addresses
2025-05-08 14:43:47,126 - eth-streams - INFO - Detected 0 high-activity addresses
2025-05-08 14:44:04,454 - eth-streams - INFO - Monitoring 0 unique addresses
2025-05-08 14:44:04,455 - eth-streams - INFO - Detected 0 high-activity addresses
2025-05-08 14:44:17,131 - eth-streams - INFO - Monitoring 0 unique addresses
2025-05-08 14:44:17,133 - eth-streams - INFO - Detected 0 high-activity addresses
2025-05-08 14:44:34,461 - eth-streams - INFO - Monitoring 0 unique addresses
2025-05-08 14:44:34,462 - eth-streams - INFO - Detected 0 high-activity addresses
2025-05-08 14:44:47,134 - eth-streams - INFO - Monitoring 0 unique addresses
2025-05-08 14:44:47,135 - eth-streams - INFO - Detected 0 high-activity addresses
2025-05-08 14:45:04,463 - eth-streams - INFO - Monitoring 0 unique addresses
2025-05-08 14:45:04,464 - eth-streams - INFO - Detected 0 high-activity addresses
2025-05-08 14:45:17,136 - eth-streams - INFO - Monitoring 0 unique addresses
2025-05-08 14:45:17,137 - eth-streams - INFO - Detected 0 high-activity addresses
2025-05-08 14:45:34,467 - eth-streams - INFO - Monitoring 0 unique addresses
2025-05-08 14:45:34,468 - eth-streams - INFO - Detected 0 high-activity addresses
2025-05-08 14:45:47,143 - eth-streams - INFO - Monitoring 0 unique addresses
2025-05-08 14:45:47,145 - eth-streams - INFO - Detected 0 high-activity addresses
2025-05-08 14:46:04,473 - eth-streams - INFO - Monitoring 0 unique addresses
2025-05-08 14:46:04,474 - eth-streams - INFO - Detected 0 high-activity addresses
2025-05-08 14:46:17,146 - eth-streams - INFO - Monitoring 0 unique addresses
2025-05-08 14:46:17,147 - eth-streams - INFO - Detected 0 high-activity addresses
2025-05-08 14:46:34,480 - eth-streams - INFO - Monitoring 0 unique addresses
2025-05-08 14:46:34,481 - eth-streams - INFO - Detected 0 high-activity addresses
2025-05-08 14:46:47,154 - eth-streams - INFO - Monitoring 0 unique addresses
2025-05-08 14:46:47,154 - eth-streams - INFO - Detected 0 high-activity addresses
2025-05-08 14:47:04,484 - eth-streams - INFO - Monitoring 0 unique addresses
2025-05-08 14:47:04,486 - eth-streams - INFO - Detected 0 high-activity addresses
2025-05-08 14:47:17,158 - eth-streams - INFO - Monitoring 0 unique addresses
2025-05-08 14:47:17,158 - eth-streams - INFO - Detected 0 high-activity addresses
2025-05-08 14:47:33,093 - eth-streams - INFO - Starting Ethereum stream processor...
2025-05-08 14:47:33,095 - eth-streams - INFO - Starting transaction stream processor
2025-05-08 14:47:33,095 - eth-streams - INFO - Monitoring 0 unique addresses
2025-05-08 14:47:33,095 - eth-streams - INFO - Detected 0 high-activity addresses
2025-05-08 14:47:34,487 - eth-streams - INFO - Monitoring 0 unique addresses
2025-05-08 14:47:34,487 - eth-streams - INFO - Detected 0 high-activity addresses
2025-05-08 14:47:47,159 - eth-streams - INFO - Monitoring 0 unique addresses
2025-05-08 14:47:47,160 - eth-streams - INFO - Detected 0 high-activity addresses
2025-05-08 14:48:03,099 - eth-streams - INFO - Monitoring 0 unique addresses
2025-05-08 14:48:03,100 - eth-streams - INFO - Detected 0 high-activity addresses
2025-05-08 14:48:04,494 - eth-streams - INFO - Monitoring 0 unique addresses
2025-05-08 14:48:04,496 - eth-streams - INFO - Detected 0 high-activity addresses
2025-05-08 14:48:17,178 - eth-streams - INFO - Monitoring 0 unique addresses
2025-05-08 14:48:17,233 - eth-streams - INFO - Detected 0 high-activity addresses
2025-05-08 14:48:33,104 - eth-streams - INFO - Monitoring 0 unique addresses
2025-05-08 14:48:33,107 - eth-streams - INFO - Detected 0 high-activity addresses
2025-05-08 14:48:34,497 - eth-streams - INFO - Monitoring 0 unique addresses
2025-05-08 14:48:34,498 - eth-streams - INFO - Detected 0 high-activity addresses
2025-05-08 14:48:47,236 - eth-streams - INFO - Monitoring 0 unique addresses
2025-05-08 14:48:47,238 - eth-streams - INFO - Detected 0 high-activity addresses
2025-05-08 14:49:03,112 - eth-streams - INFO - Monitoring 0 unique addresses
2025-05-08 14:49:03,118 - eth-streams - INFO - Detected 0 high-activity addresses
2025-05-08 14:49:04,505 - eth-streams - INFO - Monitoring 0 unique addresses
2025-05-08 14:49:04,505 - eth-streams - INFO - Detected 0 high-activity addresses
2025-05-08 14:49:17,244 - eth-streams - INFO - Monitoring 0 unique addresses
2025-05-08 14:49:17,245 - eth-streams - INFO - Detected 0 high-activity addresses
2025-05-08 14:49:25,158 - eth-streams - INFO - Starting Ethereum stream processor...
2025-05-08 14:49:25,159 - eth-streams - INFO - Starting transaction stream processor
2025-05-08 14:49:25,159 - eth-streams - INFO - Monitoring 0 unique addresses
2025-05-08 14:49:25,159 - eth-streams - INFO - Detected 0 high-activity addresses
2025-05-08 14:49:33,120 - eth-streams - INFO - Monitoring 0 unique addresses
2025-05-08 14:49:33,122 - eth-streams - INFO - Detected 0 high-activity addresses
2025-05-08 14:49:34,507 - eth-streams - INFO - Monitoring 0 unique addresses
2025-05-08 14:49:34,509 - eth-streams - INFO - Detected 0 high-activity addresses
2025-05-08 14:49:47,251 - eth-streams - INFO - Monitoring 0 unique addresses
2025-05-08 14:49:47,253 - eth-streams - INFO - Detected 0 high-activity addresses
2025-05-08 14:49:55,164 - eth-streams - INFO - Monitoring 540 unique addresses
2025-05-08 14:49:55,165 - eth-streams - INFO - Detected 1 high-activity addresses
2025-05-08 14:50:03,128 - eth-streams - INFO - Monitoring 0 unique addresses
2025-05-08 14:50:03,130 - eth-streams - INFO - Detected 0 high-activity addresses
2025-05-08 14:50:04,516 - eth-streams - INFO - Monitoring 0 unique addresses
2025-05-08 14:50:04,517 - eth-streams - INFO - Detected 0 high-activity addresses
2025-05-08 14:50:17,256 - eth-streams - INFO - Monitoring 0 unique addresses
2025-05-08 14:50:17,258 - eth-streams - INFO - Detected 0 high-activity addresses
2025-05-08 14:50:25,167 - eth-streams - INFO - Monitoring 1162 unique addresses
2025-05-08 14:50:25,167 - eth-streams - INFO - Detected 24 high-activity addresses
2025-05-08 14:50:33,135 - eth-streams - INFO - Monitoring 0 unique addresses
2025-05-08 14:50:33,137 - eth-streams - INFO - Detected 0 high-activity addresses
2025-05-08 14:50:34,524 - eth-streams - INFO - Monitoring 0 unique addresses
2025-05-08 14:50:34,525 - eth-streams - INFO - Detected 0 high-activity addresses
2025-05-08 14:50:47,263 - eth-streams - INFO - Monitoring 0 unique addresses
2025-05-08 14:50:47,265 - eth-streams - INFO - Detected 0 high-activity addresses
2025-05-08 14:50:55,173 - eth-streams - INFO - Monitoring 1548 unique addresses
2025-05-08 14:50:55,174 - eth-streams - INFO - Detected 36 high-activity addresses
2025-05-08 14:51:03,141 - eth-streams - INFO - Monitoring 0 unique addresses
2025-05-08 14:51:03,142 - eth-streams - INFO - Detected 0 high-activity addresses
2025-05-08 14:51:04,527 - eth-streams - INFO - Monitoring 0 unique addresses
2025-05-08 14:51:04,527 - eth-streams - INFO - Detected 0 high-activity addresses
2025-05-08 14:51:17,271 - eth-streams - INFO - Monitoring 0 unique addresses
2025-05-08 14:51:17,274 - eth-streams - INFO - Detected 0 high-activity addresses
2025-05-08 14:51:25,175 - eth-streams - INFO - Monitoring 2053 unique addresses
2025-05-08 14:51:25,176 - eth-streams - INFO - Detected 55 high-activity addresses
2025-05-08 14:51:33,145 - eth-streams - INFO - Monitoring 0 unique addresses
2025-05-08 14:51:33,147 - eth-streams - INFO - Detected 0 high-activity addresses
2025-05-08 14:51:34,530 - eth-streams - INFO - Monitoring 0 unique addresses
2025-05-08 14:51:34,531 - eth-streams - INFO - Detected 0 high-activity addresses
2025-05-08 14:51:47,276 - eth-streams - INFO - Monitoring 0 unique addresses
2025-05-08 14:51:47,278 - eth-streams - INFO - Detected 0 high-activity addresses
2025-05-08 14:51:55,178 - eth-streams - INFO - Monitoring 2544 unique addresses
2025-05-08 14:51:55,179 - eth-streams - INFO - Detected 71 high-activity addresses
2025-05-08 14:52:03,153 - eth-streams - INFO - Monitoring 0 unique addresses
2025-05-08 14:52:03,154 - eth-streams - INFO - Detected 0 high-activity addresses
2025-05-08 14:52:04,536 - eth-streams - INFO - Monitoring 0 unique addresses
2025-05-08 14:52:04,537 - eth-streams - INFO - Detected 0 high-activity addresses
2025-05-08 14:52:17,279 - eth-streams - INFO - Monitoring 0 unique addresses
2025-05-08 14:52:17,280 - eth-streams - INFO - Detected 0 high-activity addresses
2025-05-08 14:52:25,180 - eth-streams - INFO - Monitoring 2834 unique addresses
2025-05-08 14:52:25,180 - eth-streams - INFO - Detected 82 high-activity addresses
2025-05-08 14:52:33,157 - eth-streams - INFO - Monitoring 0 unique addresses
2025-05-08 14:52:33,158 - eth-streams - INFO - Detected 0 high-activity addresses
2025-05-08 14:52:34,543 - eth-streams - INFO - Monitoring 0 unique addresses
2025-05-08 14:52:34,543 - eth-streams - INFO - Detected 0 high-activity addresses
2025-05-08 14:52:47,286 - eth-streams - INFO - Monitoring 0 unique addresses
2025-05-08 14:52:47,287 - eth-streams - INFO - Detected 0 high-activity addresses
2025-05-08 14:52:55,182 - eth-streams - INFO - Monitoring 3120 unique addresses
2025-05-08 14:52:55,182 - eth-streams - INFO - Detected 97 high-activity addresses
2025-05-08 14:53:03,204 - eth-streams - INFO - Monitoring 0 unique addresses
2025-05-08 14:53:03,222 - eth-streams - INFO - Detected 0 high-activity addresses
2025-05-08 14:53:04,545 - eth-streams - INFO - Monitoring 0 unique addresses
2025-05-08 14:53:04,546 - eth-streams - INFO - Detected 0 high-activity addresses
2025-05-08 14:53:17,292 - eth-streams - INFO - Monitoring 0 unique addresses
2025-05-08 14:53:17,293 - eth-streams - INFO - Detected 0 high-activity addresses
2025-05-08 14:53:25,183 - eth-streams - INFO - Monitoring 3551 unique addresses
2025-05-08 14:53:25,184 - eth-streams - INFO - Detected 114 high-activity addresses
2025-05-08 14:53:33,223 - eth-streams - INFO - Monitoring 0 unique addresses
2025-05-08 14:53:33,225 - eth-streams - INFO - Detected 0 high-activity addresses
2025-05-08 14:53:34,551 - eth-streams - INFO - Monitoring 0 unique addresses
2025-05-08 14:53:34,552 - eth-streams - INFO - Detected 0 high-activity addresses
2025-05-08 14:53:40,230 - eth-streams - INFO - Shutting down stream processor...
2025-05-08 14:53:40,429 - eth-streams - INFO - Transactions consumer closed
2025-05-08 14:53:40,430 - eth-streams - INFO - Producer flushed and closed
2025-05-08 14:53:47,295 - eth-streams - INFO - Monitoring 0 unique addresses
2025-05-08 14:53:47,296 - eth-streams - INFO - Detected 0 high-activity addresses
2025-05-08 14:53:50,922 - eth-streams - INFO - Starting Ethereum stream processor...
2025-05-08 14:53:50,922 - eth-streams - INFO - Starting transaction stream processor
2025-05-08 14:53:50,922 - eth-streams - INFO - Monitoring 0 unique addresses
2025-05-08 14:53:50,922 - eth-streams - INFO - Detected 0 high-activity addresses
2025-05-08 14:54:03,230 - eth-streams - INFO - Monitoring 0 unique addresses
2025-05-08 14:54:03,231 - eth-streams - INFO - Detected 0 high-activity addresses
2025-05-08 14:54:04,557 - eth-streams - INFO - Monitoring 0 unique addresses
2025-05-08 14:54:04,558 - eth-streams - INFO - Detected 0 high-activity addresses
2025-05-08 14:54:17,297 - eth-streams - INFO - Monitoring 0 unique addresses
2025-05-08 14:54:17,298 - eth-streams - INFO - Detected 0 high-activity addresses
2025-05-08 14:54:20,730 - eth-streams - INFO - Shutting down stream processor...
2025-05-08 14:54:20,931 - eth-streams - INFO - Transactions consumer closed
2025-05-08 14:54:20,931 - eth-streams - INFO - Producer flushed and closed
2025-05-08 14:54:33,234 - eth-streams - INFO - Monitoring 0 unique addresses
2025-05-08 14:54:33,235 - eth-streams - INFO - Detected 0 high-activity addresses
2025-05-08 14:54:34,561 - eth-streams - INFO - Monitoring 0 unique addresses
2025-05-08 14:54:34,562 - eth-streams - INFO - Detected 0 high-activity addresses
2025-05-08 14:54:47,304 - eth-streams - INFO - Monitoring 0 unique addresses
2025-05-08 14:54:47,305 - eth-streams - INFO - Detected 0 high-activity addresses
2025-05-08 14:55:03,242 - eth-streams - INFO - Monitoring 0 unique addresses
2025-05-08 14:55:03,245 - eth-streams - INFO - Detected 0 high-activity addresses
2025-05-08 14:55:04,565 - eth-streams - INFO - Monitoring 0 unique addresses
2025-05-08 14:55:04,585 - eth-streams - INFO - Detected 0 high-activity addresses
2025-05-08 14:55:17,312 - eth-streams - INFO - Monitoring 0 unique addresses
2025-05-08 14:55:17,312 - eth-streams - INFO - Detected 0 high-activity addresses
2025-05-08 14:55:33,302 - eth-streams - INFO - Monitoring 0 unique addresses
2025-05-08 14:55:33,304 - eth-streams - INFO - Detected 0 high-activity addresses
2025-05-08 14:55:34,588 - eth-streams - INFO - Monitoring 0 unique addresses
2025-05-08 14:55:34,589 - eth-streams - INFO - Detected 0 high-activity addresses
2025-05-08 14:55:47,316 - eth-streams - INFO - Monitoring 0 unique addresses
2025-05-08 14:55:47,317 - eth-streams - INFO - Detected 0 high-activity addresses
2025-05-08 14:56:03,310 - eth-streams - INFO - Monitoring 0 unique addresses
2025-05-08 14:56:03,311 - eth-streams - INFO - Detected 0 high-activity addresses
2025-05-08 14:56:04,591 - eth-streams - INFO - Monitoring 0 unique addresses
2025-05-08 14:56:04,592 - eth-streams - INFO - Detected 0 high-activity addresses
2025-05-08 14:56:17,323 - eth-streams - INFO - Monitoring 0 unique addresses
2025-05-08 14:56:17,325 - eth-streams - INFO - Detected 0 high-activity addresses
2025-05-08 14:56:33,313 - eth-streams - INFO - Monitoring 0 unique addresses
2025-05-08 14:56:33,314 - eth-streams - INFO - Detected 0 high-activity addresses
2025-05-08 14:56:34,598 - eth-streams - INFO - Monitoring 0 unique addresses
2025-05-08 14:56:34,599 - eth-streams - INFO - Detected 0 high-activity addresses
2025-05-08 14:56:47,331 - eth-streams - INFO - Monitoring 0 unique addresses
2025-05-08 14:56:47,332 - eth-streams - INFO - Detected 0 high-activity addresses
2025-05-08 14:57:03,321 - eth-streams - INFO - Monitoring 0 unique addresses
2025-05-08 14:57:03,322 - eth-streams - INFO - Detected 0 high-activity addresses
2025-05-08 14:57:04,606 - eth-streams - INFO - Monitoring 0 unique addresses
2025-05-08 14:57:04,607 - eth-streams - INFO - Detected 0 high-activity addresses
2025-05-08 14:57:17,337 - eth-streams - INFO - Monitoring 0 unique addresses
2025-05-08 14:57:17,338 - eth-streams - INFO - Detected 0 high-activity addresses
2025-05-08 14:57:33,324 - eth-streams - INFO - Monitoring 0 unique addresses
2025-05-08 14:57:33,324 - eth-streams - INFO - Detected 0 high-activity addresses
2025-05-08 14:57:34,608 - eth-streams - INFO - Monitoring 0 unique addresses
2025-05-08 14:57:34,614 - eth-streams - INFO - Detected 0 high-activity addresses
2025-05-08 14:57:47,344 - eth-streams - INFO - Monitoring 0 unique addresses
2025-05-08 14:57:47,346 - eth-streams - INFO - Detected 0 high-activity addresses
2025-05-08 14:58:03,325 - eth-streams - INFO - Monitoring 0 unique addresses
2025-05-08 14:58:03,327 - eth-streams - INFO - Detected 0 high-activity addresses
2025-05-08 14:58:04,619 - eth-streams - INFO - Monitoring 0 unique addresses
2025-05-08 14:58:04,620 - eth-streams - INFO - Detected 0 high-activity addresses
2025-05-08 14:58:17,350 - eth-streams - INFO - Monitoring 0 unique addresses
2025-05-08 14:58:17,351 - eth-streams - INFO - Detected 0 high-activity addresses
2025-05-08 14:58:33,382 - eth-streams - INFO - Monitoring 0 unique addresses
2025-05-08 14:58:33,388 - eth-streams - INFO - Detected 0 high-activity addresses
2025-05-08 14:58:34,624 - eth-streams - INFO - Monitoring 0 unique addresses
2025-05-08 14:58:34,625 - eth-streams - INFO - Detected 0 high-activity addresses
2025-05-08 14:58:47,512 - eth-streams - INFO - Monitoring 0 unique addresses
2025-05-08 14:58:47,512 - eth-streams - INFO - Detected 0 high-activity addresses
2025-05-08 14:59:03,391 - eth-streams - INFO - Monitoring 0 unique addresses
2025-05-08 14:59:03,392 - eth-streams - INFO - Detected 0 high-activity addresses
2025-05-08 14:59:04,626 - eth-streams - INFO - Monitoring 0 unique addresses
2025-05-08 14:59:04,627 - eth-streams - INFO - Detected 0 high-activity addresses
2025-05-08 14:59:17,528 - eth-streams - INFO - Monitoring 0 unique addresses
2025-05-08 14:59:17,529 - eth-streams - INFO - Detected 0 high-activity addresses
2025-05-08 14:59:33,397 - eth-streams - INFO - Monitoring 0 unique addresses
2025-05-08 14:59:33,398 - eth-streams - INFO - Detected 0 high-activity addresses
2025-05-08 14:59:34,633 - eth-streams - INFO - Monitoring 0 unique addresses
2025-05-08 14:59:34,633 - eth-streams - INFO - Detected 0 high-activity addresses
2025-05-08 14:59:47,531 - eth-streams - INFO - Monitoring 0 unique addresses
2025-05-08 14:59:47,531 - eth-streams - INFO - Detected 0 high-activity addresses
2025-05-08 15:00:03,404 - eth-streams - INFO - Monitoring 0 unique addresses
2025-05-08 15:00:03,405 - eth-streams - INFO - Detected 0 high-activity addresses
2025-05-08 15:00:04,637 - eth-streams - INFO - Monitoring 0 unique addresses
2025-05-08 15:00:04,638 - eth-streams - INFO - Detected 0 high-activity addresses
2025-05-08 15:00:17,534 - eth-streams - INFO - Monitoring 0 unique addresses
2025-05-08 15:00:17,535 - eth-streams - INFO - Detected 0 high-activity addresses
2025-05-08 15:00:33,406 - eth-streams - INFO - Monitoring 0 unique addresses
2025-05-08 15:00:33,407 - eth-streams - INFO - Detected 0 high-activity addresses
2025-05-08 15:00:34,645 - eth-streams - INFO - Monitoring 0 unique addresses
2025-05-08 15:00:34,646 - eth-streams - INFO - Detected 0 high-activity addresses
2025-05-08 15:00:47,542 - eth-streams - INFO - Monitoring 0 unique addresses
2025-05-08 15:00:47,544 - eth-streams - INFO - Detected 0 high-activity addresses
2025-05-08 15:01:03,413 - eth-streams - INFO - Monitoring 0 unique addresses
2025-05-08 15:01:03,414 - eth-streams - INFO - Detected 0 high-activity addresses
2025-05-08 15:01:04,657 - eth-streams - INFO - Monitoring 0 unique addresses
2025-05-08 15:01:04,662 - eth-streams - INFO - Detected 0 high-activity addresses
2025-05-08 15:01:17,551 - eth-streams - INFO - Monitoring 0 unique addresses
2025-05-08 15:01:17,551 - eth-streams - INFO - Detected 0 high-activity addresses
2025-05-08 15:01:33,418 - eth-streams - INFO - Monitoring 0 unique addresses
2025-05-08 15:01:33,420 - eth-streams - INFO - Detected 0 high-activity addresses
2025-05-08 15:01:34,668 - eth-streams - INFO - Monitoring 0 unique addresses
2025-05-08 15:01:34,669 - eth-streams - INFO - Detected 0 high-activity addresses
2025-05-08 15:01:47,562 - eth-streams - INFO - Monitoring 0 unique addresses
2025-05-08 15:01:47,583 - eth-streams - INFO - Detected 0 high-activity addresses
2025-05-08 15:02:03,423 - eth-streams - INFO - Monitoring 0 unique addresses
2025-05-08 15:02:03,424 - eth-streams - INFO - Detected 0 high-activity addresses
2025-05-08 15:02:04,682 - eth-streams - INFO - Monitoring 0 unique addresses
2025-05-08 15:02:04,685 - eth-streams - INFO - Detected 0 high-activity addresses
2025-05-08 15:02:17,584 - eth-streams - INFO - Monitoring 0 unique addresses
2025-05-08 15:02:17,585 - eth-streams - INFO - Detected 0 high-activity addresses
2025-05-08 15:02:33,430 - eth-streams - INFO - Monitoring 0 unique addresses
2025-05-08 15:02:33,431 - eth-streams - INFO - Detected 0 high-activity addresses
2025-05-08 15:02:34,691 - eth-streams - INFO - Monitoring 0 unique addresses
2025-05-08 15:02:34,692 - eth-streams - INFO - Detected 0 high-activity addresses
2025-05-08 15:02:47,588 - eth-streams - INFO - Monitoring 0 unique addresses
2025-05-08 15:02:47,589 - eth-streams - INFO - Detected 0 high-activity addresses
2025-05-08 15:03:03,434 - eth-streams - INFO - Monitoring 0 unique addresses
2025-05-08 15:03:03,434 - eth-streams - INFO - Detected 0 high-activity addresses
2025-05-08 15:03:04,696 - eth-streams - INFO - Monitoring 0 unique addresses
2025-05-08 15:03:04,697 - eth-streams - INFO - Detected 0 high-activity addresses
2025-05-08 15:03:17,593 - eth-streams - INFO - Monitoring 0 unique addresses
2025-05-08 15:03:17,594 - eth-streams - INFO - Detected 0 high-activity addresses
2025-05-08 15:03:33,436 - eth-streams - INFO - Monitoring 0 unique addresses
2025-05-08 15:03:33,437 - eth-streams - INFO - Detected 0 high-activity addresses
2025-05-08 15:03:34,700 - eth-streams - INFO - Monitoring 0 unique addresses
2025-05-08 15:03:34,702 - eth-streams - INFO - Detected 0 high-activity addresses
2025-05-08 15:03:47,600 - eth-streams - INFO - Monitoring 0 unique addresses
2025-05-08 15:03:47,602 - eth-streams - INFO - Detected 0 high-activity addresses
2025-05-08 15:04:03,439 - eth-streams - INFO - Monitoring 0 unique addresses
2025-05-08 15:04:03,439 - eth-streams - INFO - Detected 0 high-activity addresses
2025-05-08 15:04:04,705 - eth-streams - INFO - Monitoring 0 unique addresses
2025-05-08 15:04:04,706 - eth-streams - INFO - Detected 0 high-activity addresses
2025-05-08 15:04:17,605 - eth-streams - INFO - Monitoring 0 unique addresses
2025-05-08 15:04:17,608 - eth-streams - INFO - Detected 0 high-activity addresses
2025-05-08 15:04:33,441 - eth-streams - INFO - Monitoring 0 unique addresses
2025-05-08 15:04:33,443 - eth-streams - INFO - Detected 0 high-activity addresses
2025-05-08 15:04:34,708 - eth-streams - INFO - Monitoring 0 unique addresses
2025-05-08 15:04:34,708 - eth-streams - INFO - Detected 0 high-activity addresses
2025-05-08 15:04:47,614 - eth-streams - INFO - Monitoring 0 unique addresses
2025-05-08 15:04:47,616 - eth-streams - INFO - Detected 0 high-activity addresses
2025-05-08 15:05:03,449 - eth-streams - INFO - Monitoring 0 unique addresses
2025-05-08 15:05:03,450 - eth-streams - INFO - Detected 0 high-activity addresses
2025-05-08 15:05:04,710 - eth-streams - INFO - Monitoring 0 unique addresses
2025-05-08 15:05:04,714 - eth-streams - INFO - Detected 0 high-activity addresses
2025-05-08 15:05:17,622 - eth-streams - INFO - Monitoring 0 unique addresses
2025-05-08 15:05:17,627 - eth-streams - INFO - Detected 0 high-activity addresses
2025-05-08 15:05:33,456 - eth-streams - INFO - Monitoring 0 unique addresses
2025-05-08 15:05:33,457 - eth-streams - INFO - Detected 0 high-activity addresses
2025-05-08 15:05:34,718 - eth-streams - INFO - Monitoring 0 unique addresses
2025-05-08 15:05:34,719 - eth-streams - INFO - Detected 0 high-activity addresses
2025-05-08 15:05:47,631 - eth-streams - INFO - Monitoring 0 unique addresses
2025-05-08 15:05:47,633 - eth-streams - INFO - Detected 0 high-activity addresses
2025-05-08 15:06:03,462 - eth-streams - INFO - Monitoring 0 unique addresses
2025-05-08 15:06:03,463 - eth-streams - INFO - Detected 0 high-activity addresses
2025-05-08 15:06:04,721 - eth-streams - INFO - Monitoring 0 unique addresses
2025-05-08 15:06:04,722 - eth-streams - INFO - Detected 0 high-activity addresses
2025-05-08 15:06:17,634 - eth-streams - INFO - Monitoring 0 unique addresses
2025-05-08 15:06:17,635 - eth-streams - INFO - Detected 0 high-activity addresses
2025-05-08 15:06:33,466 - eth-streams - INFO - Monitoring 0 unique addresses
2025-05-08 15:06:33,467 - eth-streams - INFO - Detected 0 high-activity addresses
2025-05-08 15:06:34,725 - eth-streams - INFO - Monitoring 0 unique addresses
2025-05-08 15:06:34,725 - eth-streams - INFO - Detected 0 high-activity addresses
2025-05-08 15:06:47,641 - eth-streams - INFO - Monitoring 0 unique addresses
2025-05-08 15:06:47,643 - eth-streams - INFO - Detected 0 high-activity addresses
2025-05-08 15:07:03,472 - eth-streams - INFO - Monitoring 0 unique addresses
2025-05-08 15:07:03,473 - eth-streams - INFO - Detected 0 high-activity addresses
2025-05-08 15:07:04,727 - eth-streams - INFO - Monitoring 0 unique addresses
2025-05-08 15:07:04,729 - eth-streams - INFO - Detected 0 high-activity addresses
2025-05-08 15:07:17,644 - eth-streams - INFO - Monitoring 0 unique addresses
2025-05-08 15:07:17,645 - eth-streams - INFO - Detected 0 high-activity addresses
2025-05-08 15:07:33,476 - eth-streams - INFO - Monitoring 0 unique addresses
2025-05-08 15:07:33,476 - eth-streams - INFO - Detected 0 high-activity addresses
2025-05-08 15:07:34,735 - eth-streams - INFO - Monitoring 0 unique addresses
2025-05-08 15:07:34,736 - eth-streams - INFO - Detected 0 high-activity addresses
2025-05-08 15:07:47,650 - eth-streams - INFO - Monitoring 0 unique addresses
2025-05-08 15:07:47,662 - eth-streams - INFO - Detected 0 high-activity addresses
2025-05-08 15:08:03,480 - eth-streams - INFO - Monitoring 0 unique addresses
2025-05-08 15:08:03,482 - eth-streams - INFO - Detected 0 high-activity addresses
2025-05-08 15:08:04,740 - eth-streams - INFO - Monitoring 0 unique addresses
2025-05-08 15:08:04,740 - eth-streams - INFO - Detected 0 high-activity addresses
2025-05-08 15:08:17,666 - eth-streams - INFO - Monitoring 0 unique addresses
2025-05-08 15:08:17,668 - eth-streams - INFO - Detected 0 high-activity addresses
2025-05-08 15:08:33,483 - eth-streams - INFO - Monitoring 0 unique addresses
2025-05-08 15:08:33,485 - eth-streams - INFO - Detected 0 high-activity addresses
2025-05-08 15:08:34,743 - eth-streams - INFO - Monitoring 0 unique addresses
2025-05-08 15:08:34,743 - eth-streams - INFO - Detected 0 high-activity addresses
2025-05-08 15:08:47,672 - eth-streams - INFO - Monitoring 0 unique addresses
2025-05-08 15:08:47,673 - eth-streams - INFO - Detected 0 high-activity addresses
2025-05-08 15:09:03,489 - eth-streams - INFO - Monitoring 0 unique addresses
2025-05-08 15:09:03,491 - eth-streams - INFO - Detected 0 high-activity addresses
2025-05-08 15:09:04,749 - eth-streams - INFO - Monitoring 0 unique addresses
2025-05-08 15:09:04,752 - eth-streams - INFO - Detected 0 high-activity addresses
2025-05-08 15:09:17,679 - eth-streams - INFO - Monitoring 0 unique addresses
2025-05-08 15:09:17,680 - eth-streams - INFO - Detected 0 high-activity addresses
2025-05-08 15:09:33,497 - eth-streams - INFO - Monitoring 0 unique addresses
2025-05-08 15:09:33,498 - eth-streams - INFO - Detected 0 high-activity addresses
2025-05-08 15:09:34,755 - eth-streams - INFO - Monitoring 0 unique addresses
2025-05-08 15:09:34,756 - eth-streams - INFO - Detected 0 high-activity addresses
2025-05-08 15:09:47,687 - eth-streams - INFO - Monitoring 0 unique addresses
2025-05-08 15:09:47,691 - eth-streams - INFO - Detected 0 high-activity addresses
2025-05-08 15:10:03,504 - eth-streams - INFO - Monitoring 0 unique addresses
2025-05-08 15:10:03,505 - eth-streams - INFO - Detected 0 high-activity addresses
2025-05-08 15:10:04,757 - eth-streams - INFO - Monitoring 0 unique addresses
2025-05-08 15:10:04,758 - eth-streams - INFO - Detected 0 high-activity addresses
2025-05-08 15:10:17,699 - eth-streams - INFO - Monitoring 0 unique addresses
2025-05-08 15:10:17,704 - eth-streams - INFO - Detected 0 high-activity addresses
2025-05-08 15:10:33,507 - eth-streams - INFO - Monitoring 0 unique addresses
2025-05-08 15:10:33,507 - eth-streams - INFO - Detected 0 high-activity addresses
2025-05-08 15:10:34,759 - eth-streams - INFO - Monitoring 0 unique addresses
2025-05-08 15:10:34,760 - eth-streams - INFO - Detected 0 high-activity addresses
2025-05-08 15:10:47,710 - eth-streams - INFO - Monitoring 0 unique addresses
2025-05-08 15:10:47,712 - eth-streams - INFO - Detected 0 high-activity addresses
2025-05-08 15:11:03,513 - eth-streams - INFO - Monitoring 0 unique addresses
2025-05-08 15:11:03,514 - eth-streams - INFO - Detected 0 high-activity addresses
2025-05-08 15:11:04,765 - eth-streams - INFO - Monitoring 0 unique addresses
2025-05-08 15:11:04,772 - eth-streams - INFO - Detected 0 high-activity addresses
2025-05-08 15:11:17,715 - eth-streams - INFO - Monitoring 0 unique addresses
2025-05-08 15:11:17,716 - eth-streams - INFO - Detected 0 high-activity addresses
2025-05-08 15:11:33,518 - eth-streams - INFO - Monitoring 0 unique addresses
2025-05-08 15:11:33,519 - eth-streams - INFO - Detected 0 high-activity addresses
2025-05-08 15:11:34,777 - eth-streams - INFO - Monitoring 0 unique addresses
2025-05-08 15:11:34,780 - eth-streams - INFO - Detected 0 high-activity addresses
2025-05-08 15:11:47,718 - eth-streams - INFO - Monitoring 0 unique addresses
2025-05-08 15:11:47,719 - eth-streams - INFO - Detected 0 high-activity addresses
2025-05-08 15:12:03,522 - eth-streams - INFO - Monitoring 0 unique addresses
2025-05-08 15:12:03,523 - eth-streams - INFO - Detected 0 high-activity addresses
2025-05-08 15:12:04,784 - eth-streams - INFO - Monitoring 0 unique addresses
2025-05-08 15:12:04,786 - eth-streams - INFO - Detected 0 high-activity addresses
2025-05-08 15:12:17,724 - eth-streams - INFO - Monitoring 0 unique addresses
2025-05-08 15:12:17,728 - eth-streams - INFO - Detected 0 high-activity addresses
2025-05-08 15:12:33,528 - eth-streams - INFO - Monitoring 0 unique addresses
2025-05-08 15:12:33,531 - eth-streams - INFO - Detected 0 high-activity addresses
2025-05-08 15:12:34,794 - eth-streams - INFO - Monitoring 0 unique addresses
2025-05-08 15:12:34,797 - eth-streams - INFO - Detected 0 high-activity addresses
2025-05-08 15:12:47,731 - eth-streams - INFO - Monitoring 0 unique addresses
2025-05-08 15:12:47,733 - eth-streams - INFO - Detected 0 high-activity addresses
2025-05-08 15:13:03,533 - eth-streams - INFO - Monitoring 0 unique addresses
2025-05-08 15:13:03,534 - eth-streams - INFO - Detected 0 high-activity addresses
2025-05-08 15:13:04,799 - eth-streams - INFO - Monitoring 0 unique addresses
2025-05-08 15:13:04,800 - eth-streams - INFO - Detected 0 high-activity addresses
2025-05-08 15:13:17,734 - eth-streams - INFO - Monitoring 0 unique addresses
2025-05-08 15:13:17,735 - eth-streams - INFO - Detected 0 high-activity addresses
2025-05-08 15:13:33,541 - eth-streams - INFO - Monitoring 0 unique addresses
2025-05-08 15:13:33,542 - eth-streams - INFO - Detected 0 high-activity addresses
2025-05-08 15:13:34,806 - eth-streams - INFO - Monitoring 0 unique addresses
2025-05-08 15:13:34,807 - eth-streams - INFO - Detected 0 high-activity addresses
2025-05-08 15:13:47,741 - eth-streams - INFO - Monitoring 0 unique addresses
2025-05-08 15:13:47,742 - eth-streams - INFO - Detected 0 high-activity addresses
2025-05-08 15:14:03,548 - eth-streams - INFO - Monitoring 0 unique addresses
2025-05-08 15:14:03,549 - eth-streams - INFO - Detected 0 high-activity addresses
2025-05-08 15:14:04,810 - eth-streams - INFO - Monitoring 0 unique addresses
2025-05-08 15:14:04,811 - eth-streams - INFO - Detected 0 high-activity addresses
2025-05-08 15:14:17,810 - eth-streams - INFO - Monitoring 0 unique addresses
2025-05-08 15:14:17,821 - eth-streams - INFO - Detected 0 high-activity addresses
2025-05-08 15:14:33,554 - eth-streams - INFO - Monitoring 0 unique addresses
2025-05-08 15:14:33,555 - eth-streams - INFO - Detected 0 high-activity addresses
2025-05-08 15:14:34,819 - eth-streams - INFO - Monitoring 0 unique addresses
2025-05-08 15:14:34,821 - eth-streams - INFO - Detected 0 high-activity addresses
2025-05-08 15:14:47,826 - eth-streams - INFO - Monitoring 0 unique addresses
2025-05-08 15:14:47,827 - eth-streams - INFO - Detected 0 high-activity addresses
2025-05-08 15:15:03,557 - eth-streams - INFO - Monitoring 0 unique addresses
2025-05-08 15:15:03,558 - eth-streams - INFO - Detected 0 high-activity addresses
2025-05-08 15:15:04,822 - eth-streams - INFO - Monitoring 0 unique addresses
2025-05-08 15:15:04,823 - eth-streams - INFO - Detected 0 high-activity addresses
2025-05-08 15:15:17,840 - eth-streams - INFO - Monitoring 0 unique addresses
2025-05-08 15:15:17,842 - eth-streams - INFO - Detected 0 high-activity addresses
2025-05-08 15:15:33,559 - eth-streams - INFO - Monitoring 0 unique addresses
2025-05-08 15:15:33,561 - eth-streams - INFO - Detected 0 high-activity addresses
2025-05-08 15:15:34,824 - eth-streams - INFO - Monitoring 0 unique addresses
2025-05-08 15:15:34,826 - eth-streams - INFO - Detected 0 high-activity addresses
2025-05-08 15:15:47,849 - eth-streams - INFO - Monitoring 0 unique addresses
2025-05-08 15:15:47,852 - eth-streams - INFO - Detected 0 high-activity addresses
2025-05-08 15:16:03,563 - eth-streams - INFO - Monitoring 0 unique addresses
2025-05-08 15:16:03,563 - eth-streams - INFO - Detected 0 high-activity addresses
2025-05-08 15:16:04,831 - eth-streams - INFO - Monitoring 0 unique addresses
2025-05-08 15:16:04,849 - eth-streams - INFO - Detected 0 high-activity addresses
2025-05-08 15:16:17,858 - eth-streams - INFO - Monitoring 0 unique addresses
2025-05-08 15:16:17,859 - eth-streams - INFO - Detected 0 high-activity addresses
2025-05-08 15:16:33,566 - eth-streams - INFO - Monitoring 0 unique addresses
2025-05-08 15:16:33,566 - eth-streams - INFO - Detected 0 high-activity addresses
2025-05-08 15:16:34,854 - eth-streams - INFO - Monitoring 0 unique addresses
2025-05-08 15:16:34,854 - eth-streams - INFO - Detected 0 high-activity addresses
2025-05-08 15:16:47,863 - eth-streams - INFO - Monitoring 0 unique addresses
2025-05-08 15:16:47,864 - eth-streams - INFO - Detected 0 high-activity addresses
2025-05-08 15:17:03,571 - eth-streams - INFO - Monitoring 0 unique addresses
2025-05-08 15:17:03,571 - eth-streams - INFO - Detected 0 high-activity addresses
2025-05-08 15:17:04,859 - eth-streams - INFO - Monitoring 0 unique addresses
2025-05-08 15:17:04,862 - eth-streams - INFO - Detected 0 high-activity addresses
2025-05-08 15:17:17,869 - eth-streams - INFO - Monitoring 0 unique addresses
2025-05-08 15:17:17,869 - eth-streams - INFO - Detected 0 high-activity addresses
2025-05-08 15:17:33,572 - eth-streams - INFO - Monitoring 0 unique addresses
2025-05-08 15:17:33,573 - eth-streams - INFO - Detected 0 high-activity addresses
2025-05-08 15:17:34,867 - eth-streams - INFO - Monitoring 0 unique addresses
2025-05-08 15:17:34,868 - eth-streams - INFO - Detected 0 high-activity addresses
2025-05-08 15:17:47,870 - eth-streams - INFO - Monitoring 0 unique addresses
2025-05-08 15:17:47,871 - eth-streams - INFO - Detected 0 high-activity addresses
2025-05-08 15:18:03,577 - eth-streams - INFO - Monitoring 0 unique addresses
2025-05-08 15:18:03,578 - eth-streams - INFO - Detected 0 high-activity addresses
2025-05-08 15:18:04,872 - eth-streams - INFO - Monitoring 0 unique addresses
2025-05-08 15:18:04,873 - eth-streams - INFO - Detected 0 high-activity addresses
2025-05-08 15:18:17,873 - eth-streams - INFO - Monitoring 0 unique addresses
2025-05-08 15:18:17,874 - eth-streams - INFO - Detected 0 high-activity addresses
2025-05-08 15:18:33,583 - eth-streams - INFO - Monitoring 0 unique addresses
2025-05-08 15:18:33,586 - eth-streams - INFO - Detected 0 high-activity addresses
2025-05-08 15:18:34,879 - eth-streams - INFO - Monitoring 0 unique addresses
2025-05-08 15:18:34,881 - eth-streams - INFO - Detected 0 high-activity addresses
2025-05-08 15:18:47,883 - eth-streams - INFO - Monitoring 0 unique addresses
2025-05-08 15:18:47,884 - eth-streams - INFO - Detected 0 high-activity addresses
2025-05-08 15:19:03,591 - eth-streams - INFO - Monitoring 0 unique addresses
2025-05-08 15:19:03,592 - eth-streams - INFO - Detected 0 high-activity addresses
2025-05-08 15:19:04,886 - eth-streams - INFO - Monitoring 0 unique addresses
2025-05-08 15:19:04,887 - eth-streams - INFO - Detected 0 high-activity addresses
2025-05-08 15:19:17,891 - eth-streams - INFO - Monitoring 0 unique addresses
2025-05-08 15:19:17,892 - eth-streams - INFO - Detected 0 high-activity addresses
2025-05-08 15:19:33,593 - eth-streams - INFO - Monitoring 0 unique addresses
2025-05-08 15:19:33,593 - eth-streams - INFO - Detected 0 high-activity addresses
2025-05-08 15:19:34,890 - eth-streams - INFO - Monitoring 0 unique addresses
2025-05-08 15:19:34,891 - eth-streams - INFO - Detected 0 high-activity addresses
2025-05-08 15:19:47,898 - eth-streams - INFO - Monitoring 0 unique addresses
2025-05-08 15:19:47,899 - eth-streams - INFO - Detected 0 high-activity addresses
2025-05-08 15:20:03,596 - eth-streams - INFO - Monitoring 0 unique addresses
2025-05-08 15:20:03,597 - eth-streams - INFO - Detected 0 high-activity addresses
2025-05-08 15:20:04,897 - eth-streams - INFO - Monitoring 0 unique addresses
2025-05-08 15:20:04,898 - eth-streams - INFO - Detected 0 high-activity addresses
2025-05-08 15:20:17,905 - eth-streams - INFO - Monitoring 0 unique addresses
2025-05-08 15:20:17,906 - eth-streams - INFO - Detected 0 high-activity addresses
2025-05-08 15:20:33,602 - eth-streams - INFO - Monitoring 0 unique addresses
2025-05-08 15:20:33,604 - eth-streams - INFO - Detected 0 high-activity addresses
2025-05-08 15:20:34,904 - eth-streams - INFO - Monitoring 0 unique addresses
2025-05-08 15:20:34,905 - eth-streams - INFO - Detected 0 high-activity addresses
2025-05-08 15:20:47,912 - eth-streams - INFO - Monitoring 0 unique addresses
2025-05-08 15:20:47,913 - eth-streams - INFO - Detected 0 high-activity addresses
2025-05-08 15:21:03,607 - eth-streams - INFO - Monitoring 0 unique addresses
2025-05-08 15:21:03,608 - eth-streams - INFO - Detected 0 high-activity addresses
2025-05-08 15:21:04,909 - eth-streams - INFO - Monitoring 0 unique addresses
2025-05-08 15:21:04,910 - eth-streams - INFO - Detected 0 high-activity addresses
2025-05-08 15:21:17,915 - eth-streams - INFO - Monitoring 0 unique addresses
2025-05-08 15:21:17,916 - eth-streams - INFO - Detected 0 high-activity addresses
2025-05-08 15:21:33,614 - eth-streams - INFO - Monitoring 0 unique addresses
2025-05-08 15:21:33,615 - eth-streams - INFO - Detected 0 high-activity addresses
2025-05-08 15:21:34,912 - eth-streams - INFO - Monitoring 0 unique addresses
2025-05-08 15:21:34,912 - eth-streams - INFO - Detected 0 high-activity addresses
2025-05-08 15:21:47,921 - eth-streams - INFO - Monitoring 0 unique addresses
2025-05-08 15:21:47,921 - eth-streams - INFO - Detected 0 high-activity addresses
2025-05-08 15:22:03,616 - eth-streams - INFO - Monitoring 0 unique addresses
2025-05-08 15:22:03,617 - eth-streams - INFO - Detected 0 high-activity addresses
2025-05-08 15:22:04,916 - eth-streams - INFO - Monitoring 0 unique addresses
2025-05-08 15:22:04,916 - eth-streams - INFO - Detected 0 high-activity addresses
2025-05-08 15:22:17,923 - eth-streams - INFO - Monitoring 0 unique addresses
2025-05-08 15:22:17,923 - eth-streams - INFO - Detected 0 high-activity addresses
2025-05-08 15:22:33,624 - eth-streams - INFO - Monitoring 0 unique addresses
2025-05-08 15:22:33,625 - eth-streams - INFO - Detected 0 high-activity addresses
2025-05-08 15:22:34,918 - eth-streams - INFO - Monitoring 0 unique addresses
2025-05-08 15:22:34,919 - eth-streams - INFO - Detected 0 high-activity addresses
2025-05-08 15:22:47,927 - eth-streams - INFO - Monitoring 0 unique addresses
2025-05-08 15:22:47,931 - eth-streams - INFO - Detected 0 high-activity addresses
2025-05-08 15:23:03,631 - eth-streams - INFO - Monitoring 0 unique addresses
2025-05-08 15:23:03,633 - eth-streams - INFO - Detected 0 high-activity addresses
2025-05-08 15:23:04,924 - eth-streams - INFO - Monitoring 0 unique addresses
2025-05-08 15:23:04,925 - eth-streams - INFO - Detected 0 high-activity addresses
2025-05-08 15:23:17,932 - eth-streams - INFO - Monitoring 0 unique addresses
2025-05-08 15:23:17,933 - eth-streams - INFO - Detected 0 high-activity addresses
2025-05-08 15:23:33,641 - eth-streams - INFO - Monitoring 0 unique addresses
2025-05-08 15:23:33,643 - eth-streams - INFO - Detected 0 high-activity addresses
2025-05-08 15:23:34,930 - eth-streams - INFO - Monitoring 0 unique addresses
2025-05-08 15:23:34,931 - eth-streams - INFO - Detected 0 high-activity addresses
2025-05-08 15:23:47,934 - eth-streams - INFO - Monitoring 0 unique addresses
2025-05-08 15:23:47,936 - eth-streams - INFO - Detected 0 high-activity addresses
2025-05-08 15:24:03,646 - eth-streams - INFO - Monitoring 0 unique addresses
2025-05-08 15:24:03,648 - eth-streams - INFO - Detected 0 high-activity addresses
2025-05-08 15:24:04,936 - eth-streams - INFO - Monitoring 0 unique addresses
2025-05-08 15:24:04,936 - eth-streams - INFO - Detected 0 high-activity addresses
2025-05-08 15:24:17,942 - eth-streams - INFO - Monitoring 0 unique addresses
2025-05-08 15:24:17,943 - eth-streams - INFO - Detected 0 high-activity addresses
2025-05-08 15:24:33,654 - eth-streams - INFO - Monitoring 0 unique addresses
2025-05-08 15:24:33,655 - eth-streams - INFO - Detected 0 high-activity addresses
2025-05-08 15:24:34,957 - eth-streams - INFO - Monitoring 0 unique addresses
2025-05-08 15:24:34,960 - eth-streams - INFO - Detected 0 high-activity addresses
2025-05-08 15:24:47,944 - eth-streams - INFO - Monitoring 0 unique addresses
2025-05-08 15:24:47,945 - eth-streams - INFO - Detected 0 high-activity addresses
2025-05-08 15:25:03,660 - eth-streams - INFO - Monitoring 0 unique addresses
2025-05-08 15:25:03,662 - eth-streams - INFO - Detected 0 high-activity addresses
2025-05-08 15:25:04,964 - eth-streams - INFO - Monitoring 0 unique addresses
2025-05-08 15:25:04,965 - eth-streams - INFO - Detected 0 high-activity addresses
2025-05-08 15:25:17,949 - eth-streams - INFO - Monitoring 0 unique addresses
2025-05-08 15:25:17,950 - eth-streams - INFO - Detected 0 high-activity addresses
2025-05-08 15:25:33,664 - eth-streams - INFO - Monitoring 0 unique addresses
2025-05-08 15:25:33,665 - eth-streams - INFO - Detected 0 high-activity addresses
2025-05-08 15:25:34,970 - eth-streams - INFO - Monitoring 0 unique addresses
2025-05-08 15:25:34,972 - eth-streams - INFO - Detected 0 high-activity addresses
2025-05-08 15:25:47,952 - eth-streams - INFO - Monitoring 0 unique addresses
2025-05-08 15:25:47,957 - eth-streams - INFO - Detected 0 high-activity addresses
2025-05-08 15:26:03,673 - eth-streams - INFO - Monitoring 0 unique addresses
2025-05-08 15:26:03,676 - eth-streams - INFO - Detected 0 high-activity addresses
2025-05-08 15:26:04,977 - eth-streams - INFO - Monitoring 0 unique addresses
2025-05-08 15:26:04,979 - eth-streams - INFO - Detected 0 high-activity addresses
2025-05-08 15:26:17,967 - eth-streams - INFO - Monitoring 0 unique addresses
2025-05-08 15:26:17,974 - eth-streams - INFO - Detected 0 high-activity addresses
2025-05-08 15:26:33,678 - eth-streams - INFO - Monitoring 0 unique addresses
2025-05-08 15:26:33,681 - eth-streams - INFO - Detected 0 high-activity addresses
2025-05-08 15:26:34,981 - eth-streams - INFO - Monitoring 0 unique addresses
2025-05-08 15:26:34,982 - eth-streams - INFO - Detected 0 high-activity addresses
2025-05-08 15:26:47,976 - eth-streams - INFO - Monitoring 0 unique addresses
2025-05-08 15:26:47,978 - eth-streams - INFO - Detected 0 high-activity addresses
2025-05-08 15:27:03,686 - eth-streams - INFO - Monitoring 0 unique addresses
2025-05-08 15:27:03,688 - eth-streams - INFO - Detected 0 high-activity addresses
2025-05-08 15:27:04,983 - eth-streams - INFO - Monitoring 0 unique addresses
2025-05-08 15:27:04,983 - eth-streams - INFO - Detected 0 high-activity addresses
2025-05-08 15:27:17,982 - eth-streams - INFO - Monitoring 0 unique addresses
2025-05-08 15:27:17,983 - eth-streams - INFO - Detected 0 high-activity addresses
2025-05-08 15:27:33,690 - eth-streams - INFO - Monitoring 0 unique addresses
2025-05-08 15:27:33,692 - eth-streams - INFO - Detected 0 high-activity addresses
2025-05-08 15:27:34,985 - eth-streams - INFO - Monitoring 0 unique addresses
2025-05-08 15:27:34,986 - eth-streams - INFO - Detected 0 high-activity addresses
2025-05-08 15:27:47,989 - eth-streams - INFO - Monitoring 0 unique addresses
2025-05-08 15:27:47,990 - eth-streams - INFO - Detected 0 high-activity addresses
2025-05-08 15:28:03,695 - eth-streams - INFO - Monitoring 0 unique addresses
2025-05-08 15:28:03,697 - eth-streams - INFO - Detected 0 high-activity addresses
2025-05-08 15:28:04,992 - eth-streams - INFO - Monitoring 0 unique addresses
2025-05-08 15:28:04,994 - eth-streams - INFO - Detected 0 high-activity addresses
2025-05-08 15:28:17,993 - eth-streams - INFO - Monitoring 0 unique addresses
2025-05-08 15:28:17,995 - eth-streams - INFO - Detected 0 high-activity addresses
2025-05-08 15:28:33,705 - eth-streams - INFO - Monitoring 0 unique addresses
2025-05-08 15:28:33,706 - eth-streams - INFO - Detected 0 high-activity addresses
2025-05-08 15:28:34,999 - eth-streams - INFO - Monitoring 0 unique addresses
2025-05-08 15:28:35,002 - eth-streams - INFO - Detected 0 high-activity addresses
2025-05-08 15:28:47,997 - eth-streams - INFO - Monitoring 0 unique addresses
2025-05-08 15:28:47,998 - eth-streams - INFO - Detected 0 high-activity addresses
2025-05-08 15:29:03,709 - eth-streams - INFO - Monitoring 0 unique addresses
2025-05-08 15:29:03,711 - eth-streams - INFO - Detected 0 high-activity addresses
2025-05-08 15:29:05,007 - eth-streams - INFO - Monitoring 0 unique addresses
2025-05-08 15:29:05,014 - eth-streams - INFO - Detected 0 high-activity addresses
2025-05-08 15:29:17,999 - eth-streams - INFO - Monitoring 0 unique addresses
2025-05-08 15:29:18,000 - eth-streams - INFO - Detected 0 high-activity addresses
2025-05-08 15:29:33,713 - eth-streams - INFO - Monitoring 0 unique addresses
2025-05-08 15:29:33,715 - eth-streams - INFO - Detected 0 high-activity addresses
2025-05-08 15:29:35,020 - eth-streams - INFO - Monitoring 0 unique addresses
2025-05-08 15:29:35,022 - eth-streams - INFO - Detected 0 high-activity addresses
2025-05-08 15:29:48,003 - eth-streams - INFO - Monitoring 0 unique addresses
2025-05-08 15:29:48,004 - eth-streams - INFO - Detected 0 high-activity addresses
2025-05-08 15:30:03,721 - eth-streams - INFO - Monitoring 0 unique addresses
2025-05-08 15:30:03,723 - eth-streams - INFO - Detected 0 high-activity addresses
2025-05-08 15:30:05,028 - eth-streams - INFO - Monitoring 0 unique addresses
2025-05-08 15:30:05,029 - eth-streams - INFO - Detected 0 high-activity addresses
2025-05-08 15:30:18,006 - eth-streams - INFO - Monitoring 0 unique addresses
2025-05-08 15:30:18,008 - eth-streams - INFO - Detected 0 high-activity addresses
2025-05-08 15:30:33,729 - eth-streams - INFO - Monitoring 0 unique addresses
2025-05-08 15:30:33,731 - eth-streams - INFO - Detected 0 high-activity addresses
2025-05-08 15:30:35,032 - eth-streams - INFO - Monitoring 0 unique addresses
2025-05-08 15:30:35,033 - eth-streams - INFO - Detected 0 high-activity addresses
2025-05-08 15:30:48,013 - eth-streams - INFO - Monitoring 0 unique addresses
2025-05-08 15:30:48,014 - eth-streams - INFO - Detected 0 high-activity addresses
2025-05-08 15:31:03,738 - eth-streams - INFO - Monitoring 0 unique addresses
2025-05-08 15:31:03,741 - eth-streams - INFO - Detected 0 high-activity addresses
2025-05-08 15:31:05,043 - eth-streams - INFO - Monitoring 0 unique addresses
2025-05-08 15:31:05,044 - eth-streams - INFO - Detected 0 high-activity addresses
2025-05-08 15:31:18,016 - eth-streams - INFO - Monitoring 0 unique addresses
2025-05-08 15:31:18,017 - eth-streams - INFO - Detected 0 high-activity addresses
2025-05-08 15:31:33,742 - eth-streams - INFO - Monitoring 0 unique addresses
2025-05-08 15:31:33,744 - eth-streams - INFO - Detected 0 high-activity addresses
2025-05-08 15:31:35,049 - eth-streams - INFO - Monitoring 0 unique addresses
2025-05-08 15:31:35,050 - eth-streams - INFO - Detected 0 high-activity addresses
2025-05-08 15:31:48,021 - eth-streams - INFO - Monitoring 0 unique addresses
2025-05-08 15:31:48,022 - eth-streams - INFO - Detected 0 high-activity addresses
2025-05-08 15:32:03,746 - eth-streams - INFO - Monitoring 0 unique addresses
2025-05-08 15:32:03,747 - eth-streams - INFO - Detected 0 high-activity addresses
2025-05-08 15:32:05,051 - eth-streams - INFO - Monitoring 0 unique addresses
2025-05-08 15:32:05,053 - eth-streams - INFO - Detected 0 high-activity addresses
2025-05-08 15:32:18,026 - eth-streams - INFO - Monitoring 0 unique addresses
2025-05-08 15:32:18,026 - eth-streams - INFO - Detected 0 high-activity addresses
2025-05-08 15:32:33,749 - eth-streams - INFO - Monitoring 0 unique addresses
2025-05-08 15:32:33,751 - eth-streams - INFO - Detected 0 high-activity addresses
2025-05-08 15:32:35,059 - eth-streams - INFO - Monitoring 0 unique addresses
2025-05-08 15:32:35,059 - eth-streams - INFO - Detected 0 high-activity addresses
2025-05-08 15:32:48,031 - eth-streams - INFO - Monitoring 0 unique addresses
2025-05-08 15:32:48,032 - eth-streams - INFO - Detected 0 high-activity addresses
2025-05-08 15:33:03,753 - eth-streams - INFO - Monitoring 0 unique addresses
2025-05-08 15:33:03,755 - eth-streams - INFO - Detected 0 high-activity addresses
2025-05-08 15:33:05,064 - eth-streams - INFO - Monitoring 0 unique addresses
2025-05-08 15:33:05,066 - eth-streams - INFO - Detected 0 high-activity addresses
2025-05-08 15:33:18,039 - eth-streams - INFO - Monitoring 0 unique addresses
2025-05-08 15:33:18,040 - eth-streams - INFO - Detected 0 high-activity addresses
2025-05-08 15:33:33,756 - eth-streams - INFO - Monitoring 0 unique addresses
2025-05-08 15:33:33,758 - eth-streams - INFO - Detected 0 high-activity addresses
2025-05-08 15:33:35,072 - eth-streams - INFO - Monitoring 0 unique addresses
2025-05-08 15:33:35,073 - eth-streams - INFO - Detected 0 high-activity addresses
2025-05-08 15:33:48,047 - eth-streams - INFO - Monitoring 0 unique addresses
2025-05-08 15:33:48,050 - eth-streams - INFO - Detected 0 high-activity addresses
2025-05-08 15:34:03,787 - eth-streams - INFO - Monitoring 0 unique addresses
2025-05-08 15:34:03,804 - eth-streams - INFO - Detected 0 high-activity addresses
2025-05-08 15:34:05,082 - eth-streams - INFO - Monitoring 0 unique addresses
2025-05-08 15:34:05,088 - eth-streams - INFO - Detected 0 high-activity addresses
2025-05-08 15:34:18,060 - eth-streams - INFO - Monitoring 0 unique addresses
2025-05-08 15:34:18,065 - eth-streams - INFO - Detected 0 high-activity addresses
2025-05-08 15:34:33,809 - eth-streams - INFO - Monitoring 0 unique addresses
2025-05-08 15:34:33,810 - eth-streams - INFO - Detected 0 high-activity addresses
2025-05-08 15:34:35,090 - eth-streams - INFO - Monitoring 0 unique addresses
2025-05-08 15:34:35,091 - eth-streams - INFO - Detected 0 high-activity addresses
