2025-05-08 14:47:35,053 - spark-streaming - INFO - Initializing Spark Streaming application
2025-05-08 14:47:49,713 - spark-streaming - INFO - Spark session created with application ID: local-1746690468618
2025-05-08 14:47:49,713 - spark-streaming - INFO - Starting to process transactions stream
2025-05-08 14:47:52,620 - spark-streaming - ERROR - Error in Spark Streaming: [UNRESOLVED_COLUMN.WITH_SUGGESTION] A column or function parameter with name `timestamp` cannot be resolved. Did you mean one of the following? [`from`, `gas`, `hash`, `input_data`, `to`].;
'EventTimeWatermark 'timestamp, 10 minutes
+- Project [transaction#23.hash AS hash#25, transaction#23.block_number AS block_number#26, transaction#23.block_hash AS block_hash#27, transaction#23.from AS from#28, transaction#23.to AS to#29, transaction#23.value AS value#30, transaction#23.value_wei AS value_wei#31, transaction#23.gas AS gas#32, transaction#23.gas_price AS gas_price#33, transaction#23.nonce AS nonce#34, transaction#23.input_data AS input_data#35, transaction#23.transaction_index AS transaction_index#36, transaction#23.is_contract_creation AS is_contract_creation#37, transaction#23.is_contract_call AS is_contract_call#38]
   +- Project [from_json(StructField(hash,StringType,true), StructField(block_number,IntegerType,true), StructField(block_hash,StringType,true), StructField(from,StringType,true), StructField(to,StringType,true), StructField(value,FloatType,true), StructField(value_wei,StringType,true), StructField(gas,IntegerType,true), StructField(gas_price,FloatType,true), StructField(nonce,IntegerType,true), StructField(input_data,StringType,true), StructField(transaction_index,IntegerType,true), StructField(is_contract_creation,BooleanType,true), StructField(is_contract_call,BooleanType,true), value#21, Some(Asia/Ho_Chi_Minh)) AS transaction#23]
      +- Project [cast(value#8 as string) AS value#21]
         +- StreamingRelationV2 org.apache.spark.sql.kafka010.KafkaSourceProvider@2296269b, kafka, org.apache.spark.sql.kafka010.KafkaSourceProvider$KafkaTable@696a5869, [startingOffsets=latest, kafka.bootstrap.servers=localhost:9092, subscribe=ethereum-transactions], [key#7, value#8, topic#9, partition#10, offset#11L, timestamp#12, timestampType#13], StreamingRelation DataSource(org.apache.spark.sql.SparkSession@268ec794,kafka,List(),None,List(),None,Map(kafka.bootstrap.servers -> localhost:9092, subscribe -> ethereum-transactions, startingOffsets -> latest),None), kafka, [key#0, value#1, topic#2, partition#3, offset#4L, timestamp#5, timestampType#6]

2025-05-08 14:48:13,253 - spark-streaming - INFO - Initializing Spark Streaming application
2025-05-08 14:48:17,468 - spark-streaming - INFO - Spark session created with application ID: local-1746690496101
2025-05-08 14:48:17,468 - spark-streaming - INFO - Starting to process transactions stream
2025-05-08 14:48:19,853 - spark-streaming - ERROR - Error in Spark Streaming: [UNRESOLVED_COLUMN.WITH_SUGGESTION] A column or function parameter with name `timestamp` cannot be resolved. Did you mean one of the following? [`from`, `gas`, `hash`, `input_data`, `to`].;
'EventTimeWatermark 'timestamp, 10 minutes
+- Project [transaction#23.hash AS hash#25, transaction#23.block_number AS block_number#26, transaction#23.block_hash AS block_hash#27, transaction#23.from AS from#28, transaction#23.to AS to#29, transaction#23.value AS value#30, transaction#23.value_wei AS value_wei#31, transaction#23.gas AS gas#32, transaction#23.gas_price AS gas_price#33, transaction#23.nonce AS nonce#34, transaction#23.input_data AS input_data#35, transaction#23.transaction_index AS transaction_index#36, transaction#23.is_contract_creation AS is_contract_creation#37, transaction#23.is_contract_call AS is_contract_call#38]
   +- Project [from_json(StructField(hash,StringType,true), StructField(block_number,IntegerType,true), StructField(block_hash,StringType,true), StructField(from,StringType,true), StructField(to,StringType,true), StructField(value,FloatType,true), StructField(value_wei,StringType,true), StructField(gas,IntegerType,true), StructField(gas_price,FloatType,true), StructField(nonce,IntegerType,true), StructField(input_data,StringType,true), StructField(transaction_index,IntegerType,true), StructField(is_contract_creation,BooleanType,true), StructField(is_contract_call,BooleanType,true), value#21, Some(Asia/Ho_Chi_Minh)) AS transaction#23]
      +- Project [cast(value#8 as string) AS value#21]
         +- StreamingRelationV2 org.apache.spark.sql.kafka010.KafkaSourceProvider@6007137f, kafka, org.apache.spark.sql.kafka010.KafkaSourceProvider$KafkaTable@38ef87e5, [startingOffsets=latest, kafka.bootstrap.servers=localhost:9092, subscribe=ethereum-transactions], [key#7, value#8, topic#9, partition#10, offset#11L, timestamp#12, timestampType#13], StreamingRelation DataSource(org.apache.spark.sql.SparkSession@69f11929,kafka,List(),None,List(),None,Map(kafka.bootstrap.servers -> localhost:9092, subscribe -> ethereum-transactions, startingOffsets -> latest),None), kafka, [key#0, value#1, topic#2, partition#3, offset#4L, timestamp#5, timestampType#6]

2025-05-08 14:50:56,154 - spark-streaming - INFO - Initializing Spark Streaming application
2025-05-08 14:50:59,769 - spark-streaming - INFO - Spark session created with application ID: local-1746690659156
2025-05-08 14:50:59,770 - spark-streaming - INFO - Starting to process transactions stream
2025-05-08 14:51:02,034 - spark-streaming - ERROR - Error in Spark Streaming: [UNRESOLVED_COLUMN.WITH_SUGGESTION] A column or function parameter with name `timestamp` cannot be resolved. Did you mean one of the following? [`from`, `gas`, `hash`, `input_data`, `to`].;
'EventTimeWatermark 'timestamp, 10 minutes
+- Project [transaction#23.hash AS hash#25, transaction#23.block_number AS block_number#26, transaction#23.block_hash AS block_hash#27, transaction#23.from AS from#28, transaction#23.to AS to#29, transaction#23.value AS value#30, transaction#23.value_wei AS value_wei#31, transaction#23.gas AS gas#32, transaction#23.gas_price AS gas_price#33, transaction#23.nonce AS nonce#34, transaction#23.input_data AS input_data#35, transaction#23.transaction_index AS transaction_index#36, transaction#23.is_contract_creation AS is_contract_creation#37, transaction#23.is_contract_call AS is_contract_call#38]
   +- Project [from_json(StructField(hash,StringType,true), StructField(block_number,IntegerType,true), StructField(block_hash,StringType,true), StructField(from,StringType,true), StructField(to,StringType,true), StructField(value,FloatType,true), StructField(value_wei,StringType,true), StructField(gas,IntegerType,true), StructField(gas_price,FloatType,true), StructField(nonce,IntegerType,true), StructField(input_data,StringType,true), StructField(transaction_index,IntegerType,true), StructField(is_contract_creation,BooleanType,true), StructField(is_contract_call,BooleanType,true), value#21, Some(Asia/Ho_Chi_Minh)) AS transaction#23]
      +- Project [cast(value#8 as string) AS value#21]
         +- StreamingRelationV2 org.apache.spark.sql.kafka010.KafkaSourceProvider@6b00a6d, kafka, org.apache.spark.sql.kafka010.KafkaSourceProvider$KafkaTable@49b7e2fc, [startingOffsets=latest, kafka.bootstrap.servers=localhost:9092, subscribe=ethereum-transactions], [key#7, value#8, topic#9, partition#10, offset#11L, timestamp#12, timestampType#13], StreamingRelation DataSource(org.apache.spark.sql.SparkSession@130f742d,kafka,List(),None,List(),None,Map(kafka.bootstrap.servers -> localhost:9092, subscribe -> ethereum-transactions, startingOffsets -> latest),None), kafka, [key#0, value#1, topic#2, partition#3, offset#4L, timestamp#5, timestampType#6]

2025-05-08 14:54:23,708 - spark-streaming - INFO - Initializing Spark Streaming application
2025-05-08 14:54:27,063 - spark-streaming - INFO - Spark session created with application ID: local-1746690866461
2025-05-08 14:54:27,063 - spark-streaming - INFO - Starting to process transactions stream
2025-05-08 14:54:29,011 - spark-streaming - ERROR - Error in Spark Streaming: Data source csv does not support Complete output mode.
