Initial data in PostgreSQL:
-- customers table:
 id |        name        |           email           |          created_at           
----+--------------------+---------------------------+-------------------------------
  1 | John Doe           | john.doe@example.com      | 2025-05-08 04:31:06.758363+00
  2 | Jane Smith         | jane.smith@example.com    | 2025-05-08 04:31:06.758363+00
  3 | Bob Johnson        | bob.johnson@example.com   | 2025-05-08 04:31:06.758363+00
  4 | Alice Brown        | alice.brown@example.com   | 2025-05-08 04:31:06.758363+00
  5 | Charlie Davis      | charlie.davis@example.com | 2025-05-08 04:31:06.758363+00
  6 | Data Flow Customer | dataflow@example.com      | 2025-05-08 04:41:05.009488+00
(6 rows)

-- products table:
 id |        name         |                 description                 |  price  | inventory |          created_at           
----+---------------------+---------------------------------------------+---------+-----------+-------------------------------
  1 | Smartphone          | Latest smartphone with advanced features    |  799.99 |        50 | 2025-05-08 04:31:06.759086+00
  2 | Laptop              | High-performance laptop for professionals   | 1299.99 |        30 | 2025-05-08 04:31:06.759086+00
  3 | Wireless Headphones | Noise-cancelling wireless headphones        |  199.99 |       100 | 2025-05-08 04:31:06.759086+00
  4 | Smart Watch         | Fitness and health tracking smartwatch      |  249.99 |        75 | 2025-05-08 04:31:06.759086+00
  5 | Tablet              | Lightweight tablet with long battery life   |  349.99 |        45 | 2025-05-08 04:31:06.759086+00
  6 | Bluetooth Speaker   | Portable bluetooth speaker with great sound |   79.99 |       120 | 2025-05-08 04:31:06.759086+00
  7 | Gaming Console      | Next-generation gaming console              |  499.99 |        25 | 2025-05-08 04:31:06.759086+00
  8 | Digital Camera      | Professional digital camera                 |  699.99 |        15 | 2025-05-08 04:31:06.759086+00
(8 rows)

-- orders table:
 id | customer_id | total_amount |   status   |          created_at           
----+-------------+--------------+------------+-------------------------------
  1 |           1 |      1099.98 | completed  | 2025-05-08 04:31:06.759589+00
  2 |           2 |       349.99 | processing | 2025-05-08 04:31:06.759589+00
  3 |           3 |       699.99 | completed  | 2025-05-08 04:31:06.759589+00
  4 |           4 |       279.98 | completed  | 2025-05-08 04:31:06.759589+00
  5 |           5 |      1799.98 | processing | 2025-05-08 04:31:06.759589+00
  6 |           1 |       499.99 | pending    | 2025-05-08 04:31:06.759589+00
(6 rows)

----------------------------------------
INSERT 0 1
