2025-05-08 12:24:58,564 - kafka.conn - INFO - <BrokerConnection client_id=kafka-python-2.2.4, node_id=bootstrap-0 host=localhost:9092 <connecting> [IPv6 ('::1', 9092, 0, 0)]>: connecting to localhost:9092 [('::1', 9092, 0, 0) IPv6]
2025-05-08 12:24:58,568 - kafka.conn - INFO - <BrokerConnection client_id=kafka-python-2.2.4, node_id=bootstrap-0 host=localhost:9092 <checking_api_versions_recv> [IPv6 ('::1', 9092, 0, 0)]>: Broker version identified as 2.6
2025-05-08 12:24:58,568 - kafka.conn - INFO - <BrokerConnection client_id=kafka-python-2.2.4, node_id=bootstrap-0 host=localhost:9092 <connected> [IPv6 ('::1', 9092, 0, 0)]>: Connection complete.
2025-05-08 12:24:58,569 - kafka.consumer.subscription_state - INFO - Updating subscribed topics to: ('sensor-data',)
2025-05-08 12:24:58,569 - sensor-consumer - INFO - Successfully connected to Kafka consumer
2025-05-08 12:24:58,570 - kafka.conn - INFO - <BrokerConnection client_id=kafka-python-producer-1, node_id=bootstrap-0 host=localhost:9092 <connecting> [IPv6 ('::1', 9092, 0, 0)]>: connecting to localhost:9092 [('::1', 9092, 0, 0) IPv6]
2025-05-08 12:24:58,574 - kafka.conn - INFO - <BrokerConnection client_id=kafka-python-producer-1, node_id=bootstrap-0 host=localhost:9092 <checking_api_versions_recv> [IPv6 ('::1', 9092, 0, 0)]>: Broker version identified as 2.6
2025-05-08 12:24:58,574 - kafka.conn - INFO - <BrokerConnection client_id=kafka-python-producer-1, node_id=bootstrap-0 host=localhost:9092 <connected> [IPv6 ('::1', 9092, 0, 0)]>: Connection complete.
2025-05-08 12:24:58,575 - sensor-consumer - INFO - Successfully connected to Kafka DLQ producer
2025-05-08 12:24:58,575 - sensor-consumer - INFO - Starting to listen for records from 'sensor-data' topic...
2025-05-08 12:24:58,578 - kafka.conn - INFO - <BrokerConnection client_id=kafka-python-2.2.4, node_id=1001 host=localhost:9092 <connecting> [IPv6 ('::1', 9092, 0, 0)]>: connecting to localhost:9092 [('::1', 9092, 0, 0) IPv6]
2025-05-08 12:24:58,678 - kafka.conn - INFO - <BrokerConnection client_id=kafka-python-2.2.4, node_id=1001 host=localhost:9092 <connected> [IPv6 ('::1', 9092, 0, 0)]>: Connection complete.
2025-05-08 12:24:58,678 - kafka.conn - INFO - <BrokerConnection client_id=kafka-python-2.2.4, node_id=bootstrap-0 host=localhost:9092 <connected> [IPv6 ('::1', 9092, 0, 0)]>: Closing connection. 
2025-05-08 12:24:58,783 - kafka.cluster - INFO - Coordinator for group/sensor-processing-group is BrokerMetadata(nodeId='coordinator-1001', host='localhost', port=9092, rack=None)
2025-05-08 12:24:58,784 - kafka.coordinator - INFO - Discovered coordinator coordinator-1001 for group sensor-processing-group
2025-05-08 12:24:58,784 - kafka.coordinator - INFO - Starting new heartbeat thread
2025-05-08 12:24:58,784 - kafka.coordinator.consumer - INFO - Revoking previously assigned partitions set() for group sensor-processing-group
2025-05-08 12:24:58,784 - kafka.conn - INFO - <BrokerConnection client_id=kafka-python-2.2.4, node_id=coordinator-1001 host=localhost:9092 <connecting> [IPv6 ('::1', 9092, 0, 0)]>: connecting to localhost:9092 [('::1', 9092, 0, 0) IPv6]
2025-05-08 12:24:58,888 - kafka.conn - INFO - <BrokerConnection client_id=kafka-python-2.2.4, node_id=coordinator-1001 host=localhost:9092 <connected> [IPv6 ('::1', 9092, 0, 0)]>: Connection complete.
2025-05-08 12:24:58,992 - kafka.coordinator - INFO - (Re-)joining group sensor-processing-group
2025-05-08 12:24:58,994 - kafka.coordinator - INFO - (Re-)joining group sensor-processing-group
2025-05-08 12:24:58,998 - kafka.coordinator - INFO - Elected group leader -- performing partition assignments using range
2025-05-08 12:24:59,002 - kafka.coordinator - INFO - Successfully joined group sensor-processing-group with generation 1
2025-05-08 12:24:59,002 - kafka.consumer.subscription_state - INFO - Updated partition assignment: [TopicPartition(topic='sensor-data', partition=0)]
2025-05-08 12:24:59,002 - kafka.coordinator.consumer - INFO - Setting newly assigned partitions {TopicPartition(topic='sensor-data', partition=0)} for group sensor-processing-group
2025-05-08 12:24:59,005 - kafka.consumer.fetcher - INFO - Resetting offset for partition TopicPartition(topic='sensor-data', partition=0) to offset 0.
2025-05-08 12:24:59,011 - kafka.conn - INFO - <BrokerConnection client_id=kafka-python-producer-1, node_id=1001 host=localhost:9092 <connecting> [IPv6 ('::1', 9092, 0, 0)]>: connecting to localhost:9092 [('::1', 9092, 0, 0) IPv6]
2025-05-08 12:24:59,011 - kafka.conn - INFO - <BrokerConnection client_id=kafka-python-producer-1, node_id=1001 host=localhost:9092 <connected> [IPv6 ('::1', 9092, 0, 0)]>: Connection complete.
2025-05-08 12:24:59,011 - kafka.conn - INFO - <BrokerConnection client_id=kafka-python-producer-1, node_id=bootstrap-0 host=localhost:9092 <connected> [IPv6 ('::1', 9092, 0, 0)]>: Closing connection. 
2025-05-08 12:24:59,014 - sensor-consumer - WARNING - Sent error record to DLQ: {'sensor_id': 1, 'temperature': 34.43, 'humidity': 59.27, 'timestamp': 1746681850.514267, '_validation_errors': ['Missing required field: status'], '_error_timestamp': '2025-05-08T12:24:59.010803'}
2025-05-08 12:24:59,014 - sensor-consumer - WARNING - Sent error record to DLQ: {'sensor_id': 1, 'temperature': 29.37, 'humidity': 31.43, 'timestamp': 1746681851.5194528, '_validation_errors': ['Missing required field: status'], '_error_timestamp': '2025-05-08T12:24:59.014759'}
2025-05-08 12:24:59,015 - sensor-consumer - WARNING - Sent error record to DLQ: {'sensor_id': 5, 'temperature': 25.96, 'humidity': 32.81, 'timestamp': 1746681853.5366862, '_validation_errors': ['Missing required field: status'], '_error_timestamp': '2025-05-08T12:24:59.015128'}
2025-05-08 12:24:59,015 - sensor-consumer - WARNING - Sent error record to DLQ: {'sensor_id': 3, 'temperature': 30.0, 'humidity': 52.41, 'timestamp': 1746681854.547265, '_validation_errors': ['Missing required field: status'], '_error_timestamp': '2025-05-08T12:24:59.015434'}
2025-05-08 12:24:59,015 - sensor-consumer - WARNING - Sent error record to DLQ: {'sensor_id': 5, 'temperature': 33.25, 'humidity': 39.13, 'timestamp': 1746681855.585367, '_validation_errors': ['Missing required field: status'], '_error_timestamp': '2025-05-08T12:24:59.015864'}
2025-05-08 12:24:59,016 - sensor-consumer - WARNING - Sent error record to DLQ: {'sensor_id': 2, 'temperature': 25.25, 'humidity': 60.44, 'timestamp': 1746681856.632111, '_validation_errors': ['Missing required field: status'], '_error_timestamp': '2025-05-08T12:24:59.016716'}
2025-05-08 12:24:59,016 - sensor-consumer - WARNING - Sent error record to DLQ: {'sensor_id': 3, 'temperature': 31.65, 'humidity': 69.34, 'timestamp': 1746681857.632737, '_validation_errors': ['Missing required field: status'], '_error_timestamp': '2025-05-08T12:24:59.016872'}
2025-05-08 12:24:59,018 - sensor-consumer - WARNING - Sent error record to DLQ: {'sensor_id': 5, 'temperature': 30.95, 'humidity': 34.04, 'timestamp': 1746681858.633046, '_validation_errors': ['Missing required field: status'], '_error_timestamp': '2025-05-08T12:24:59.017850'}
2025-05-08 12:24:59,018 - sensor-consumer - WARNING - Sent error record to DLQ: {'sensor_id': 3, 'temperature': 32.07, 'humidity': 44.26, 'timestamp': 1746681859.633497, '_validation_errors': ['Missing required field: status'], '_error_timestamp': '2025-05-08T12:24:59.018334'}
2025-05-08 12:24:59,018 - sensor-consumer - WARNING - Sent error record to DLQ: {'sensor_id': 4, 'temperature': 24.55, 'humidity': 69.73, 'timestamp': 1746681860.634548, '_validation_errors': ['Missing required field: status'], '_error_timestamp': '2025-05-08T12:24:59.018835'}
2025-05-08 12:24:59,019 - sensor-consumer - WARNING - Sent error record to DLQ: {'sensor_id': 3, 'temperature': 29.27, 'humidity': 39.61, 'timestamp': 1746681861.6355672, '_validation_errors': ['Missing required field: status'], '_error_timestamp': '2025-05-08T12:24:59.018956'}
2025-05-08 12:24:59,019 - sensor-consumer - WARNING - Sent error record to DLQ: {'sensor_id': 3, 'temperature': 23.92, 'humidity': 62.44, 'timestamp': 1746681862.639481, '_validation_errors': ['Missing required field: status'], '_error_timestamp': '2025-05-08T12:24:59.019077'}
2025-05-08 12:24:59,019 - sensor-consumer - WARNING - Sent error record to DLQ: {'sensor_id': 1, 'temperature': 28.44, 'humidity': 48.98, 'timestamp': 1746681863.639868, '_validation_errors': ['Missing required field: status'], '_error_timestamp': '2025-05-08T12:24:59.019184'}
2025-05-08 12:24:59,019 - sensor-consumer - WARNING - Sent error record to DLQ: {'sensor_id': 1, 'temperature': 20.92, 'humidity': 61.01, 'timestamp': 1746681864.645599, '_validation_errors': ['Missing required field: status'], '_error_timestamp': '2025-05-08T12:24:59.019319'}
2025-05-08 12:24:59,019 - sensor-consumer - WARNING - Sent error record to DLQ: {'sensor_id': 4, 'temperature': 26.9, 'humidity': 68.0, 'timestamp': 1746681852.531324, '_validation_errors': ['Missing required field: status'], '_error_timestamp': '2025-05-08T12:24:59.019707'}
2025-05-08 12:24:59,020 - sensor-consumer - WARNING - Sent error record to DLQ: {'sensor_id': 1, 'temperature': 33.84, 'humidity': 52.47, 'timestamp': 1746681865.651093, '_validation_errors': ['Missing required field: status'], '_error_timestamp': '2025-05-08T12:24:59.020913'}
2025-05-08 12:24:59,021 - sensor-consumer - WARNING - Sent error record to DLQ: {'sensor_id': 1, 'temperature': 32.98, 'humidity': 31.22, 'timestamp': 1746681866.656425, '_validation_errors': ['Missing required field: status'], '_error_timestamp': '2025-05-08T12:24:59.021052'}
2025-05-08 12:24:59,021 - sensor-consumer - WARNING - Sent error record to DLQ: {'sensor_id': 5, 'temperature': 28.61, 'humidity': 40.53, 'timestamp': 1746681867.662098, '_validation_errors': ['Missing required field: status'], '_error_timestamp': '2025-05-08T12:24:59.021648'}
2025-05-08 12:24:59,021 - sensor-consumer - WARNING - Sent error record to DLQ: {'sensor_id': 5, 'temperature': 33.55, 'humidity': 39.37, 'timestamp': 1746681850.74477, '_validation_errors': ['Missing required field: status'], '_error_timestamp': '2025-05-08T12:24:59.021786'}
2025-05-08 12:24:59,021 - sensor-consumer - WARNING - Sent error record to DLQ: {'sensor_id': 5, 'temperature': 29.09, 'humidity': 68.25, 'timestamp': 1746681851.747217, '_validation_errors': ['Missing required field: status'], '_error_timestamp': '2025-05-08T12:24:59.021883'}
2025-05-08 12:24:59,022 - sensor-consumer - WARNING - Sent error record to DLQ: {'sensor_id': 3, 'temperature': 26.79, 'humidity': 34.26, 'timestamp': 1746681852.749463, '_validation_errors': ['Missing required field: status'], '_error_timestamp': '2025-05-08T12:24:59.022473'}
2025-05-08 12:24:59,023 - sensor-consumer - WARNING - Sent error record to DLQ: {'sensor_id': 3, 'temperature': 30.07, 'humidity': 41.92, 'timestamp': 1746681853.7499719, '_validation_errors': ['Missing required field: status'], '_error_timestamp': '2025-05-08T12:24:59.023396'}
2025-05-08 12:24:59,024 - sensor-consumer - WARNING - Sent error record to DLQ: {'sensor_id': 5, 'temperature': 27.66, 'humidity': 62.78, 'timestamp': 1746681854.76461, '_validation_errors': ['Missing required field: status'], '_error_timestamp': '2025-05-08T12:24:59.024162'}
2025-05-08 12:24:59,024 - sensor-consumer - WARNING - Sent error record to DLQ: {'sensor_id': 1, 'temperature': 25.1, 'humidity': 49.54, 'timestamp': 1746681855.768345, '_validation_errors': ['Missing required field: status'], '_error_timestamp': '2025-05-08T12:24:59.024563'}
2025-05-08 12:24:59,024 - sensor-consumer - WARNING - Sent error record to DLQ: {'sensor_id': 4, 'temperature': 26.6, 'humidity': 57.71, 'timestamp': 1746681856.772678, '_validation_errors': ['Missing required field: status'], '_error_timestamp': '2025-05-08T12:24:59.024827'}
2025-05-08 12:24:59,025 - sensor-consumer - WARNING - Sent error record to DLQ: {'sensor_id': 1, 'temperature': 34.66, 'humidity': 50.34, 'timestamp': 1746681857.775358, '_validation_errors': ['Missing required field: status'], '_error_timestamp': '2025-05-08T12:24:59.025171'}
2025-05-08 12:24:59,025 - sensor-consumer - WARNING - Sent error record to DLQ: {'sensor_id': 5, 'temperature': 32.68, 'humidity': 37.75, 'timestamp': 1746681858.7756531, '_validation_errors': ['Missing required field: status'], '_error_timestamp': '2025-05-08T12:24:59.025375'}
2025-05-08 12:24:59,025 - sensor-consumer - WARNING - Sent error record to DLQ: {'sensor_id': 1, 'temperature': 26.08, 'humidity': 60.36, 'timestamp': 1746681859.776292, '_validation_errors': ['Missing required field: status'], '_error_timestamp': '2025-05-08T12:24:59.025485'}
2025-05-08 12:24:59,025 - sensor-consumer - WARNING - Sent error record to DLQ: {'sensor_id': 2, 'temperature': 32.67, 'humidity': 40.45, 'timestamp': 1746681860.776608, '_validation_errors': ['Missing required field: status'], '_error_timestamp': '2025-05-08T12:24:59.025557'}
2025-05-08 12:24:59,025 - sensor-consumer - WARNING - Sent error record to DLQ: {'sensor_id': 5, 'temperature': 27.6, 'humidity': 53.09, 'timestamp': 1746681861.780833, '_validation_errors': ['Missing required field: status'], '_error_timestamp': '2025-05-08T12:24:59.025637'}
2025-05-08 12:24:59,025 - sensor-consumer - WARNING - Sent error record to DLQ: {'sensor_id': 2, 'temperature': 26.14, 'humidity': 65.41, 'timestamp': 1746681862.781194, '_validation_errors': ['Missing required field: status'], '_error_timestamp': '2025-05-08T12:24:59.025743'}
2025-05-08 12:24:59,025 - sensor-consumer - WARNING - Sent error record to DLQ: {'sensor_id': 5, 'temperature': 26.44, 'humidity': 68.66, 'timestamp': 1746681863.781796, '_validation_errors': ['Missing required field: status'], '_error_timestamp': '2025-05-08T12:24:59.025895'}
2025-05-08 12:24:59,027 - sensor-consumer - WARNING - Sent error record to DLQ: {'sensor_id': 3, 'temperature': 32.76, 'humidity': 59.79, 'timestamp': 1746681864.783508, '_validation_errors': ['Missing required field: status'], '_error_timestamp': '2025-05-08T12:24:59.027546'}
2025-05-08 12:24:59,028 - sensor-consumer - WARNING - Sent error record to DLQ: {'sensor_id': 4, 'temperature': 30.55, 'humidity': 58.9, 'timestamp': 1746681865.7838411, '_validation_errors': ['Missing required field: status'], '_error_timestamp': '2025-05-08T12:24:59.027975'}
2025-05-08 12:24:59,029 - sensor-consumer - WARNING - Sent error record to DLQ: {'sensor_id': 3, 'temperature': 30.02, 'humidity': 45.71, 'timestamp': 1746681866.796897, '_validation_errors': ['Missing required field: status'], '_error_timestamp': '2025-05-08T12:24:59.029240'}
2025-05-08 12:24:59,030 - sensor-consumer - WARNING - Sent error record to DLQ: {'sensor_id': 4, 'temperature': 30.45, 'humidity': 38.95, 'timestamp': 1746681867.80225, '_validation_errors': ['Missing required field: status'], '_error_timestamp': '2025-05-08T12:24:59.029730'}
2025-05-08 12:24:59,030 - sensor-consumer - WARNING - Sent error record to DLQ: {'sensor_id': 3, 'temperature': 34.77, 'humidity': 45.46, 'timestamp': 1746681868.663504, '_validation_errors': ['Missing required field: status'], '_error_timestamp': '2025-05-08T12:24:59.030204'}
2025-05-08 12:24:59,030 - sensor-consumer - WARNING - Sent error record to DLQ: {'sensor_id': 2, 'temperature': 32.34, 'humidity': 34.29, 'timestamp': 1746681868.805769, '_validation_errors': ['Missing required field: status'], '_error_timestamp': '2025-05-08T12:24:59.030469'}
2025-05-08 12:24:59,031 - sensor-consumer - WARNING - Sent error record to DLQ: {'sensor_id': 5, 'temperature': 21.78, 'humidity': 39.53, 'timestamp': 1746681869.668767, '_validation_errors': ['Missing required field: status'], '_error_timestamp': '2025-05-08T12:24:59.030957'}
2025-05-08 12:24:59,031 - sensor-consumer - WARNING - Sent error record to DLQ: {'sensor_id': 1, 'temperature': 31.23, 'humidity': 45.18, 'timestamp': 1746681869.807633, '_validation_errors': ['Missing required field: status'], '_error_timestamp': '2025-05-08T12:24:59.031317'}
2025-05-08 12:24:59,034 - sensor-consumer - WARNING - Sent error record to DLQ: {'sensor_id': 2, 'temperature': 34.55, 'humidity': 42.19, 'timestamp': 1746681870.6716092, '_validation_errors': ['Missing required field: status'], '_error_timestamp': '2025-05-08T12:24:59.034290'}
2025-05-08 12:24:59,034 - sensor-consumer - WARNING - Sent error record to DLQ: {'sensor_id': 3, 'temperature': 31.05, 'humidity': 69.89, 'timestamp': 1746681870.810789, '_validation_errors': ['Missing required field: status'], '_error_timestamp': '2025-05-08T12:24:59.034722'}
2025-05-08 12:24:59,035 - sensor-consumer - WARNING - Sent error record to DLQ: {'sensor_id': 1, 'temperature': 26.19, 'humidity': 56.07, 'timestamp': 1746681871.672089, '_validation_errors': ['Missing required field: status'], '_error_timestamp': '2025-05-08T12:24:59.035032'}
2025-05-08 12:24:59,035 - sensor-consumer - WARNING - Sent error record to DLQ: {'sensor_id': 2, 'temperature': 33.15, 'humidity': 53.11, 'timestamp': 1746681871.8109949, '_validation_errors': ['Missing required field: status'], '_error_timestamp': '2025-05-08T12:24:59.035392'}
2025-05-08 12:24:59,037 - sensor-consumer - WARNING - Sent error record to DLQ: {'sensor_id': 4, 'temperature': 26.88, 'humidity': 31.32, 'timestamp': 1746681872.6724968, '_validation_errors': ['Missing required field: status'], '_error_timestamp': '2025-05-08T12:24:59.036765'}
2025-05-08 12:24:59,038 - sensor-consumer - WARNING - Sent error record to DLQ: {'sensor_id': 3, 'temperature': 26.34, 'humidity': 30.99, 'timestamp': 1746681872.815753, '_validation_errors': ['Missing required field: status'], '_error_timestamp': '2025-05-08T12:24:59.038401'}
2025-05-08 12:24:59,038 - sensor-consumer - WARNING - Sent error record to DLQ: {'sensor_id': 1, 'temperature': 28.12, 'humidity': 64.22, 'timestamp': 1746681873.672885, '_validation_errors': ['Missing required field: status'], '_error_timestamp': '2025-05-08T12:24:59.038603'}
2025-05-08 12:24:59,038 - sensor-consumer - WARNING - Sent error record to DLQ: {'sensor_id': 5, 'temperature': 32.71, 'humidity': 68.86, 'timestamp': 1746681873.8160121, '_validation_errors': ['Missing required field: status'], '_error_timestamp': '2025-05-08T12:24:59.038687'}
2025-05-08 12:24:59,038 - sensor-consumer - WARNING - Sent error record to DLQ: {'sensor_id': 3, 'temperature': 22.89, 'humidity': 46.16, 'timestamp': 1746681874.674986, '_validation_errors': ['Missing required field: status'], '_error_timestamp': '2025-05-08T12:24:59.038763'}
2025-05-08 12:24:59,038 - sensor-consumer - WARNING - Sent error record to DLQ: {'sensor_id': 5, 'temperature': 26.88, 'humidity': 41.18, 'timestamp': 1746681874.821056, '_validation_errors': ['Missing required field: status'], '_error_timestamp': '2025-05-08T12:24:59.038830'}
2025-05-08 12:24:59,038 - sensor-consumer - WARNING - Sent error record to DLQ: {'sensor_id': 2, 'temperature': 28.96, 'humidity': 41.38, 'timestamp': 1746681875.676872, '_validation_errors': ['Missing required field: status'], '_error_timestamp': '2025-05-08T12:24:59.038900'}
2025-05-08 12:24:59,038 - sensor-consumer - WARNING - Sent error record to DLQ: {'sensor_id': 1, 'temperature': 34.77, 'humidity': 34.71, 'timestamp': 1746681875.8247309, '_validation_errors': ['Missing required field: status'], '_error_timestamp': '2025-05-08T12:24:59.038966'}
2025-05-08 12:24:59,039 - sensor-consumer - WARNING - Sent error record to DLQ: {'sensor_id': 3, 'temperature': 27.88, 'humidity': 56.78, 'timestamp': 1746681876.679616, '_validation_errors': ['Missing required field: status'], '_error_timestamp': '2025-05-08T12:24:59.039210'}
2025-05-08 12:24:59,040 - sensor-consumer - WARNING - Sent error record to DLQ: {'sensor_id': 2, 'temperature': 30.55, 'humidity': 64.87, 'timestamp': 1746681876.828925, '_validation_errors': ['Missing required field: status'], '_error_timestamp': '2025-05-08T12:24:59.040068'}
2025-05-08 12:24:59,040 - sensor-consumer - WARNING - Sent error record to DLQ: {'sensor_id': 5, 'temperature': 30.78, 'humidity': 61.45, 'timestamp': 1746681877.680186, '_validation_errors': ['Missing required field: status'], '_error_timestamp': '2025-05-08T12:24:59.040208'}
2025-05-08 12:24:59,040 - sensor-consumer - WARNING - Sent error record to DLQ: {'sensor_id': 4, 'temperature': 30.02, 'humidity': 42.1, 'timestamp': 1746681877.829412, '_validation_errors': ['Missing required field: status'], '_error_timestamp': '2025-05-08T12:24:59.040583'}
2025-05-08 12:24:59,041 - sensor-consumer - WARNING - Sent error record to DLQ: {'sensor_id': 5, 'temperature': 24.37, 'humidity': 37.81, 'timestamp': 1746681878.680556, '_validation_errors': ['Missing required field: status'], '_error_timestamp': '2025-05-08T12:24:59.041135'}
2025-05-08 12:24:59,042 - sensor-consumer - WARNING - Sent error record to DLQ: {'sensor_id': 2, 'temperature': 23.27, 'humidity': 40.94, 'timestamp': 1746681878.829786, '_validation_errors': ['Missing required field: status'], '_error_timestamp': '2025-05-08T12:24:59.042135'}
2025-05-08 12:24:59,043 - sensor-consumer - WARNING - Sent error record to DLQ: {'sensor_id': 4, 'temperature': 23.32, 'humidity': 67.32, 'timestamp': 1746681879.685907, '_validation_errors': ['Missing required field: status'], '_error_timestamp': '2025-05-08T12:24:59.042781'}
2025-05-08 12:24:59,045 - sensor-consumer - WARNING - Sent error record to DLQ: {'sensor_id': 1, 'temperature': 26.83, 'humidity': 63.11, 'timestamp': 1746681879.830157, '_validation_errors': ['Missing required field: status'], '_error_timestamp': '2025-05-08T12:24:59.044865'}
2025-05-08 12:24:59,046 - sensor-consumer - WARNING - Sent error record to DLQ: {'sensor_id': 1, 'temperature': 28.14, 'humidity': 37.33, 'timestamp': 1746681880.687047, '_validation_errors': ['Missing required field: status'], '_error_timestamp': '2025-05-08T12:24:59.046314'}
2025-05-08 12:24:59,046 - sensor-consumer - WARNING - Sent error record to DLQ: {'sensor_id': 4, 'temperature': 34.88, 'humidity': 38.34, 'timestamp': 1746681880.833756, '_validation_errors': ['Missing required field: status'], '_error_timestamp': '2025-05-08T12:24:59.046495'}
2025-05-08 12:24:59,046 - sensor-consumer - WARNING - Sent error record to DLQ: {'sensor_id': 2, 'temperature': 23.71, 'humidity': 68.21, 'timestamp': 1746681881.690568, '_validation_errors': ['Missing required field: status'], '_error_timestamp': '2025-05-08T12:24:59.046588'}
2025-05-08 12:24:59,046 - sensor-consumer - WARNING - Sent error record to DLQ: {'sensor_id': 2, 'temperature': 21.57, 'humidity': 40.46, 'timestamp': 1746681881.836094, '_validation_errors': ['Missing required field: status'], '_error_timestamp': '2025-05-08T12:24:59.046741'}
2025-05-08 12:24:59,046 - sensor-consumer - WARNING - Sent error record to DLQ: {'sensor_id': 2, 'temperature': 30.55, 'humidity': 57.45, 'timestamp': 1746681882.6934268, '_validation_errors': ['Missing required field: status'], '_error_timestamp': '2025-05-08T12:24:59.046814'}
2025-05-08 12:24:59,047 - sensor-consumer - WARNING - Sent error record to DLQ: {'sensor_id': 1, 'temperature': 20.59, 'humidity': 48.37, 'timestamp': 1746681882.836264, '_validation_errors': ['Missing required field: status'], '_error_timestamp': '2025-05-08T12:24:59.046893'}
2025-05-08 12:24:59,047 - sensor-consumer - WARNING - Sent error record to DLQ: {'sensor_id': 4, 'temperature': 21.18, 'humidity': 30.63, 'timestamp': 1746681883.6956, '_validation_errors': ['Missing required field: status'], '_error_timestamp': '2025-05-08T12:24:59.047092'}
2025-05-08 12:24:59,047 - sensor-consumer - WARNING - Sent error record to DLQ: {'sensor_id': 3, 'temperature': 34.09, 'humidity': 52.09, 'timestamp': 1746681883.8399282, '_validation_errors': ['Missing required field: status'], '_error_timestamp': '2025-05-08T12:24:59.047204'}
2025-05-08 12:24:59,047 - sensor-consumer - WARNING - Sent error record to DLQ: {'sensor_id': 3, 'temperature': 31.53, 'humidity': 62.02, 'timestamp': 1746681884.698668, '_validation_errors': ['Missing required field: status'], '_error_timestamp': '2025-05-08T12:24:59.047281'}
2025-05-08 12:24:59,047 - sensor-consumer - WARNING - Sent error record to DLQ: {'sensor_id': 3, 'temperature': 29.32, 'humidity': 39.5, 'timestamp': 1746681884.840132, '_validation_errors': ['Missing required field: status'], '_error_timestamp': '2025-05-08T12:24:59.047352'}
2025-05-08 12:24:59,047 - sensor-consumer - WARNING - Sent error record to DLQ: {'sensor_id': 5, 'temperature': 21.68, 'humidity': 51.26, 'timestamp': 1746681885.701369, '_validation_errors': ['Missing required field: status'], '_error_timestamp': '2025-05-08T12:24:59.047430'}
2025-05-08 12:24:59,048 - sensor-consumer - WARNING - Sent error record to DLQ: {'sensor_id': 1, 'temperature': 25.82, 'humidity': 53.99, 'timestamp': 1746681885.8415492, '_validation_errors': ['Missing required field: status'], '_error_timestamp': '2025-05-08T12:24:59.048355'}
2025-05-08 12:24:59,048 - sensor-consumer - WARNING - Sent error record to DLQ: {'sensor_id': 1, 'temperature': 25.62, 'humidity': 60.14, 'timestamp': 1746681886.70627, '_validation_errors': ['Missing required field: status'], '_error_timestamp': '2025-05-08T12:24:59.048899'}
2025-05-08 12:24:59,049 - sensor-consumer - WARNING - Sent error record to DLQ: {'sensor_id': 1, 'temperature': 27.12, 'humidity': 50.56, 'timestamp': 1746681886.84423, '_validation_errors': ['Missing required field: status'], '_error_timestamp': '2025-05-08T12:24:59.049081'}
2025-05-08 12:24:59,049 - sensor-consumer - WARNING - Sent error record to DLQ: {'sensor_id': 2, 'temperature': 30.05, 'humidity': 34.47, 'timestamp': 1746681887.706837, '_validation_errors': ['Missing required field: status'], '_error_timestamp': '2025-05-08T12:24:59.049162'}
2025-05-08 12:24:59,049 - sensor-consumer - WARNING - Sent error record to DLQ: {'sensor_id': 4, 'temperature': 32.42, 'humidity': 61.69, 'timestamp': 1746681887.85108, '_validation_errors': ['Missing required field: status'], '_error_timestamp': '2025-05-08T12:24:59.049558'}
2025-05-08 12:24:59,051 - sensor-consumer - WARNING - Sent error record to DLQ: {'sensor_id': 3, 'temperature': 33.56, 'humidity': 54.78, 'timestamp': 1746681888.707259, '_validation_errors': ['Missing required field: status'], '_error_timestamp': '2025-05-08T12:24:59.051217'}
2025-05-08 12:24:59,051 - sensor-consumer - WARNING - Sent error record to DLQ: {'sensor_id': 2, 'temperature': 20.2, 'humidity': 60.7, 'timestamp': 1746681888.857302, '_validation_errors': ['Missing required field: status'], '_error_timestamp': '2025-05-08T12:24:59.051448'}
2025-05-08 12:24:59,051 - sensor-consumer - WARNING - Sent error record to DLQ: {'sensor_id': 3, 'temperature': 29.92, 'humidity': 47.62, 'timestamp': 1746681889.7113118, '_validation_errors': ['Missing required field: status'], '_error_timestamp': '2025-05-08T12:24:59.051541'}
2025-05-08 12:24:59,051 - sensor-consumer - WARNING - Sent error record to DLQ: {'sensor_id': 3, 'temperature': 20.74, 'humidity': 42.94, 'timestamp': 1746681889.8632572, '_validation_errors': ['Missing required field: status'], '_error_timestamp': '2025-05-08T12:24:59.051620'}
2025-05-08 12:24:59,051 - sensor-consumer - WARNING - Sent error record to DLQ: {'sensor_id': 1, 'temperature': 29.48, 'humidity': 59.18, 'timestamp': 1746681890.7147698, '_validation_errors': ['Missing required field: status'], '_error_timestamp': '2025-05-08T12:24:59.051699'}
2025-05-08 12:24:59,051 - sensor-consumer - WARNING - Sent error record to DLQ: {'sensor_id': 4, 'temperature': 34.21, 'humidity': 60.04, 'timestamp': 1746681890.866425, '_validation_errors': ['Missing required field: status'], '_error_timestamp': '2025-05-08T12:24:59.051766'}
2025-05-08 12:24:59,051 - sensor-consumer - WARNING - Sent error record to DLQ: {'sensor_id': 3, 'temperature': 33.03, 'humidity': 62.05, 'timestamp': 1746681891.717531, '_validation_errors': ['Missing required field: status'], '_error_timestamp': '2025-05-08T12:24:59.051830'}
2025-05-08 12:24:59,052 - sensor-consumer - WARNING - Sent error record to DLQ: {'sensor_id': 2, 'temperature': 24.25, 'humidity': 54.86, 'timestamp': 1746681891.866936, '_validation_errors': ['Missing required field: status'], '_error_timestamp': '2025-05-08T12:24:59.052099'}
2025-05-08 12:24:59,052 - sensor-consumer - WARNING - Sent error record to DLQ: {'sensor_id': 1, 'temperature': 28.56, 'humidity': 45.68, 'timestamp': 1746681892.717963, '_validation_errors': ['Missing required field: status'], '_error_timestamp': '2025-05-08T12:24:59.052275'}
2025-05-08 12:24:59,052 - sensor-consumer - WARNING - Sent error record to DLQ: {'sensor_id': 3, 'temperature': 31.34, 'humidity': 61.96, 'timestamp': 1746681892.869535, '_validation_errors': ['Missing required field: status'], '_error_timestamp': '2025-05-08T12:24:59.052379'}
2025-05-08 12:24:59,052 - sensor-consumer - WARNING - Sent error record to DLQ: {'sensor_id': 5, 'temperature': 31.06, 'humidity': 49.39, 'timestamp': 1746681893.722815, '_validation_errors': ['Missing required field: status'], '_error_timestamp': '2025-05-08T12:24:59.052525'}
2025-05-08 12:24:59,052 - sensor-consumer - WARNING - Sent error record to DLQ: {'sensor_id': 1, 'temperature': 21.29, 'humidity': 52.11, 'timestamp': 1746681893.874166, '_validation_errors': ['Missing required field: status'], '_error_timestamp': '2025-05-08T12:24:59.052603'}
2025-05-08 12:24:59,053 - sensor-consumer - WARNING - Sent error record to DLQ: {'sensor_id': 3, 'temperature': 27.14, 'humidity': 38.47, 'timestamp': 1746681894.726611, '_validation_errors': ['Missing required field: status'], '_error_timestamp': '2025-05-08T12:24:59.053850'}
2025-05-08 12:24:59,054 - sensor-consumer - WARNING - Sent error record to DLQ: {'sensor_id': 2, 'temperature': 27.94, 'humidity': 55.14, 'timestamp': 1746681894.875852, '_validation_errors': ['Missing required field: status'], '_error_timestamp': '2025-05-08T12:24:59.054116'}
2025-05-08 12:24:59,054 - sensor-consumer - WARNING - Sent error record to DLQ: {'sensor_id': 2, 'temperature': 25.95, 'humidity': 65.9, 'timestamp': 1746681895.732039, '_validation_errors': ['Missing required field: status'], '_error_timestamp': '2025-05-08T12:24:59.054201'}
2025-05-08 12:24:59,054 - sensor-consumer - WARNING - Sent error record to DLQ: {'sensor_id': 5, 'temperature': 21.98, 'humidity': 57.07, 'timestamp': 1746681895.877527, '_validation_errors': ['Missing required field: status'], '_error_timestamp': '2025-05-08T12:24:59.054474'}
2025-05-08 12:24:59,054 - sensor-consumer - WARNING - Sent error record to DLQ: {'sensor_id': 3, 'temperature': 24.36, 'humidity': 63.05, 'timestamp': 1746681896.7362292, '_validation_errors': ['Missing required field: status'], '_error_timestamp': '2025-05-08T12:24:59.054563'}
2025-05-08 12:24:59,054 - sensor-consumer - WARNING - Sent error record to DLQ: {'sensor_id': 4, 'temperature': 29.14, 'humidity': 64.84, 'timestamp': 1746681896.8779688, '_validation_errors': ['Missing required field: status'], '_error_timestamp': '2025-05-08T12:24:59.054669'}
2025-05-08 12:24:59,054 - sensor-consumer - WARNING - Sent error record to DLQ: {'sensor_id': 1, 'temperature': 20.54, 'humidity': 40.15, 'timestamp': 1746681897.7368488, '_validation_errors': ['Missing required field: status'], '_error_timestamp': '2025-05-08T12:24:59.054754'}
2025-05-08 12:24:59,054 - sensor-consumer - WARNING - Sent error record to DLQ: {'sensor_id': 2, 'temperature': 22.57, 'humidity': 46.37, 'timestamp': 1746681897.8829188, '_validation_errors': ['Missing required field: status'], '_error_timestamp': '2025-05-08T12:24:59.054828'}
2025-05-08 12:24:59,054 - sensor-consumer - WARNING - Sent error record to DLQ: {'sensor_id': 4, 'temperature': 26.71, 'humidity': 42.48, 'timestamp': 1746681898.741388, '_validation_errors': ['Missing required field: status'], '_error_timestamp': '2025-05-08T12:24:59.054893'}
2025-05-08 12:24:59,055 - sensor-consumer - WARNING - Sent error record to DLQ: {'sensor_id': 3, 'temperature': 22.88, 'humidity': 47.95, 'timestamp': 1746681898.883104, '_validation_errors': ['Missing required field: status'], '_error_timestamp': '2025-05-08T12:24:59.055114'}
2025-05-08 12:24:59,749 - sensor-consumer - WARNING - Sent error record to DLQ: {'sensor_id': 3, 'temperature': 29.8, 'humidity': 56.77, 'timestamp': 1746681899.744277, '_validation_errors': ['Missing required field: status'], '_error_timestamp': '2025-05-08T12:24:59.749624'}
2025-05-08 12:24:59,887 - sensor-consumer - WARNING - Sent error record to DLQ: {'sensor_id': 5, 'temperature': 32.3, 'humidity': 39.01, 'timestamp': 1746681899.883303, '_validation_errors': ['Missing required field: status'], '_error_timestamp': '2025-05-08T12:24:59.887250'}
2025-05-08 12:25:00,731 - sensor-consumer - WARNING - Sent error record to DLQ: {'sensor_id': 4, 'timestamp': '2025-05-08T12:25:00.618122', 'temperature': 'not_a_number', 'humidity': 81.61, 'status': 'critical', '_error_type': 'invalid_type:temperature', '_validation_errors': ['Invalid temperature'], '_error_timestamp': '2025-05-08T12:25:00.731065'}
2025-05-08 12:25:00,749 - sensor-consumer - WARNING - Sent error record to DLQ: {'sensor_id': 2, 'temperature': 25.76, 'humidity': 46.29, 'timestamp': 1746681900.7466261, '_validation_errors': ['Missing required field: status'], '_error_timestamp': '2025-05-08T12:25:00.749404'}
2025-05-08 12:25:00,890 - sensor-consumer - WARNING - Sent error record to DLQ: {'sensor_id': 3, 'temperature': 31.25, 'humidity': 30.45, 'timestamp': 1746681900.885704, '_validation_errors': ['Missing required field: status'], '_error_timestamp': '2025-05-08T12:25:00.890758'}
2025-05-08 12:25:01,757 - sensor-consumer - WARNING - Sent error record to DLQ: {'sensor_id': 2, 'temperature': 33.42, 'humidity': 41.54, 'timestamp': 1746681901.749692, '_validation_errors': ['Missing required field: status'], '_error_timestamp': '2025-05-08T12:25:01.757310'}
2025-05-08 12:25:01,893 - sensor-consumer - WARNING - Sent error record to DLQ: {'sensor_id': 3, 'temperature': 31.92, 'humidity': 51.13, 'timestamp': 1746681901.889236, '_validation_errors': ['Missing required field: status'], '_error_timestamp': '2025-05-08T12:25:01.893265'}
2025-05-08 12:25:02,527 - sensor-consumer - WARNING - Sent error record to DLQ: {'sensor_id': 9, 'timestamp': 'invalid-timestamp-format', 'temperature': 30.98, 'humidity': 73.32, 'status': 'normal', '_error_type': 'invalid_format:timestamp', '_validation_errors': ['Invalid timestamp'], '_error_timestamp': '2025-05-08T12:25:02.527811'}
2025-05-08 12:25:02,758 - sensor-consumer - WARNING - Sent error record to DLQ: {'sensor_id': 2, 'temperature': 20.37, 'humidity': 51.89, 'timestamp': 1746681902.752374, '_validation_errors': ['Missing required field: status'], '_error_timestamp': '2025-05-08T12:25:02.758521'}
2025-05-08 12:25:02,900 - sensor-consumer - WARNING - Sent error record to DLQ: {'sensor_id': 4, 'temperature': 26.12, 'humidity': 57.49, 'timestamp': 1746681902.894718, '_validation_errors': ['Missing required field: status'], '_error_timestamp': '2025-05-08T12:25:02.900650'}
2025-05-08 12:25:03,761 - sensor-consumer - WARNING - Sent error record to DLQ: {'sensor_id': 4, 'temperature': 22.21, 'humidity': 58.89, 'timestamp': 1746681903.756574, '_validation_errors': ['Missing required field: status'], '_error_timestamp': '2025-05-08T12:25:03.761775'}
2025-05-08 12:25:03,899 - sensor-consumer - WARNING - Sent error record to DLQ: {'sensor_id': 3, 'temperature': 34.07, 'humidity': 36.93, 'timestamp': 1746681903.895703, '_validation_errors': ['Missing required field: status'], '_error_timestamp': '2025-05-08T12:25:03.899362'}
2025-05-08 12:25:04,513 - sensor-consumer - INFO - Processing record from sensor 7: temperature=18.54, humidity=33.17, status=normal
2025-05-08 12:25:04,766 - sensor-consumer - WARNING - Sent error record to DLQ: {'sensor_id': 1, 'temperature': 27.54, 'humidity': 65.88, 'timestamp': 1746681904.758997, '_validation_errors': ['Missing required field: status'], '_error_timestamp': '2025-05-08T12:25:04.766701'}
2025-05-08 12:25:04,903 - sensor-consumer - WARNING - Sent error record to DLQ: {'sensor_id': 3, 'temperature': 24.43, 'humidity': 49.53, 'timestamp': 1746681904.897558, '_validation_errors': ['Missing required field: status'], '_error_timestamp': '2025-05-08T12:25:04.903256'}
2025-05-08 12:25:05,200 - sensor-consumer - INFO - Processing record from sensor 4: temperature=32.03, humidity=80.81, status=critical
2025-05-08 12:25:05,765 - sensor-consumer - WARNING - Sent error record to DLQ: {'sensor_id': 4, 'temperature': 23.05, 'humidity': 68.31, 'timestamp': 1746681905.760468, '_validation_errors': ['Missing required field: status'], '_error_timestamp': '2025-05-08T12:25:05.765455'}
2025-05-08 12:25:05,903 - sensor-consumer - WARNING - Sent error record to DLQ: {'sensor_id': 4, 'temperature': 29.26, 'humidity': 67.9, 'timestamp': 1746681905.899242, '_validation_errors': ['Missing required field: status'], '_error_timestamp': '2025-05-08T12:25:05.902927'}
2025-05-08 12:25:06,378 - sensor-consumer - INFO - Processing record from sensor 7: temperature=21.86, humidity=33.98, status=critical
2025-05-08 12:25:06,765 - sensor-consumer - WARNING - Sent error record to DLQ: {'sensor_id': 5, 'temperature': 32.44, 'humidity': 45.51, 'timestamp': 1746681906.763121, '_validation_errors': ['Missing required field: status'], '_error_timestamp': '2025-05-08T12:25:06.765583'}
2025-05-08 12:25:06,904 - sensor-consumer - WARNING - Sent error record to DLQ: {'sensor_id': 2, 'temperature': 22.35, 'humidity': 68.31, 'timestamp': 1746681906.8999512, '_validation_errors': ['Missing required field: status'], '_error_timestamp': '2025-05-08T12:25:06.904782'}
2025-05-08 12:25:07,383 - sensor-consumer - INFO - Processing record from sensor 6: temperature=30.34, humidity=56.69, status=critical
2025-05-08 12:25:07,768 - sensor-consumer - WARNING - Sent error record to DLQ: {'sensor_id': 1, 'temperature': 30.03, 'humidity': 47.15, 'timestamp': 1746681907.763595, '_validation_errors': ['Missing required field: status'], '_error_timestamp': '2025-05-08T12:25:07.768291'}
2025-05-08 12:25:07,909 - sensor-consumer - WARNING - Sent error record to DLQ: {'sensor_id': 4, 'temperature': 34.38, 'humidity': 45.26, 'timestamp': 1746681907.904479, '_validation_errors': ['Missing required field: status'], '_error_timestamp': '2025-05-08T12:25:07.909632'}
2025-05-08 12:25:08,416 - sensor-consumer - INFO - Processing record from sensor 1: temperature=16.98, humidity=88.91, status=normal
2025-05-08 12:25:08,769 - sensor-consumer - WARNING - Sent error record to DLQ: {'sensor_id': 1, 'temperature': 34.86, 'humidity': 36.52, 'timestamp': 1746681908.763998, '_validation_errors': ['Missing required field: status'], '_error_timestamp': '2025-05-08T12:25:08.769051'}
2025-05-08 12:25:08,910 - sensor-consumer - WARNING - Sent error record to DLQ: {'sensor_id': 1, 'temperature': 27.13, 'humidity': 62.05, 'timestamp': 1746681908.904924, '_validation_errors': ['Missing required field: status'], '_error_timestamp': '2025-05-08T12:25:08.909987'}
2025-05-08 12:25:09,771 - sensor-consumer - WARNING - Sent error record to DLQ: {'sensor_id': 2, 'temperature': 21.48, 'humidity': 31.51, 'timestamp': 1746681909.766185, '_validation_errors': ['Missing required field: status'], '_error_timestamp': '2025-05-08T12:25:09.770842'}
2025-05-08 12:25:09,914 - sensor-consumer - WARNING - Sent error record to DLQ: {'sensor_id': 4, 'temperature': 23.03, 'humidity': 53.54, 'timestamp': 1746681909.9102552, '_validation_errors': ['Missing required field: status'], '_error_timestamp': '2025-05-08T12:25:09.914634'}
2025-05-08 12:25:10,004 - sensor-consumer - INFO - Processing record from sensor 8: temperature=17.05, humidity=88.3, status=critical
2025-05-08 12:25:10,771 - sensor-consumer - WARNING - Sent error record to DLQ: {'sensor_id': 5, 'temperature': 34.84, 'humidity': 52.89, 'timestamp': 1746681910.76689, '_validation_errors': ['Missing required field: status'], '_error_timestamp': '2025-05-08T12:25:10.771538'}
2025-05-08 12:25:10,915 - sensor-consumer - WARNING - Sent error record to DLQ: {'sensor_id': 1, 'temperature': 34.59, 'humidity': 51.06, 'timestamp': 1746681910.910982, '_validation_errors': ['Missing required field: status'], '_error_timestamp': '2025-05-08T12:25:10.915245'}
2025-05-08 12:25:11,777 - sensor-consumer - WARNING - Sent error record to DLQ: {'sensor_id': 5, 'temperature': 22.54, 'humidity': 36.99, 'timestamp': 1746681911.772207, '_validation_errors': ['Missing required field: status'], '_error_timestamp': '2025-05-08T12:25:11.776934'}
2025-05-08 12:25:11,916 - sensor-consumer - WARNING - Sent error record to DLQ: {'sensor_id': 1, 'temperature': 34.19, 'humidity': 33.75, 'timestamp': 1746681911.911476, '_validation_errors': ['Missing required field: status'], '_error_timestamp': '2025-05-08T12:25:11.916257'}
2025-05-08 12:25:11,956 - sensor-consumer - INFO - Processing record from sensor 1: temperature=34.73, humidity=66.39, status=critical
2025-05-08 12:25:12,782 - sensor-consumer - WARNING - Sent error record to DLQ: {'sensor_id': 4, 'temperature': 30.43, 'humidity': 41.05, 'timestamp': 1746681912.777666, '_validation_errors': ['Missing required field: status'], '_error_timestamp': '2025-05-08T12:25:12.782686'}
2025-05-08 12:25:12,915 - sensor-consumer - WARNING - Sent error record to DLQ: {'sensor_id': 5, 'temperature': 27.04, 'humidity': 37.71, 'timestamp': 1746681912.911961, '_validation_errors': ['Missing required field: status'], '_error_timestamp': '2025-05-08T12:25:12.915245'}
2025-05-08 12:25:13,062 - sensor-consumer - INFO - Processing record from sensor 4: temperature=30.02, humidity=89.09, status=critical
2025-05-08 12:25:13,782 - sensor-consumer - WARNING - Sent error record to DLQ: {'sensor_id': 3, 'temperature': 30.14, 'humidity': 52.14, 'timestamp': 1746681913.778114, '_validation_errors': ['Missing required field: status'], '_error_timestamp': '2025-05-08T12:25:13.782744'}
2025-05-08 12:25:13,925 - sensor-consumer - WARNING - Sent error record to DLQ: {'sensor_id': 4, 'temperature': 32.89, 'humidity': 65.32, 'timestamp': 1746681913.917782, '_validation_errors': ['Missing required field: status'], '_error_timestamp': '2025-05-08T12:25:13.925248'}
2025-05-08 12:25:14,485 - sensor-consumer - INFO - Processing record from sensor 8: temperature=28.41, humidity=61.58, status=critical
2025-05-08 12:25:14,783 - sensor-consumer - WARNING - Sent error record to DLQ: {'sensor_id': 3, 'temperature': 25.79, 'humidity': 44.54, 'timestamp': 1746681914.778798, '_validation_errors': ['Missing required field: status'], '_error_timestamp': '2025-05-08T12:25:14.783371'}
2025-05-08 12:25:14,923 - sensor-consumer - WARNING - Sent error record to DLQ: {'sensor_id': 1, 'temperature': 22.85, 'humidity': 43.67, 'timestamp': 1746681914.918679, '_validation_errors': ['Missing required field: status'], '_error_timestamp': '2025-05-08T12:25:14.923247'}
2025-05-08 12:25:15,603 - sensor-consumer - INFO - Processing record from sensor 4: temperature=24.34, humidity=49.53, status=critical
2025-05-08 12:25:15,603 - sensor-consumer - INFO - Processed 10 valid records, 132 error records
2025-05-08 12:25:15,788 - sensor-consumer - WARNING - Sent error record to DLQ: {'sensor_id': 5, 'temperature': 34.86, 'humidity': 38.62, 'timestamp': 1746681915.78403, '_validation_errors': ['Missing required field: status'], '_error_timestamp': '2025-05-08T12:25:15.788611'}
2025-05-08 12:25:15,925 - sensor-consumer - WARNING - Sent error record to DLQ: {'sensor_id': 4, 'temperature': 34.72, 'humidity': 55.47, 'timestamp': 1746681915.920716, '_validation_errors': ['Missing required field: status'], '_error_timestamp': '2025-05-08T12:25:15.925355'}
2025-05-08 12:25:16,795 - sensor-consumer - WARNING - Sent error record to DLQ: {'sensor_id': 2, 'temperature': 34.2, 'humidity': 56.36, 'timestamp': 1746681916.78943, '_validation_errors': ['Missing required field: status'], '_error_timestamp': '2025-05-08T12:25:16.794888'}
2025-05-08 12:25:16,929 - sensor-consumer - WARNING - Sent error record to DLQ: {'sensor_id': 3, 'temperature': 32.44, 'humidity': 31.31, 'timestamp': 1746681916.92561, '_validation_errors': ['Missing required field: status'], '_error_timestamp': '2025-05-08T12:25:16.928901'}
2025-05-08 12:25:17,154 - sensor-consumer - INFO - Processing record from sensor 10: temperature=32.96, humidity=31.53, status=normal
2025-05-08 12:25:17,725 - sensor-consumer - INFO - Processing record from sensor 7: temperature=32.89, humidity=51.51, status=warning
2025-05-08 12:25:17,796 - sensor-consumer - WARNING - Sent error record to DLQ: {'sensor_id': 5, 'temperature': 21.49, 'humidity': 55.98, 'timestamp': 1746681917.790957, '_validation_errors': ['Missing required field: status'], '_error_timestamp': '2025-05-08T12:25:17.796024'}
2025-05-08 12:25:17,930 - sensor-consumer - WARNING - Sent error record to DLQ: {'sensor_id': 3, 'temperature': 33.33, 'humidity': 56.54, 'timestamp': 1746681917.926052, '_validation_errors': ['Missing required field: status'], '_error_timestamp': '2025-05-08T12:25:17.930841'}
2025-05-08 12:25:18,794 - sensor-consumer - WARNING - Sent error record to DLQ: {'sensor_id': 4, 'temperature': 30.35, 'humidity': 40.61, 'timestamp': 1746681918.791608, '_validation_errors': ['Missing required field: status'], '_error_timestamp': '2025-05-08T12:25:18.794798'}
2025-05-08 12:25:18,930 - sensor-consumer - WARNING - Sent error record to DLQ: {'sensor_id': 5, 'temperature': 28.33, 'humidity': 46.69, 'timestamp': 1746681918.926444, '_validation_errors': ['Missing required field: status'], '_error_timestamp': '2025-05-08T12:25:18.930687'}
2025-05-08 12:25:19,596 - sensor-consumer - WARNING - Sent error record to DLQ: {'sensor_id': 10, 'timestamp': '2025-05-08T12:25:19.592835', 'temperature': None, 'humidity': 46.52, 'status': 'normal', '_error_type': 'null_value:temperature', '_validation_errors': ['Invalid temperature'], '_error_timestamp': '2025-05-08T12:25:19.596747'}
2025-05-08 12:25:19,796 - sensor-consumer - WARNING - Sent error record to DLQ: {'sensor_id': 1, 'temperature': 29.55, 'humidity': 34.94, 'timestamp': 1746681919.792162, '_validation_errors': ['Missing required field: status'], '_error_timestamp': '2025-05-08T12:25:19.796687'}
2025-05-08 12:25:19,931 - sensor-consumer - WARNING - Sent error record to DLQ: {'sensor_id': 5, 'temperature': 31.2, 'humidity': 36.93, 'timestamp': 1746681919.927045, '_validation_errors': ['Missing required field: status'], '_error_timestamp': '2025-05-08T12:25:19.931133'}
2025-05-08 12:25:20,326 - sensor-consumer - INFO - Processing record from sensor 8: temperature=33.77, humidity=38.09, status=warning
2025-05-08 12:25:20,803 - sensor-consumer - WARNING - Sent error record to DLQ: {'sensor_id': 5, 'temperature': 34.28, 'humidity': 56.18, 'timestamp': 1746681920.793695, '_validation_errors': ['Missing required field: status'], '_error_timestamp': '2025-05-08T12:25:20.802861'}
2025-05-08 12:25:20,936 - sensor-consumer - WARNING - Sent error record to DLQ: {'sensor_id': 1, 'temperature': 29.19, 'humidity': 61.64, 'timestamp': 1746681920.9317682, '_validation_errors': ['Missing required field: status'], '_error_timestamp': '2025-05-08T12:25:20.936890'}
2025-05-08 12:25:21,798 - sensor-consumer - WARNING - Sent error record to DLQ: {'sensor_id': 4, 'temperature': 26.12, 'humidity': 30.77, 'timestamp': 1746681921.7945302, '_validation_errors': ['Missing required field: status'], '_error_timestamp': '2025-05-08T12:25:21.798291'}
2025-05-08 12:25:21,936 - sensor-consumer - WARNING - Sent error record to DLQ: {'sensor_id': 3, 'temperature': 25.72, 'humidity': 63.46, 'timestamp': 1746681921.932425, '_validation_errors': ['Missing required field: status'], '_error_timestamp': '2025-05-08T12:25:21.936870'}
2025-05-08 12:25:21,940 - sensor-consumer - INFO - Processing record from sensor 3: temperature=24.65, humidity=57.93, status=normal
2025-05-08 12:25:22,802 - sensor-consumer - WARNING - Sent error record to DLQ: {'sensor_id': 2, 'temperature': 20.85, 'humidity': 32.58, 'timestamp': 1746681922.798769, '_validation_errors': ['Missing required field: status'], '_error_timestamp': '2025-05-08T12:25:22.802301'}
2025-05-08 12:25:22,937 - sensor-consumer - WARNING - Sent error record to DLQ: {'sensor_id': 4, 'temperature': 25.27, 'humidity': 53.43, 'timestamp': 1746681922.9330401, '_validation_errors': ['Missing required field: status'], '_error_timestamp': '2025-05-08T12:25:22.937333'}
2025-05-08 12:25:23,804 - sensor-consumer - WARNING - Sent error record to DLQ: {'sensor_id': 4, 'temperature': 33.61, 'humidity': 48.45, 'timestamp': 1746681923.801586, '_validation_errors': ['Missing required field: status'], '_error_timestamp': '2025-05-08T12:25:23.804178'}
2025-05-08 12:25:23,850 - sensor-consumer - INFO - Processing record from sensor 1: temperature=26.61, humidity=42.85, status=critical
2025-05-08 12:25:23,946 - sensor-consumer - WARNING - Sent error record to DLQ: {'sensor_id': 1, 'temperature': 24.17, 'humidity': 48.46, 'timestamp': 1746681923.9405062, '_validation_errors': ['Missing required field: status'], '_error_timestamp': '2025-05-08T12:25:23.946304'}
2025-05-08 12:25:24,722 - sensor-consumer - INFO - Processing record from sensor 3: temperature=16.61, humidity=56.3, status=critical
2025-05-08 12:25:24,808 - sensor-consumer - WARNING - Sent error record to DLQ: {'sensor_id': 2, 'temperature': 24.14, 'humidity': 62.03, 'timestamp': 1746681924.804406, '_validation_errors': ['Missing required field: status'], '_error_timestamp': '2025-05-08T12:25:24.808629'}
2025-05-08 12:25:24,947 - sensor-consumer - WARNING - Sent error record to DLQ: {'sensor_id': 4, 'temperature': 26.12, 'humidity': 51.77, 'timestamp': 1746681924.943743, '_validation_errors': ['Missing required field: status'], '_error_timestamp': '2025-05-08T12:25:24.947709'}
2025-05-08 12:25:25,719 - sensor-consumer - INFO - Processing record from sensor 3: temperature=19.46, humidity=31.17, status=critical
2025-05-08 12:25:25,812 - sensor-consumer - WARNING - Sent error record to DLQ: {'sensor_id': 5, 'temperature': 32.19, 'humidity': 33.21, 'timestamp': 1746681925.808587, '_validation_errors': ['Missing required field: status'], '_error_timestamp': '2025-05-08T12:25:25.812477'}
2025-05-08 12:25:25,954 - sensor-consumer - WARNING - Sent error record to DLQ: {'sensor_id': 5, 'temperature': 26.53, 'humidity': 54.33, 'timestamp': 1746681925.945908, '_validation_errors': ['Missing required field: status'], '_error_timestamp': '2025-05-08T12:25:25.954751'}
2025-05-08 12:25:26,302 - sensor-consumer - WARNING - Sent error record to DLQ: {'sensor_id': 10, 'timestamp': '2025-05-08T12:25:26.297988', 'temperature': 29.32, 'humidity': 'invalid_value', 'status': 'normal', '_error_type': 'invalid_type:humidity', '_validation_errors': ['Invalid humidity'], '_error_timestamp': '2025-05-08T12:25:26.302301'}
2025-05-08 12:25:26,812 - sensor-consumer - WARNING - Sent error record to DLQ: {'sensor_id': 3, 'temperature': 28.46, 'humidity': 51.25, 'timestamp': 1746681926.809174, '_validation_errors': ['Missing required field: status'], '_error_timestamp': '2025-05-08T12:25:26.812563'}
2025-05-08 12:25:26,950 - sensor-consumer - WARNING - Sent error record to DLQ: {'sensor_id': 1, 'temperature': 29.89, 'humidity': 51.78, 'timestamp': 1746681926.9483268, '_validation_errors': ['Missing required field: status'], '_error_timestamp': '2025-05-08T12:25:26.950619'}
2025-05-08 12:25:27,814 - sensor-consumer - WARNING - Sent error record to DLQ: {'sensor_id': 4, 'temperature': 23.25, 'humidity': 32.95, 'timestamp': 1746681927.810229, '_validation_errors': ['Missing required field: status'], '_error_timestamp': '2025-05-08T12:25:27.814066'}
2025-05-08 12:25:27,843 - sensor-consumer - INFO - Processing record from sensor 6: temperature=27.85, humidity=69.29, status=critical
2025-05-08 12:25:27,953 - sensor-consumer - WARNING - Sent error record to DLQ: {'sensor_id': 4, 'temperature': 25.42, 'humidity': 66.61, 'timestamp': 1746681927.949242, '_validation_errors': ['Missing required field: status'], '_error_timestamp': '2025-05-08T12:25:27.953096'}
2025-05-08 12:25:28,649 - sensor-consumer - WARNING - Sent error record to DLQ: {'sensor_id': 7, 'timestamp': '2025-05-08T12:25:28.645960', 'temperature': 27.13, 'humidity': None, 'status': 'warning', '_error_type': 'null_value:humidity', '_validation_errors': ['Invalid humidity'], '_error_timestamp': '2025-05-08T12:25:28.649774'}
2025-05-08 12:25:28,822 - sensor-consumer - WARNING - Sent error record to DLQ: {'sensor_id': 2, 'temperature': 26.28, 'humidity': 44.27, 'timestamp': 1746681928.8157818, '_validation_errors': ['Missing required field: status'], '_error_timestamp': '2025-05-08T12:25:28.822154'}
2025-05-08 12:25:28,959 - sensor-consumer - WARNING - Sent error record to DLQ: {'sensor_id': 1, 'temperature': 31.39, 'humidity': 67.07, 'timestamp': 1746681928.954284, '_validation_errors': ['Missing required field: status'], '_error_timestamp': '2025-05-08T12:25:28.958988'}
2025-05-08 12:25:29,822 - sensor-consumer - WARNING - Sent error record to DLQ: {'sensor_id': 5, 'temperature': 29.72, 'humidity': 57.04, 'timestamp': 1746681929.819089, '_validation_errors': ['Missing required field: status'], '_error_timestamp': '2025-05-08T12:25:29.822676'}
2025-05-08 12:25:29,961 - sensor-consumer - WARNING - Sent error record to DLQ: {'sensor_id': 1, 'temperature': 27.88, 'humidity': 57.55, 'timestamp': 1746681929.957233, '_validation_errors': ['Missing required field: status'], '_error_timestamp': '2025-05-08T12:25:29.961483'}
2025-05-08 12:25:30,549 - sensor-consumer - INFO - Processing record from sensor 9: temperature=34.64, humidity=58.35, status=normal
2025-05-08 12:25:30,925 - sensor-consumer - WARNING - Sent error record to DLQ: {'sensor_id': 2, 'temperature': 21.11, 'humidity': 69.89, 'timestamp': 1746681930.827094, '_validation_errors': ['Missing required field: status'], '_error_timestamp': '2025-05-08T12:25:30.925351'}
2025-05-08 12:25:30,971 - sensor-consumer - WARNING - Sent error record to DLQ: {'sensor_id': 4, 'temperature': 20.03, 'humidity': 69.81, 'timestamp': 1746681930.959929, '_validation_errors': ['Missing required field: status'], '_error_timestamp': '2025-05-08T12:25:30.971478'}
2025-05-08 12:25:32,009 - sensor-consumer - WARNING - Sent error record to DLQ: {'timestamp': '2025-05-08T12:25:31.104586', 'temperature': 19.9, 'humidity': 46.2, 'status': 'warning', '_error_type': 'missing_field:sensor_id', '_validation_errors': ['Missing required field: sensor_id'], '_error_timestamp': '2025-05-08T12:25:32.009538'}
2025-05-08 12:25:32,012 - sensor-consumer - WARNING - Sent error record to DLQ: {'sensor_id': 1, 'temperature': 23.61, 'humidity': 51.85, 'timestamp': 1746681931.8389068, '_validation_errors': ['Missing required field: status'], '_error_timestamp': '2025-05-08T12:25:32.012741'}
2025-05-08 12:25:32,013 - sensor-consumer - WARNING - Sent error record to DLQ: {'sensor_id': 5, 'temperature': 32.38, 'humidity': 54.3, 'timestamp': 1746681931.9679518, '_validation_errors': ['Missing required field: status'], '_error_timestamp': '2025-05-08T12:25:32.013382'}
2025-05-08 12:25:32,433 - sensor-consumer - INFO - Processing record from sensor 8: temperature=33.04, humidity=43.3, status=critical
2025-05-08 12:25:32,433 - sensor-consumer - INFO - Processed 20 valid records, 170 error records
2025-05-08 12:25:32,843 - sensor-consumer - WARNING - Sent error record to DLQ: {'sensor_id': 4, 'temperature': 32.62, 'humidity': 56.64, 'timestamp': 1746681932.839564, '_validation_errors': ['Missing required field: status'], '_error_timestamp': '2025-05-08T12:25:32.843746'}
2025-05-08 12:25:32,978 - sensor-consumer - WARNING - Sent error record to DLQ: {'sensor_id': 1, 'temperature': 22.82, 'humidity': 51.24, 'timestamp': 1746681932.972895, '_validation_errors': ['Missing required field: status'], '_error_timestamp': '2025-05-08T12:25:32.977725'}
2025-05-08 12:25:33,845 - sensor-consumer - WARNING - Sent error record to DLQ: {'sensor_id': 2, 'temperature': 30.81, 'humidity': 66.43, 'timestamp': 1746681933.8409832, '_validation_errors': ['Missing required field: status'], '_error_timestamp': '2025-05-08T12:25:33.845397'}
2025-05-08 12:25:33,851 - sensor-consumer - INFO - Processing record from sensor 1: temperature=28.06, humidity=54.17, status=critical
2025-05-08 12:25:33,976 - sensor-consumer - WARNING - Sent error record to DLQ: {'sensor_id': 2, 'temperature': 21.17, 'humidity': 51.8, 'timestamp': 1746681933.973415, '_validation_errors': ['Missing required field: status'], '_error_timestamp': '2025-05-08T12:25:33.976019'}
2025-05-08 12:25:34,852 - sensor-consumer - WARNING - Sent error record to DLQ: {'sensor_id': 1, 'temperature': 21.57, 'humidity': 59.67, 'timestamp': 1746681934.841485, '_validation_errors': ['Missing required field: status'], '_error_timestamp': '2025-05-08T12:25:34.852574'}
2025-05-08 12:25:34,979 - sensor-consumer - WARNING - Sent error record to DLQ: {'sensor_id': 1, 'temperature': 22.36, 'humidity': 36.87, 'timestamp': 1746681934.976249, '_validation_errors': ['Missing required field: status'], '_error_timestamp': '2025-05-08T12:25:34.979045'}
2025-05-08 12:25:35,563 - sensor-consumer - INFO - Processing record from sensor 7: temperature=26.07, humidity=30.84, status=normal
2025-05-08 12:25:35,853 - sensor-consumer - WARNING - Sent error record to DLQ: {'sensor_id': 5, 'temperature': 31.84, 'humidity': 45.99, 'timestamp': 1746681935.847521, '_validation_errors': ['Missing required field: status'], '_error_timestamp': '2025-05-08T12:25:35.853788'}
2025-05-08 12:25:35,982 - sensor-consumer - WARNING - Sent error record to DLQ: {'sensor_id': 3, 'temperature': 20.89, 'humidity': 53.12, 'timestamp': 1746681935.978187, '_validation_errors': ['Missing required field: status'], '_error_timestamp': '2025-05-08T12:25:35.982064'}
2025-05-08 12:25:36,857 - sensor-consumer - WARNING - Sent error record to DLQ: {'sensor_id': 4, 'temperature': 34.0, 'humidity': 40.9, 'timestamp': 1746681936.853899, '_validation_errors': ['Missing required field: status'], '_error_timestamp': '2025-05-08T12:25:36.857269'}
2025-05-08 12:25:36,960 - sensor-consumer - WARNING - Sent error record to DLQ: {'sensor_id': None, 'timestamp': '2025-05-08T12:25:36.955532', 'temperature': 29.95, 'humidity': 45.26, 'status': 'warning', '_error_type': 'null_value:sensor_id', '_validation_errors': ['Invalid sensor ID'], '_error_timestamp': '2025-05-08T12:25:36.959916'}
2025-05-08 12:25:36,987 - sensor-consumer - WARNING - Sent error record to DLQ: {'sensor_id': 4, 'temperature': 24.59, 'humidity': 47.01, 'timestamp': 1746681936.981791, '_validation_errors': ['Missing required field: status'], '_error_timestamp': '2025-05-08T12:25:36.987052'}
2025-05-08 12:25:37,861 - sensor-consumer - WARNING - Sent error record to DLQ: {'sensor_id': 3, 'temperature': 30.88, 'humidity': 45.81, 'timestamp': 1746681937.8564758, '_validation_errors': ['Missing required field: status'], '_error_timestamp': '2025-05-08T12:25:37.861298'}
2025-05-08 12:25:37,987 - sensor-consumer - WARNING - Sent error record to DLQ: {'sensor_id': 5, 'temperature': 33.41, 'humidity': 40.97, 'timestamp': 1746681937.984513, '_validation_errors': ['Missing required field: status'], '_error_timestamp': '2025-05-08T12:25:37.987763'}
