2025-05-08 12:25:00,610 - kafka.conn - INFO - <BrokerConnection client_id=kafka-python-producer-1, node_id=bootstrap-0 host=localhost:9092 <connecting> [IPv6 ('::1', 9092, 0, 0)]>: connecting to localhost:9092 [('::1', 9092, 0, 0) IPv6]
2025-05-08 12:25:00,617 - kafka.conn - INFO - <BrokerConnection client_id=kafka-python-producer-1, node_id=bootstrap-0 host=localhost:9092 <checking_api_versions_recv> [IPv6 ('::1', 9092, 0, 0)]>: Broker version identified as 2.6
2025-05-08 12:25:00,617 - kafka.conn - INFO - <BrokerConnection client_id=kafka-python-producer-1, node_id=bootstrap-0 host=localhost:9092 <connected> [IPv6 ('::1', 9092, 0, 0)]>: Connection complete.
2025-05-08 12:25:00,617 - sensor-producer - INFO - Successfully connected to Kafka producer
2025-05-08 12:25:00,618 - sensor-producer - INFO - Sending invalid data: {'sensor_id': 4, 'timestamp': '2025-05-08T12:25:00.618122', 'temperature': 'not_a_number', 'humidity': 81.61, 'status': 'critical', '_error_type': 'invalid_type:temperature'}
2025-05-08 12:25:00,721 - kafka.conn - INFO - <BrokerConnection client_id=kafka-python-producer-1, node_id=1001 host=localhost:9092 <connecting> [IPv6 ('::1', 9092, 0, 0)]>: connecting to localhost:9092 [('::1', 9092, 0, 0) IPv6]
2025-05-08 12:25:00,721 - kafka.conn - INFO - <BrokerConnection client_id=kafka-python-producer-1, node_id=1001 host=localhost:9092 <connected> [IPv6 ('::1', 9092, 0, 0)]>: Connection complete.
2025-05-08 12:25:00,721 - kafka.conn - INFO - <BrokerConnection client_id=kafka-python-producer-1, node_id=bootstrap-0 host=localhost:9092 <connected> [IPv6 ('::1', 9092, 0, 0)]>: Closing connection. 
2025-05-08 12:25:02,522 - sensor-producer - INFO - Sending invalid data: {'sensor_id': 9, 'timestamp': 'invalid-timestamp-format', 'temperature': 30.98, 'humidity': 73.32, 'status': 'normal', '_error_type': 'invalid_format:timestamp'}
2025-05-08 12:25:04,509 - sensor-producer - INFO - Sending valid data: {'sensor_id': 7, 'timestamp': '2025-05-08T12:25:04.509394', 'temperature': 18.54, 'humidity': 33.17, 'status': 'normal'}
2025-05-08 12:25:05,195 - sensor-producer - INFO - Sending valid data: {'sensor_id': 4, 'timestamp': '2025-05-08T12:25:05.195085', 'temperature': 32.03, 'humidity': 80.81, 'status': 'critical'}
2025-05-08 12:25:06,374 - sensor-producer - INFO - Sending valid data: {'sensor_id': 7, 'timestamp': '2025-05-08T12:25:06.374042', 'temperature': 21.86, 'humidity': 33.98, 'status': 'critical'}
2025-05-08 12:25:07,378 - sensor-producer - INFO - Sending valid data: {'sensor_id': 6, 'timestamp': '2025-05-08T12:25:07.378640', 'temperature': 30.34, 'humidity': 56.69, 'status': 'critical'}
2025-05-08 12:25:08,411 - sensor-producer - INFO - Sending valid data: {'sensor_id': 1, 'timestamp': '2025-05-08T12:25:08.411653', 'temperature': 16.98, 'humidity': 88.91, 'status': 'normal'}
2025-05-08 12:25:09,999 - sensor-producer - INFO - Sending valid data: {'sensor_id': 8, 'timestamp': '2025-05-08T12:25:09.999398', 'temperature': 17.05, 'humidity': 88.3, 'status': 'critical'}
2025-05-08 12:25:11,952 - sensor-producer - INFO - Sending valid data: {'sensor_id': 1, 'timestamp': '2025-05-08T12:25:11.952165', 'temperature': 34.73, 'humidity': 66.39, 'status': 'critical'}
2025-05-08 12:25:13,058 - sensor-producer - INFO - Sending valid data: {'sensor_id': 4, 'timestamp': '2025-05-08T12:25:13.058069', 'temperature': 30.02, 'humidity': 89.09, 'status': 'critical'}
2025-05-08 12:25:13,058 - sensor-producer - INFO - Sent 10 records
2025-05-08 12:25:14,482 - sensor-producer - INFO - Sending valid data: {'sensor_id': 8, 'timestamp': '2025-05-08T12:25:14.482329', 'temperature': 28.41, 'humidity': 61.58, 'status': 'critical'}
2025-05-08 12:25:15,600 - sensor-producer - INFO - Sending valid data: {'sensor_id': 4, 'timestamp': '2025-05-08T12:25:15.600250', 'temperature': 24.34, 'humidity': 49.53, 'status': 'critical'}
2025-05-08 12:25:17,151 - sensor-producer - INFO - Sending valid data: {'sensor_id': 10, 'timestamp': '2025-05-08T12:25:17.151585', 'temperature': 32.96, 'humidity': 31.53, 'status': 'normal'}
2025-05-08 12:25:17,720 - sensor-producer - INFO - Sending valid data: {'sensor_id': 7, 'timestamp': '2025-05-08T12:25:17.720549', 'temperature': 32.89, 'humidity': 51.51, 'status': 'warning'}
2025-05-08 12:25:19,592 - sensor-producer - INFO - Sending invalid data: {'sensor_id': 10, 'timestamp': '2025-05-08T12:25:19.592835', 'temperature': None, 'humidity': 46.52, 'status': 'normal', '_error_type': 'null_value:temperature'}
2025-05-08 12:25:20,279 - sensor-producer - INFO - Sending valid data: {'sensor_id': 8, 'timestamp': '2025-05-08T12:25:20.278956', 'temperature': 33.77, 'humidity': 38.09, 'status': 'warning'}
2025-05-08 12:25:21,936 - sensor-producer - INFO - Sending valid data: {'sensor_id': 3, 'timestamp': '2025-05-08T12:25:21.936575', 'temperature': 24.65, 'humidity': 57.93, 'status': 'normal'}
2025-05-08 12:25:23,847 - sensor-producer - INFO - Sending valid data: {'sensor_id': 1, 'timestamp': '2025-05-08T12:25:23.847726', 'temperature': 26.61, 'humidity': 42.85, 'status': 'critical'}
2025-05-08 12:25:24,719 - sensor-producer - INFO - Sending valid data: {'sensor_id': 3, 'timestamp': '2025-05-08T12:25:24.719059', 'temperature': 16.61, 'humidity': 56.3, 'status': 'critical'}
2025-05-08 12:25:25,716 - sensor-producer - INFO - Sending valid data: {'sensor_id': 3, 'timestamp': '2025-05-08T12:25:25.716536', 'temperature': 19.46, 'humidity': 31.17, 'status': 'critical'}
2025-05-08 12:25:25,716 - sensor-producer - INFO - Sent 20 records
2025-05-08 12:25:26,298 - sensor-producer - INFO - Sending invalid data: {'sensor_id': 10, 'timestamp': '2025-05-08T12:25:26.297988', 'temperature': 29.32, 'humidity': 'invalid_value', 'status': 'normal', '_error_type': 'invalid_type:humidity'}
2025-05-08 12:25:27,840 - sensor-producer - INFO - Sending valid data: {'sensor_id': 6, 'timestamp': '2025-05-08T12:25:27.839965', 'temperature': 27.85, 'humidity': 69.29, 'status': 'critical'}
2025-05-08 12:25:28,645 - sensor-producer - INFO - Sending invalid data: {'sensor_id': 7, 'timestamp': '2025-05-08T12:25:28.645960', 'temperature': 27.13, 'humidity': None, 'status': 'warning', '_error_type': 'null_value:humidity'}
2025-05-08 12:25:30,545 - sensor-producer - INFO - Sending valid data: {'sensor_id': 9, 'timestamp': '2025-05-08T12:25:30.544963', 'temperature': 34.64, 'humidity': 58.35, 'status': 'normal'}
2025-05-08 12:25:31,104 - sensor-producer - INFO - Sending invalid data: {'timestamp': '2025-05-08T12:25:31.104586', 'temperature': 19.9, 'humidity': 46.2, 'status': 'warning', '_error_type': 'missing_field:sensor_id'}
2025-05-08 12:25:32,428 - sensor-producer - INFO - Sending valid data: {'sensor_id': 8, 'timestamp': '2025-05-08T12:25:32.428702', 'temperature': 33.04, 'humidity': 43.3, 'status': 'critical'}
2025-05-08 12:25:33,844 - sensor-producer - INFO - Sending valid data: {'sensor_id': 1, 'timestamp': '2025-05-08T12:25:33.844787', 'temperature': 28.06, 'humidity': 54.17, 'status': 'critical'}
2025-05-08 12:25:35,558 - sensor-producer - INFO - Sending valid data: {'sensor_id': 7, 'timestamp': '2025-05-08T12:25:35.557790', 'temperature': 26.07, 'humidity': 30.84, 'status': 'normal'}
2025-05-08 12:25:36,955 - sensor-producer - INFO - Sending invalid data: {'sensor_id': None, 'timestamp': '2025-05-08T12:25:36.955532', 'temperature': 29.95, 'humidity': 45.26, 'status': 'warning', '_error_type': 'null_value:sensor_id'}
