Consumer Group 2 started: Analyzing user behavior and identifying high-value customers
===================================================================================
Processed: User 17 purchased $699.98
Processed: User 93 purchased $79.99
Processed: User 31 purchased $2599.98
Processed: User 4 purchased $999.98
Processed: User 83 purchased $2599.98
Processed: User 100 purchased $129.99
Processed: User 68 purchased $129.99
Processed: User 64 purchased $119.99
Processed: User 58 purchased $129.99
Processed: User 97 purchased $699.99

===== USER BEHAVIOR ANALYSIS =====
Top 5 customers by spending:
1. User 31 (HIGH-VALUE)
   Total Spending: $2599.98
   Transactions: 1
   Avg Order Value: $2599.98
   Product Diversity: 1 unique products
   Last Active: 2025-05-08 11:14:24
2. User 83 (HIGH-VALUE)
   Total Spending: $2599.98
   Transactions: 1
   Avg Order Value: $2599.98
   Product Diversity: 1 unique products
   Last Active: 2025-05-08 11:14:26
3. User 4 (Regular)
   Total Spending: $999.98
   Transactions: 1
   Avg Order Value: $999.98
   Product Diversity: 1 unique products
   Last Active: 2025-05-08 11:14:25
4. User 97 (Regular)
   Total Spending: $699.99
   Transactions: 1
   Avg Order Value: $699.99
   Product Diversity: 1 unique products
   Last Active: 2025-05-08 11:14:32
5. User 17 (Regular)
   Total Spending: $699.98
   Transactions: 1
   Avg Order Value: $699.98
   Product Diversity: 1 unique products
   Last Active: 2025-05-08 11:14:21

High-value customers: 2 out of 10 (20.0%)
===================================

Processed: User 76 purchased $239.98
Processed: User 83 purchased $1199.98
Processed: User 94 purchased $259.98
Processed: User 83 purchased $1199.98
Processed: User 10 purchased $999.95
Processed: User 49 purchased $119.99
Processed: User 89 purchased $79.99
Processed: User 71 purchased $999.98
Processed: User 29 purchased $1399.98
Processed: User 20 purchased $79.99

===== USER BEHAVIOR ANALYSIS =====
Top 5 customers by spending:
1. User 83 (HIGH-VALUE)
   Total Spending: $4999.94
   Transactions: 3
   Avg Order Value: $1666.65
   Product Diversity: 2 unique products
   Last Active: 2025-05-08 11:14:37
2. User 31 (HIGH-VALUE)
   Total Spending: $2599.98
   Transactions: 1
   Avg Order Value: $2599.98
   Product Diversity: 1 unique products
   Last Active: 2025-05-08 11:14:24
3. User 29 (HIGH-VALUE)
   Total Spending: $1399.98
   Transactions: 1
   Avg Order Value: $1399.98
   Product Diversity: 1 unique products
   Last Active: 2025-05-08 11:14:42
4. User 4 (Regular)
   Total Spending: $999.98
   Transactions: 1
   Avg Order Value: $999.98
   Product Diversity: 1 unique products
   Last Active: 2025-05-08 11:14:25
5. User 71 (Regular)
   Total Spending: $999.98
   Transactions: 1
   Avg Order Value: $999.98
   Product Diversity: 1 unique products
   Last Active: 2025-05-08 11:14:41

High-value customers: 3 out of 18 (16.7%)
===================================

Processed: User 12 purchased $79.99
Processed: User 5 purchased $199.99
Processed: User 8 purchased $359.97
Processed: User 27 purchased $199.99
Processed: User 31 purchased $119.99
Processed: User 29 purchased $1199.98
Processed: User 73 purchased $239.98
Processed: User 9 purchased $2799.96
Processed: User 67 purchased $259.98
Processed: User 47 purchased $499.99

===== USER BEHAVIOR ANALYSIS =====
Top 5 customers by spending:
1. User 83 (HIGH-VALUE)
   Total Spending: $4999.94
   Transactions: 3
   Avg Order Value: $1666.65
   Product Diversity: 2 unique products
   Last Active: 2025-05-08 11:14:37
2. User 9 (HIGH-VALUE)
   Total Spending: $2799.96
   Transactions: 1
   Avg Order Value: $2799.96
   Product Diversity: 1 unique products
   Last Active: 2025-05-08 11:14:55
3. User 31 (HIGH-VALUE)
   Total Spending: $2719.97
   Transactions: 2
   Avg Order Value: $1359.98
   Product Diversity: 2 unique products
   Last Active: 2025-05-08 11:14:50
4. User 29 (HIGH-VALUE)
   Total Spending: $2599.96
   Transactions: 2
   Avg Order Value: $1299.98
   Product Diversity: 2 unique products
   Last Active: 2025-05-08 11:14:51
5. User 4 (Regular)
   Total Spending: $999.98
   Transactions: 1
   Avg Order Value: $999.98
   Product Diversity: 1 unique products
   Last Active: 2025-05-08 11:14:25

High-value customers: 4 out of 26 (15.4%)
===================================

Processed: User 5 purchased $149.99
Processed: User 30 purchased $499.99
Processed: User 53 purchased $499.99
Processed: User 1 purchased $2399.96
Processed: User 95 purchased $499.99
Processed: User 31 purchased $1299.99
Processed: User 1 purchased $359.97
Processed: User 10 purchased $1399.98
Processed: User 90 purchased $1199.98
Processed: User 25 purchased $159.98

===== USER BEHAVIOR ANALYSIS =====
Top 5 customers by spending:
1. User 83 (HIGH-VALUE)
   Total Spending: $4999.94
   Transactions: 3
   Avg Order Value: $1666.65
   Product Diversity: 2 unique products
   Last Active: 2025-05-08 11:14:37
2. User 31 (HIGH-VALUE)
   Total Spending: $4019.96
   Transactions: 3
   Avg Order Value: $1339.99
   Product Diversity: 2 unique products
   Last Active: 2025-05-08 11:15:05
3. User 9 (HIGH-VALUE)
   Total Spending: $2799.96
   Transactions: 1
   Avg Order Value: $2799.96
   Product Diversity: 1 unique products
   Last Active: 2025-05-08 11:14:55
4. User 1 (HIGH-VALUE)
   Total Spending: $2759.93
   Transactions: 2
   Avg Order Value: $1379.97
   Product Diversity: 2 unique products
   Last Active: 2025-05-08 11:15:06
5. User 29 (HIGH-VALUE)
   Total Spending: $2599.96
   Transactions: 2
   Avg Order Value: $1299.98
   Product Diversity: 2 unique products
   Last Active: 2025-05-08 11:14:51

High-value customers: 7 out of 32 (21.9%)
===================================

Processed: User 37 purchased $129.99
Processed: User 32 purchased $399.98
Processed: User 2 purchased $1049.97
Processed: User 84 purchased $1299.99
Processed: User 1 purchased $5199.96
Processed: User 59 purchased $1399.98
Processed: User 61 purchased $199.99
Processed: User 99 purchased $119.99
Processed: User 13 purchased $1199.98
Processed: User 33 purchased $119.99

===== USER BEHAVIOR ANALYSIS =====
Top 5 customers by spending:
1. User 1 (HIGH-VALUE)
   Total Spending: $7959.89
   Transactions: 3
   Avg Order Value: $2653.30
   Product Diversity: 3 unique products
   Last Active: 2025-05-08 11:15:16
2. User 83 (HIGH-VALUE)
   Total Spending: $4999.94
   Transactions: 3
   Avg Order Value: $1666.65
   Product Diversity: 2 unique products
   Last Active: 2025-05-08 11:14:37
3. User 31 (HIGH-VALUE)
   Total Spending: $4019.96
   Transactions: 3
   Avg Order Value: $1339.99
   Product Diversity: 2 unique products
   Last Active: 2025-05-08 11:15:05
4. User 9 (HIGH-VALUE)
   Total Spending: $2799.96
   Transactions: 1
   Avg Order Value: $2799.96
   Product Diversity: 1 unique products
   Last Active: 2025-05-08 11:14:55
5. User 29 (HIGH-VALUE)
   Total Spending: $2599.96
   Transactions: 2
   Avg Order Value: $1299.98
   Product Diversity: 2 unique products
   Last Active: 2025-05-08 11:14:51

High-value customers: 11 out of 41 (26.8%)
===================================

Processed: User 32 purchased $1399.98
Processed: User 32 purchased $239.98
Processed: User 52 purchased $399.98
Processed: User 26 purchased $1199.98
Processed: User 94 purchased $239.98
Processed: User 59 purchased $199.99
Processed: User 94 purchased $79.99
Processed: User 93 purchased $399.98
Processed: User 98 purchased $699.98
Processed: User 34 purchased $159.98

===== USER BEHAVIOR ANALYSIS =====
Top 5 customers by spending:
1. User 1 (HIGH-VALUE)
   Total Spending: $7959.89
   Transactions: 3
   Avg Order Value: $2653.30
   Product Diversity: 3 unique products
   Last Active: 2025-05-08 11:15:16
2. User 83 (HIGH-VALUE)
   Total Spending: $4999.94
   Transactions: 3
   Avg Order Value: $1666.65
   Product Diversity: 2 unique products
   Last Active: 2025-05-08 11:14:37
3. User 31 (HIGH-VALUE)
   Total Spending: $4019.96
   Transactions: 3
   Avg Order Value: $1339.99
   Product Diversity: 2 unique products
   Last Active: 2025-05-08 11:15:05
4. User 9 (HIGH-VALUE)
   Total Spending: $2799.96
   Transactions: 1
   Avg Order Value: $2799.96
   Product Diversity: 1 unique products
   Last Active: 2025-05-08 11:14:55
5. User 29 (HIGH-VALUE)
   Total Spending: $2599.96
   Transactions: 2
   Avg Order Value: $1299.98
   Product Diversity: 2 unique products
   Last Active: 2025-05-08 11:14:51

High-value customers: 13 out of 45 (28.9%)
===================================

Processed: User 44 purchased $499.99
Processed: User 52 purchased $499.99
Processed: User 84 purchased $159.98
Processed: User 5 purchased $3499.95
Processed: User 40 purchased $699.99
Processed: User 65 purchased $999.98
Processed: User 29 purchased $119.99
Processed: User 55 purchased $1299.99
Processed: User 79 purchased $199.99
Processed: User 8 purchased $239.97

===== USER BEHAVIOR ANALYSIS =====
Top 5 customers by spending:
1. User 1 (HIGH-VALUE)
   Total Spending: $7959.89
   Transactions: 3
   Avg Order Value: $2653.30
   Product Diversity: 3 unique products
   Last Active: 2025-05-08 11:15:16
2. User 83 (HIGH-VALUE)
   Total Spending: $4999.94
   Transactions: 3
   Avg Order Value: $1666.65
   Product Diversity: 2 unique products
   Last Active: 2025-05-08 11:14:37
3. User 31 (HIGH-VALUE)
   Total Spending: $4019.96
   Transactions: 3
   Avg Order Value: $1339.99
   Product Diversity: 2 unique products
   Last Active: 2025-05-08 11:15:05
4. User 5 (HIGH-VALUE)
   Total Spending: $3849.93
   Transactions: 3
   Avg Order Value: $1283.31
   Product Diversity: 3 unique products
   Last Active: 2025-05-08 11:15:40
5. User 9 (HIGH-VALUE)
   Total Spending: $2799.96
   Transactions: 1
   Avg Order Value: $2799.96
   Product Diversity: 1 unique products
   Last Active: 2025-05-08 11:14:55

High-value customers: 15 out of 50 (30.0%)
===================================

Processed: User 25 purchased $149.99
Processed: User 21 purchased $159.98
Processed: User 31 purchased $499.99
Processed: User 89 purchased $1199.98
Processed: User 24 purchased $159.98
Processed: User 2 purchased $649.95
Processed: User 28 purchased $1299.99
Processed: User 34 purchased $159.98
Processed: User 94 purchased $399.98
Processed: User 6 purchased $699.99

===== USER BEHAVIOR ANALYSIS =====
Top 5 customers by spending:
1. User 1 (HIGH-VALUE)
   Total Spending: $7959.89
   Transactions: 3
   Avg Order Value: $2653.30
   Product Diversity: 3 unique products
   Last Active: 2025-05-08 11:15:16
2. User 83 (HIGH-VALUE)
   Total Spending: $4999.94
   Transactions: 3
   Avg Order Value: $1666.65
   Product Diversity: 2 unique products
   Last Active: 2025-05-08 11:14:37
3. User 31 (HIGH-VALUE)
   Total Spending: $4519.95
   Transactions: 4
   Avg Order Value: $1129.99
   Product Diversity: 3 unique products
   Last Active: 2025-05-08 11:15:53
4. User 5 (HIGH-VALUE)
   Total Spending: $3849.93
   Transactions: 3
   Avg Order Value: $1283.31
   Product Diversity: 3 unique products
   Last Active: 2025-05-08 11:15:40
5. User 9 (HIGH-VALUE)
   Total Spending: $2799.96
   Transactions: 1
   Avg Order Value: $2799.96
   Product Diversity: 1 unique products
   Last Active: 2025-05-08 11:14:55

High-value customers: 17 out of 54 (31.5%)
===================================

Processed: User 16 purchased $199.99
Processed: User 46 purchased $599.99
Processed: User 66 purchased $299.98
Processed: User 73 purchased $1299.99
Processed: User 61 purchased $699.99
Processed: User 46 purchased $699.99
Processed: User 61 purchased $239.98
Processed: User 50 purchased $399.98
Processed: User 70 purchased $119.99
Processed: User 12 purchased $2599.98

===== USER BEHAVIOR ANALYSIS =====
Top 5 customers by spending:
1. User 1 (HIGH-VALUE)
   Total Spending: $7959.89
   Transactions: 3
   Avg Order Value: $2653.30
   Product Diversity: 3 unique products
   Last Active: 2025-05-08 11:15:16
2. User 83 (HIGH-VALUE)
   Total Spending: $4999.94
   Transactions: 3
   Avg Order Value: $1666.65
   Product Diversity: 2 unique products
   Last Active: 2025-05-08 11:14:37
3. User 31 (HIGH-VALUE)
   Total Spending: $4519.95
   Transactions: 4
   Avg Order Value: $1129.99
   Product Diversity: 3 unique products
   Last Active: 2025-05-08 11:15:53
4. User 5 (HIGH-VALUE)
   Total Spending: $3849.93
   Transactions: 3
   Avg Order Value: $1283.31
   Product Diversity: 3 unique products
   Last Active: 2025-05-08 11:15:40
5. User 9 (HIGH-VALUE)
   Total Spending: $2799.96
   Transactions: 1
   Avg Order Value: $2799.96
   Product Diversity: 1 unique products
   Last Active: 2025-05-08 11:14:55

High-value customers: 21 out of 59 (35.6%)
===================================

Processed: User 9 purchased $449.97
Processed: User 58 purchased $119.99
Processed: User 31 purchased $499.99
Processed: User 37 purchased $999.98
Processed: User 100 purchased $1299.99
Processed: User 1 purchased $2499.95
Processed: User 19 purchased $699.98
Processed: User 85 purchased $299.98
Processed: User 25 purchased $699.99
Processed: User 16 purchased $699.98

===== USER BEHAVIOR ANALYSIS =====
Top 5 customers by spending:
1. User 1 (HIGH-VALUE)
   Total Spending: $10459.84
   Transactions: 4
   Avg Order Value: $2614.96
   Product Diversity: 4 unique products
   Last Active: 2025-05-08 11:16:22
2. User 31 (HIGH-VALUE)
   Total Spending: $5019.94
   Transactions: 5
   Avg Order Value: $1003.99
   Product Diversity: 3 unique products
   Last Active: 2025-05-08 11:16:17
3. User 83 (HIGH-VALUE)
   Total Spending: $4999.94
   Transactions: 3
   Avg Order Value: $1666.65
   Product Diversity: 2 unique products
   Last Active: 2025-05-08 11:14:37
4. User 5 (HIGH-VALUE)
   Total Spending: $3849.93
   Transactions: 3
   Avg Order Value: $1283.31
   Product Diversity: 3 unique products
   Last Active: 2025-05-08 11:15:40
5. User 9 (HIGH-VALUE)
   Total Spending: $3249.93
   Transactions: 2
   Avg Order Value: $1624.97
   Product Diversity: 2 unique products
   Last Active: 2025-05-08 11:16:15

High-value customers: 24 out of 61 (39.3%)
===================================

Processed: User 29 purchased $599.99
Processed: User 25 purchased $699.99
Processed: User 32 purchased $399.98
Processed: User 73 purchased $79.99
Processed: User 22 purchased $2599.98
Processed: User 32 purchased $599.99
Processed: User 5 purchased $1499.97
Processed: User 85 purchased $119.99
Processed: User 30 purchased $1399.98
Processed: User 61 purchased $119.99

===== USER BEHAVIOR ANALYSIS =====
Top 5 customers by spending:
1. User 1 (HIGH-VALUE)
   Total Spending: $10459.84
   Transactions: 4
   Avg Order Value: $2614.96
   Product Diversity: 4 unique products
   Last Active: 2025-05-08 11:16:22
2. User 5 (HIGH-VALUE)
   Total Spending: $5349.90
   Transactions: 4
   Avg Order Value: $1337.47
   Product Diversity: 4 unique products
   Last Active: 2025-05-08 11:16:35
3. User 31 (HIGH-VALUE)
   Total Spending: $5019.94
   Transactions: 5
   Avg Order Value: $1003.99
   Product Diversity: 3 unique products
   Last Active: 2025-05-08 11:16:17
4. User 83 (HIGH-VALUE)
   Total Spending: $4999.94
   Transactions: 3
   Avg Order Value: $1666.65
   Product Diversity: 2 unique products
   Last Active: 2025-05-08 11:14:37
5. User 29 (HIGH-VALUE)
   Total Spending: $3319.94
   Transactions: 4
   Avg Order Value: $829.98
   Product Diversity: 3 unique products
   Last Active: 2025-05-08 11:16:27

High-value customers: 26 out of 62 (41.9%)
===================================

Processed: User 30 purchased $159.98
Processed: User 100 purchased $199.99
Processed: User 14 purchased $499.99
Processed: User 99 purchased $399.98
Processed: User 3 purchased $1049.97
Processed: User 91 purchased $79.99
Processed: User 90 purchased $499.99
Processed: User 2 purchased $239.97
Processed: User 98 purchased $399.98
Processed: User 22 purchased $149.99

===== USER BEHAVIOR ANALYSIS =====
Top 5 customers by spending:
1. User 1 (HIGH-VALUE)
   Total Spending: $10459.84
   Transactions: 4
   Avg Order Value: $2614.96
   Product Diversity: 4 unique products
   Last Active: 2025-05-08 11:16:22
2. User 5 (HIGH-VALUE)
   Total Spending: $5349.90
   Transactions: 4
   Avg Order Value: $1337.47
   Product Diversity: 4 unique products
   Last Active: 2025-05-08 11:16:35
3. User 31 (HIGH-VALUE)
   Total Spending: $5019.94
   Transactions: 5
   Avg Order Value: $1003.99
   Product Diversity: 3 unique products
   Last Active: 2025-05-08 11:16:17
4. User 83 (HIGH-VALUE)
   Total Spending: $4999.94
   Transactions: 3
   Avg Order Value: $1666.65
   Product Diversity: 2 unique products
   Last Active: 2025-05-08 11:14:37
5. User 29 (HIGH-VALUE)
   Total Spending: $3319.94
   Transactions: 4
   Avg Order Value: $829.98
   Product Diversity: 3 unique products
   Last Active: 2025-05-08 11:16:27

High-value customers: 28 out of 65 (43.1%)
===================================

Processed: User 34 purchased $129.99
Processed: User 82 purchased $599.99
Processed: User 70 purchased $239.98
Processed: User 85 purchased $2599.98
Processed: User 75 purchased $1399.98
Processed: User 61 purchased $259.98
Processed: User 55 purchased $1399.98
Processed: User 33 purchased $599.99
Processed: User 21 purchased $699.99
Processed: User 82 purchased $259.98

===== USER BEHAVIOR ANALYSIS =====
Top 5 customers by spending:
1. User 1 (HIGH-VALUE)
   Total Spending: $10459.84
   Transactions: 4
   Avg Order Value: $2614.96
   Product Diversity: 4 unique products
   Last Active: 2025-05-08 11:16:22
2. User 5 (HIGH-VALUE)
   Total Spending: $5349.90
   Transactions: 4
   Avg Order Value: $1337.47
   Product Diversity: 4 unique products
   Last Active: 2025-05-08 11:16:35
3. User 31 (HIGH-VALUE)
   Total Spending: $5019.94
   Transactions: 5
   Avg Order Value: $1003.99
   Product Diversity: 3 unique products
   Last Active: 2025-05-08 11:16:17
4. User 83 (HIGH-VALUE)
   Total Spending: $4999.94
   Transactions: 3
   Avg Order Value: $1666.65
   Product Diversity: 2 unique products
   Last Active: 2025-05-08 11:14:37
5. User 29 (HIGH-VALUE)
   Total Spending: $3319.94
   Transactions: 4
   Avg Order Value: $829.98
   Product Diversity: 3 unique products
   Last Active: 2025-05-08 11:16:27

High-value customers: 30 out of 67 (44.8%)
===================================

Processed: User 4 purchased $699.99
Processed: User 1 purchased $299.98
Processed: User 88 purchased $239.98
Processed: User 44 purchased $239.98
Processed: User 7 purchased $149.99
Processed: User 76 purchased $399.98
Processed: User 39 purchased $999.98
Processed: User 78 purchased $999.98
Processed: User 84 purchased $699.99
Processed: User 91 purchased $699.98

===== USER BEHAVIOR ANALYSIS =====
Top 5 customers by spending:
1. User 1 (HIGH-VALUE)
   Total Spending: $10759.82
   Transactions: 5
   Avg Order Value: $2151.96
   Product Diversity: 5 unique products
   Last Active: 2025-05-08 11:17:06
2. User 5 (HIGH-VALUE)
   Total Spending: $5349.90
   Transactions: 4
   Avg Order Value: $1337.47
   Product Diversity: 4 unique products
   Last Active: 2025-05-08 11:16:35
3. User 31 (HIGH-VALUE)
   Total Spending: $5019.94
   Transactions: 5
   Avg Order Value: $1003.99
   Product Diversity: 3 unique products
   Last Active: 2025-05-08 11:16:17
4. User 83 (HIGH-VALUE)
   Total Spending: $4999.94
   Transactions: 3
   Avg Order Value: $1666.65
   Product Diversity: 2 unique products
   Last Active: 2025-05-08 11:14:37
5. User 29 (HIGH-VALUE)
   Total Spending: $3319.94
   Transactions: 4
   Avg Order Value: $829.98
   Product Diversity: 3 unique products
   Last Active: 2025-05-08 11:16:27

High-value customers: 31 out of 71 (43.7%)
===================================

Processed: User 4 purchased $1399.96
Processed: User 7 purchased $79.99
Processed: User 9 purchased $1399.98
Processed: User 26 purchased $1199.98
Processed: User 4 purchased $749.95
Processed: User 86 purchased $2599.98
Processed: User 30 purchased $349.99
Processed: User 90 purchased $259.98
Processed: User 53 purchased $599.99
Processed: User 1 purchased $799.96

===== USER BEHAVIOR ANALYSIS =====
Top 5 customers by spending:
1. User 1 (HIGH-VALUE)
   Total Spending: $11559.78
   Transactions: 6
   Avg Order Value: $1926.63
   Product Diversity: 6 unique products
   Last Active: 2025-05-08 11:17:27
2. User 5 (HIGH-VALUE)
   Total Spending: $5349.90
   Transactions: 4
   Avg Order Value: $1337.47
   Product Diversity: 4 unique products
   Last Active: 2025-05-08 11:16:35
3. User 31 (HIGH-VALUE)
   Total Spending: $5019.94
   Transactions: 5
   Avg Order Value: $1003.99
   Product Diversity: 3 unique products
   Last Active: 2025-05-08 11:16:17
4. User 83 (HIGH-VALUE)
   Total Spending: $4999.94
   Transactions: 3
   Avg Order Value: $1666.65
   Product Diversity: 2 unique products
   Last Active: 2025-05-08 11:14:37
5. User 9 (HIGH-VALUE)
   Total Spending: $4649.91
   Transactions: 3
   Avg Order Value: $1549.97
   Product Diversity: 2 unique products
   Last Active: 2025-05-08 11:17:20

High-value customers: 33 out of 72 (45.8%)
===================================

Processed: User 22 purchased $1399.98
Processed: User 16 purchased $1399.98
Processed: User 40 purchased $399.98
Processed: User 45 purchased $1399.98
Processed: User 84 purchased $239.98
Processed: User 51 purchased $129.99
Processed: User 34 purchased $119.99
Processed: User 2 purchased $119.99
Processed: User 89 purchased $2599.98
Processed: User 69 purchased $999.98

===== USER BEHAVIOR ANALYSIS =====
Top 5 customers by spending:
1. User 1 (HIGH-VALUE)
   Total Spending: $11559.78
   Transactions: 6
   Avg Order Value: $1926.63
   Product Diversity: 6 unique products
   Last Active: 2025-05-08 11:17:27
2. User 5 (HIGH-VALUE)
   Total Spending: $5349.90
   Transactions: 4
   Avg Order Value: $1337.47
   Product Diversity: 4 unique products
   Last Active: 2025-05-08 11:16:35
3. User 31 (HIGH-VALUE)
   Total Spending: $5019.94
   Transactions: 5
   Avg Order Value: $1003.99
   Product Diversity: 3 unique products
   Last Active: 2025-05-08 11:16:17
4. User 83 (HIGH-VALUE)
   Total Spending: $4999.94
   Transactions: 3
   Avg Order Value: $1666.65
   Product Diversity: 2 unique products
   Last Active: 2025-05-08 11:14:37
5. User 9 (HIGH-VALUE)
   Total Spending: $4649.91
   Transactions: 3
   Avg Order Value: $1549.97
   Product Diversity: 2 unique products
   Last Active: 2025-05-08 11:17:20

High-value customers: 36 out of 75 (48.0%)
===================================

Processed: User 27 purchased $239.98
Processed: User 5 purchased $239.98
Processed: User 35 purchased $399.98
Processed: User 20 purchased $1299.99
Processed: User 14 purchased $259.98
Processed: User 99 purchased $239.98
Processed: User 29 purchased $79.99
Processed: User 80 purchased $499.99
Processed: User 19 purchased $129.99
Processed: User 59 purchased $299.98

===== USER BEHAVIOR ANALYSIS =====
Top 5 customers by spending:
1. User 1 (HIGH-VALUE)
   Total Spending: $11559.78
   Transactions: 6
   Avg Order Value: $1926.63
   Product Diversity: 6 unique products
   Last Active: 2025-05-08 11:17:27
2. User 5 (HIGH-VALUE)
   Total Spending: $5589.88
   Transactions: 5
   Avg Order Value: $1117.98
   Product Diversity: 5 unique products
   Last Active: 2025-05-08 11:17:43
3. User 31 (HIGH-VALUE)
   Total Spending: $5019.94
   Transactions: 5
   Avg Order Value: $1003.99
   Product Diversity: 3 unique products
   Last Active: 2025-05-08 11:16:17
4. User 83 (HIGH-VALUE)
   Total Spending: $4999.94
   Transactions: 3
   Avg Order Value: $1666.65
   Product Diversity: 2 unique products
   Last Active: 2025-05-08 11:14:37
5. User 9 (HIGH-VALUE)
   Total Spending: $4649.91
   Transactions: 3
   Avg Order Value: $1549.97
   Product Diversity: 2 unique products
   Last Active: 2025-05-08 11:17:20

High-value customers: 37 out of 77 (48.1%)
===================================

Processed: User 28 purchased $349.99
Processed: User 23 purchased $159.98
Processed: User 10 purchased $2999.95
Processed: User 12 purchased $1399.98
Processed: User 25 purchased $699.98
Processed: User 12 purchased $149.99
Processed: User 97 purchased $159.98
Processed: User 6 purchased $749.95
Processed: User 94 purchased $1299.99
Processed: User 96 purchased $1399.98

===== USER BEHAVIOR ANALYSIS =====
Top 5 customers by spending:
1. User 1 (HIGH-VALUE)
   Total Spending: $11559.78
   Transactions: 6
   Avg Order Value: $1926.63
   Product Diversity: 6 unique products
   Last Active: 2025-05-08 11:17:27
2. User 5 (HIGH-VALUE)
   Total Spending: $5589.88
   Transactions: 5
   Avg Order Value: $1117.98
   Product Diversity: 5 unique products
   Last Active: 2025-05-08 11:17:43
3. User 10 (HIGH-VALUE)
   Total Spending: $5399.88
   Transactions: 3
   Avg Order Value: $1799.96
   Product Diversity: 3 unique products
   Last Active: 2025-05-08 11:17:56
4. User 31 (HIGH-VALUE)
   Total Spending: $5019.94
   Transactions: 5
   Avg Order Value: $1003.99
   Product Diversity: 3 unique products
   Last Active: 2025-05-08 11:16:17
5. User 83 (HIGH-VALUE)
   Total Spending: $4999.94
   Transactions: 3
   Avg Order Value: $1666.65
   Product Diversity: 2 unique products
   Last Active: 2025-05-08 11:14:37

High-value customers: 40 out of 79 (50.6%)
===================================

Processed: User 57 purchased $1399.98
Processed: User 6 purchased $2799.96
Processed: User 54 purchased $999.98
Processed: User 100 purchased $239.98
Processed: User 89 purchased $349.99
Processed: User 25 purchased $239.98
Processed: User 5 purchased $2499.95
Processed: User 3 purchased $1799.97
Processed: User 75 purchased $129.99
Processed: User 36 purchased $499.99

===== USER BEHAVIOR ANALYSIS =====
Top 5 customers by spending:
1. User 1 (HIGH-VALUE)
   Total Spending: $11559.78
   Transactions: 6
   Avg Order Value: $1926.63
   Product Diversity: 6 unique products
   Last Active: 2025-05-08 11:17:27
2. User 5 (HIGH-VALUE)
   Total Spending: $8089.83
   Transactions: 6
   Avg Order Value: $1348.30
   Product Diversity: 5 unique products
   Last Active: 2025-05-08 11:18:13
3. User 10 (HIGH-VALUE)
   Total Spending: $5399.88
   Transactions: 3
   Avg Order Value: $1799.96
   Product Diversity: 3 unique products
   Last Active: 2025-05-08 11:17:56
4. User 31 (HIGH-VALUE)
   Total Spending: $5019.94
   Transactions: 5
   Avg Order Value: $1003.99
   Product Diversity: 3 unique products
   Last Active: 2025-05-08 11:16:17
5. User 83 (HIGH-VALUE)
   Total Spending: $4999.94
   Transactions: 3
   Avg Order Value: $1666.65
   Product Diversity: 2 unique products
   Last Active: 2025-05-08 11:14:37

High-value customers: 41 out of 82 (50.0%)
===================================

Processed: User 30 purchased $599.99
Processed: User 57 purchased $299.98
Processed: User 31 purchased $199.99
Processed: User 2 purchased $6499.95
Processed: User 67 purchased $599.99
Processed: User 57 purchased $129.99
Processed: User 43 purchased $119.99
Processed: User 34 purchased $239.98
Processed: User 54 purchased $349.99
Processed: User 89 purchased $349.99

===== USER BEHAVIOR ANALYSIS =====
Top 5 customers by spending:
1. User 1 (HIGH-VALUE)
   Total Spending: $11559.78
   Transactions: 6
   Avg Order Value: $1926.63
   Product Diversity: 6 unique products
   Last Active: 2025-05-08 11:17:27
2. User 2 (HIGH-VALUE)
   Total Spending: $8559.83
   Transactions: 5
   Avg Order Value: $1711.97
   Product Diversity: 5 unique products
   Last Active: 2025-05-08 11:18:23
3. User 5 (HIGH-VALUE)
   Total Spending: $8089.83
   Transactions: 6
   Avg Order Value: $1348.30
   Product Diversity: 5 unique products
   Last Active: 2025-05-08 11:18:13
4. User 10 (HIGH-VALUE)
   Total Spending: $5399.88
   Transactions: 3
   Avg Order Value: $1799.96
   Product Diversity: 3 unique products
   Last Active: 2025-05-08 11:17:56
5. User 31 (HIGH-VALUE)
   Total Spending: $5219.93
   Transactions: 6
   Avg Order Value: $869.99
   Product Diversity: 4 unique products
   Last Active: 2025-05-08 11:18:22

High-value customers: 42 out of 83 (50.6%)
===================================

Processed: User 26 purchased $999.98
Processed: User 1 purchased $199.99
Processed: User 3 purchased $5199.96
Processed: User 52 purchased $199.99
Processed: User 39 purchased $119.99
Processed: User 8 purchased $129.99
Processed: User 76 purchased $129.99
Processed: User 64 purchased $2599.98
Processed: User 8 purchased $699.99
Processed: User 7 purchased $999.95

===== USER BEHAVIOR ANALYSIS =====
Top 5 customers by spending:
1. User 1 (HIGH-VALUE)
   Total Spending: $11759.77
   Transactions: 7
   Avg Order Value: $1679.97
   Product Diversity: 6 unique products
   Last Active: 2025-05-08 11:18:33
2. User 2 (HIGH-VALUE)
   Total Spending: $8559.83
   Transactions: 5
   Avg Order Value: $1711.97
   Product Diversity: 5 unique products
   Last Active: 2025-05-08 11:18:23
3. User 5 (HIGH-VALUE)
   Total Spending: $8089.83
   Transactions: 6
   Avg Order Value: $1348.30
   Product Diversity: 5 unique products
   Last Active: 2025-05-08 11:18:13
4. User 3 (HIGH-VALUE)
   Total Spending: $8049.90
   Transactions: 3
   Avg Order Value: $2683.30
   Product Diversity: 3 unique products
   Last Active: 2025-05-08 11:18:34
5. User 10 (HIGH-VALUE)
   Total Spending: $5399.88
   Transactions: 3
   Avg Order Value: $1799.96
   Product Diversity: 3 unique products
   Last Active: 2025-05-08 11:17:56

High-value customers: 47 out of 83 (56.6%)
===================================

Processed: User 96 purchased $239.98
Processed: User 53 purchased $239.98
Processed: User 2 purchased $2999.95
Processed: User 52 purchased $129.99
Processed: User 7 purchased $2999.95
Processed: User 30 purchased $159.98
Processed: User 74 purchased $2599.98
Processed: User 87 purchased $259.98
Processed: User 38 purchased $1299.99
Processed: User 80 purchased $129.99

===== USER BEHAVIOR ANALYSIS =====
Top 5 customers by spending:
1. User 1 (HIGH-VALUE)
   Total Spending: $11759.77
   Transactions: 7
   Avg Order Value: $1679.97
   Product Diversity: 6 unique products
   Last Active: 2025-05-08 11:18:33
2. User 2 (HIGH-VALUE)
   Total Spending: $11559.78
   Transactions: 6
   Avg Order Value: $1926.63
   Product Diversity: 6 unique products
   Last Active: 2025-05-08 11:18:45
3. User 5 (HIGH-VALUE)
   Total Spending: $8089.83
   Transactions: 6
   Avg Order Value: $1348.30
   Product Diversity: 5 unique products
   Last Active: 2025-05-08 11:18:13
4. User 3 (HIGH-VALUE)
   Total Spending: $8049.90
   Transactions: 3
   Avg Order Value: $2683.30
   Product Diversity: 3 unique products
   Last Active: 2025-05-08 11:18:34
5. User 10 (HIGH-VALUE)
   Total Spending: $5399.88
   Transactions: 3
   Avg Order Value: $1799.96
   Product Diversity: 3 unique products
   Last Active: 2025-05-08 11:17:56

High-value customers: 49 out of 86 (57.0%)
===================================

Processed: User 65 purchased $1299.99
Processed: User 28 purchased $199.99
Processed: User 10 purchased $479.96
Processed: User 63 purchased $159.98
Processed: User 54 purchased $79.99
Processed: User 9 purchased $299.98
Processed: User 86 purchased $699.98
Processed: User 16 purchased $239.98
Processed: User 36 purchased $999.98
Processed: User 67 purchased $239.98

===== USER BEHAVIOR ANALYSIS =====
Top 5 customers by spending:
1. User 1 (HIGH-VALUE)
   Total Spending: $11759.77
   Transactions: 7
   Avg Order Value: $1679.97
   Product Diversity: 6 unique products
   Last Active: 2025-05-08 11:18:33
2. User 2 (HIGH-VALUE)
   Total Spending: $11559.78
   Transactions: 6
   Avg Order Value: $1926.63
   Product Diversity: 6 unique products
   Last Active: 2025-05-08 11:18:45
3. User 5 (HIGH-VALUE)
   Total Spending: $8089.83
   Transactions: 6
   Avg Order Value: $1348.30
   Product Diversity: 5 unique products
   Last Active: 2025-05-08 11:18:13
4. User 3 (HIGH-VALUE)
   Total Spending: $8049.90
   Transactions: 3
   Avg Order Value: $2683.30
   Product Diversity: 3 unique products
   Last Active: 2025-05-08 11:18:34
5. User 10 (HIGH-VALUE)
   Total Spending: $5879.84
   Transactions: 4
   Avg Order Value: $1469.96
   Product Diversity: 4 unique products
   Last Active: 2025-05-08 11:18:56

High-value customers: 52 out of 87 (59.8%)
===================================

Processed: User 76 purchased $1199.98
Processed: User 45 purchased $2599.98
Processed: User 60 purchased $2599.98
Processed: User 92 purchased $199.99
Processed: User 58 purchased $599.99
Processed: User 7 purchased $3499.95
Processed: User 51 purchased $1299.99
Processed: User 9 purchased $699.98
Processed: User 5 purchased $239.97
Processed: User 7 purchased $499.99

===== USER BEHAVIOR ANALYSIS =====
Top 5 customers by spending:
1. User 1 (HIGH-VALUE)
   Total Spending: $11759.77
   Transactions: 7
   Avg Order Value: $1679.97
   Product Diversity: 6 unique products
   Last Active: 2025-05-08 11:18:33
2. User 2 (HIGH-VALUE)
   Total Spending: $11559.78
   Transactions: 6
   Avg Order Value: $1926.63
   Product Diversity: 6 unique products
   Last Active: 2025-05-08 11:18:45
3. User 5 (HIGH-VALUE)
   Total Spending: $8329.80
   Transactions: 7
   Avg Order Value: $1189.97
   Product Diversity: 6 unique products
   Last Active: 2025-05-08 11:19:19
4. User 7 (HIGH-VALUE)
   Total Spending: $8229.82
   Transactions: 6
   Avg Order Value: $1371.64
   Product Diversity: 6 unique products
   Last Active: 2025-05-08 11:19:21
5. User 3 (HIGH-VALUE)
   Total Spending: $8049.90
   Transactions: 3
   Avg Order Value: $2683.30
   Product Diversity: 3 unique products
   Last Active: 2025-05-08 11:18:34

High-value customers: 55 out of 89 (61.8%)
===================================

Processed: User 28 purchased $1199.98
Processed: User 66 purchased $399.98
Processed: User 34 purchased $2599.98
Processed: User 51 purchased $119.99
Processed: User 1 purchased $1199.98
Processed: User 36 purchased $499.99
Processed: User 78 purchased $259.98
Processed: User 70 purchased $999.98
Processed: User 13 purchased $499.99
Processed: User 16 purchased $159.98

===== USER BEHAVIOR ANALYSIS =====
Top 5 customers by spending:
1. User 1 (HIGH-VALUE)
   Total Spending: $12959.75
   Transactions: 8
   Avg Order Value: $1619.97
   Product Diversity: 6 unique products
   Last Active: 2025-05-08 11:19:26
2. User 2 (HIGH-VALUE)
   Total Spending: $11559.78
   Transactions: 6
   Avg Order Value: $1926.63
   Product Diversity: 6 unique products
   Last Active: 2025-05-08 11:18:45
3. User 5 (HIGH-VALUE)
   Total Spending: $8329.80
   Transactions: 7
   Avg Order Value: $1189.97
   Product Diversity: 6 unique products
   Last Active: 2025-05-08 11:19:19
4. User 7 (HIGH-VALUE)
   Total Spending: $8229.82
   Transactions: 6
   Avg Order Value: $1371.64
   Product Diversity: 6 unique products
   Last Active: 2025-05-08 11:19:21
5. User 3 (HIGH-VALUE)
   Total Spending: $8049.90
   Transactions: 3
   Avg Order Value: $2683.30
   Product Diversity: 3 unique products
   Last Active: 2025-05-08 11:18:34

High-value customers: 58 out of 89 (65.2%)
===================================

Processed: User 1 purchased $149.99
Processed: User 36 purchased $499.99
Processed: User 5 purchased $499.99
Processed: User 93 purchased $159.98
Processed: User 51 purchased $79.99
Processed: User 77 purchased $1299.99
Processed: User 6 purchased $299.98
Processed: User 78 purchased $299.98
Processed: User 61 purchased $119.99
Processed: User 54 purchased $79.99

===== USER BEHAVIOR ANALYSIS =====
Top 5 customers by spending:
1. User 1 (HIGH-VALUE)
   Total Spending: $13109.74
   Transactions: 9
   Avg Order Value: $1456.64
   Product Diversity: 6 unique products
   Last Active: 2025-05-08 11:19:33
2. User 2 (HIGH-VALUE)
   Total Spending: $11559.78
   Transactions: 6
   Avg Order Value: $1926.63
   Product Diversity: 6 unique products
   Last Active: 2025-05-08 11:18:45
3. User 5 (HIGH-VALUE)
   Total Spending: $8829.79
   Transactions: 8
   Avg Order Value: $1103.72
   Product Diversity: 6 unique products
   Last Active: 2025-05-08 11:19:34
4. User 7 (HIGH-VALUE)
   Total Spending: $8229.82
   Transactions: 6
   Avg Order Value: $1371.64
   Product Diversity: 6 unique products
   Last Active: 2025-05-08 11:19:21
5. User 3 (HIGH-VALUE)
   Total Spending: $8049.90
   Transactions: 3
   Avg Order Value: $2683.30
   Product Diversity: 3 unique products
   Last Active: 2025-05-08 11:18:34

High-value customers: 59 out of 90 (65.6%)
===================================

Processed: User 21 purchased $79.99
Processed: User 97 purchased $149.99
Processed: User 24 purchased $239.98
Processed: User 4 purchased $3499.95
Processed: User 80 purchased $2599.98
Processed: User 100 purchased $119.99
Processed: User 81 purchased $259.98
Processed: User 89 purchased $259.98
Processed: User 24 purchased $239.98
Processed: User 87 purchased $999.98

===== USER BEHAVIOR ANALYSIS =====
Top 5 customers by spending:
1. User 1 (HIGH-VALUE)
   Total Spending: $13109.74
   Transactions: 9
   Avg Order Value: $1456.64
   Product Diversity: 6 unique products
   Last Active: 2025-05-08 11:19:33
2. User 2 (HIGH-VALUE)
   Total Spending: $11559.78
   Transactions: 6
   Avg Order Value: $1926.63
   Product Diversity: 6 unique products
   Last Active: 2025-05-08 11:18:45
3. User 5 (HIGH-VALUE)
   Total Spending: $8829.79
   Transactions: 8
   Avg Order Value: $1103.72
   Product Diversity: 6 unique products
   Last Active: 2025-05-08 11:19:34
4. User 7 (HIGH-VALUE)
   Total Spending: $8229.82
   Transactions: 6
   Avg Order Value: $1371.64
   Product Diversity: 6 unique products
   Last Active: 2025-05-08 11:19:21
5. User 3 (HIGH-VALUE)
   Total Spending: $8049.90
   Transactions: 3
   Avg Order Value: $2683.30
   Product Diversity: 3 unique products
   Last Active: 2025-05-08 11:18:34

High-value customers: 62 out of 91 (68.1%)
===================================

Processed: User 92 purchased $399.98
Processed: User 4 purchased $319.96
Processed: User 85 purchased $239.98
Processed: User 28 purchased $299.98
Processed: User 7 purchased $399.95
Processed: User 30 purchased $2599.98
Processed: User 93 purchased $699.98
Processed: User 40 purchased $259.98
Processed: User 64 purchased $999.98
Processed: User 73 purchased $199.99

===== USER BEHAVIOR ANALYSIS =====
Top 5 customers by spending:
1. User 1 (HIGH-VALUE)
   Total Spending: $13109.74
   Transactions: 9
   Avg Order Value: $1456.64
   Product Diversity: 6 unique products
   Last Active: 2025-05-08 11:19:33
2. User 2 (HIGH-VALUE)
   Total Spending: $11559.78
   Transactions: 6
   Avg Order Value: $1926.63
   Product Diversity: 6 unique products
   Last Active: 2025-05-08 11:18:45
3. User 5 (HIGH-VALUE)
   Total Spending: $8829.79
   Transactions: 8
   Avg Order Value: $1103.72
   Product Diversity: 6 unique products
   Last Active: 2025-05-08 11:19:34
4. User 7 (HIGH-VALUE)
   Total Spending: $8629.77
   Transactions: 7
   Avg Order Value: $1232.82
   Product Diversity: 6 unique products
   Last Active: 2025-05-08 11:20:02
5. User 3 (HIGH-VALUE)
   Total Spending: $8049.90
   Transactions: 3
   Avg Order Value: $2683.30
   Product Diversity: 3 unique products
   Last Active: 2025-05-08 11:18:34

High-value customers: 63 out of 91 (69.2%)
===================================

Processed: User 54 purchased $399.98
Processed: User 35 purchased $599.99
Processed: User 55 purchased $129.99
Processed: User 69 purchased $1399.98
Processed: User 36 purchased $259.98
Processed: User 4 purchased $649.95
Processed: User 27 purchased $399.98
Processed: User 72 purchased $399.98
Processed: User 33 purchased $1199.98
Processed: User 85 purchased $349.99

===== USER BEHAVIOR ANALYSIS =====
Top 5 customers by spending:
1. User 1 (HIGH-VALUE)
   Total Spending: $13109.74
   Transactions: 9
   Avg Order Value: $1456.64
   Product Diversity: 6 unique products
   Last Active: 2025-05-08 11:19:33
2. User 2 (HIGH-VALUE)
   Total Spending: $11559.78
   Transactions: 6
   Avg Order Value: $1926.63
   Product Diversity: 6 unique products
   Last Active: 2025-05-08 11:18:45
3. User 5 (HIGH-VALUE)
   Total Spending: $8829.79
   Transactions: 8
   Avg Order Value: $1103.72
   Product Diversity: 6 unique products
   Last Active: 2025-05-08 11:19:34
4. User 7 (HIGH-VALUE)
   Total Spending: $8629.77
   Transactions: 7
   Avg Order Value: $1232.82
   Product Diversity: 6 unique products
   Last Active: 2025-05-08 11:20:02
5. User 4 (HIGH-VALUE)
   Total Spending: $8319.74
   Transactions: 7
   Avg Order Value: $1188.53
   Product Diversity: 6 unique products
   Last Active: 2025-05-08 11:20:16

High-value customers: 65 out of 92 (70.7%)
===================================

Processed: User 79 purchased $999.98
Processed: User 35 purchased $199.99
Processed: User 7 purchased $1199.98
Processed: User 42 purchased $1399.98
Processed: User 51 purchased $399.98
Processed: User 9 purchased $699.99
Processed: User 59 purchased $129.99
Processed: User 99 purchased $1399.98
Processed: User 99 purchased $239.98
Processed: User 46 purchased $499.99

===== USER BEHAVIOR ANALYSIS =====
Top 5 customers by spending:
1. User 1 (HIGH-VALUE)
   Total Spending: $13109.74
   Transactions: 9
   Avg Order Value: $1456.64
   Product Diversity: 6 unique products
   Last Active: 2025-05-08 11:19:33
2. User 2 (HIGH-VALUE)
   Total Spending: $11559.78
   Transactions: 6
   Avg Order Value: $1926.63
   Product Diversity: 6 unique products
   Last Active: 2025-05-08 11:18:45
3. User 7 (HIGH-VALUE)
   Total Spending: $9829.75
   Transactions: 8
   Avg Order Value: $1228.72
   Product Diversity: 6 unique products
   Last Active: 2025-05-08 11:20:24
4. User 5 (HIGH-VALUE)
   Total Spending: $8829.79
   Transactions: 8
   Avg Order Value: $1103.72
   Product Diversity: 6 unique products
   Last Active: 2025-05-08 11:19:34
5. User 4 (HIGH-VALUE)
   Total Spending: $8319.74
   Transactions: 7
   Avg Order Value: $1188.53
   Product Diversity: 6 unique products
   Last Active: 2025-05-08 11:20:16

High-value customers: 69 out of 93 (74.2%)
===================================

Processed: User 88 purchased $259.98
Processed: User 29 purchased $699.99
Processed: User 62 purchased $499.99
Processed: User 9 purchased $699.99
Processed: User 56 purchased $239.98
Processed: User 57 purchased $159.98
Processed: User 1 purchased $2599.98
Processed: User 53 purchased $1199.98
Processed: User 77 purchased $2599.98
Processed: User 95 purchased $599.99

===== USER BEHAVIOR ANALYSIS =====
Top 5 customers by spending:
1. User 1 (HIGH-VALUE)
   Total Spending: $15709.72
   Transactions: 10
   Avg Order Value: $1570.97
   Product Diversity: 6 unique products
   Last Active: 2025-05-08 11:20:42
2. User 2 (HIGH-VALUE)
   Total Spending: $11559.78
   Transactions: 6
   Avg Order Value: $1926.63
   Product Diversity: 6 unique products
   Last Active: 2025-05-08 11:18:45
3. User 7 (HIGH-VALUE)
   Total Spending: $9829.75
   Transactions: 8
   Avg Order Value: $1228.72
   Product Diversity: 6 unique products
   Last Active: 2025-05-08 11:20:24
4. User 5 (HIGH-VALUE)
   Total Spending: $8829.79
   Transactions: 8
   Avg Order Value: $1103.72
   Product Diversity: 6 unique products
   Last Active: 2025-05-08 11:19:34
5. User 4 (HIGH-VALUE)
   Total Spending: $8319.74
   Transactions: 7
   Avg Order Value: $1188.53
   Product Diversity: 6 unique products
   Last Active: 2025-05-08 11:20:16

High-value customers: 70 out of 95 (73.7%)
===================================

Processed: User 7 purchased $239.98
Processed: User 52 purchased $119.99
Processed: User 43 purchased $1299.99
Processed: User 91 purchased $399.98
Processed: User 48 purchased $129.99
Processed: User 23 purchased $199.99
Processed: User 73 purchased $259.98
Processed: User 44 purchased $299.98
Processed: User 85 purchased $199.99
Processed: User 35 purchased $399.98

===== USER BEHAVIOR ANALYSIS =====
Top 5 customers by spending:
1. User 1 (HIGH-VALUE)
   Total Spending: $15709.72
   Transactions: 10
   Avg Order Value: $1570.97
   Product Diversity: 6 unique products
   Last Active: 2025-05-08 11:20:42
2. User 2 (HIGH-VALUE)
   Total Spending: $11559.78
   Transactions: 6
   Avg Order Value: $1926.63
   Product Diversity: 6 unique products
   Last Active: 2025-05-08 11:18:45
3. User 7 (HIGH-VALUE)
   Total Spending: $10069.73
   Transactions: 9
   Avg Order Value: $1118.86
   Product Diversity: 7 unique products
   Last Active: 2025-05-08 11:20:47
4. User 5 (HIGH-VALUE)
   Total Spending: $8829.79
   Transactions: 8
   Avg Order Value: $1103.72
   Product Diversity: 6 unique products
   Last Active: 2025-05-08 11:19:34
5. User 4 (HIGH-VALUE)
   Total Spending: $8319.74
   Transactions: 7
   Avg Order Value: $1188.53
   Product Diversity: 6 unique products
   Last Active: 2025-05-08 11:20:16

High-value customers: 73 out of 96 (76.0%)
===================================

Processed: User 69 purchased $199.99
Processed: User 96 purchased $349.99
Processed: User 85 purchased $259.98
Processed: User 84 purchased $1299.99
Processed: User 26 purchased $599.99
Processed: User 82 purchased $1399.98
Processed: User 52 purchased $999.98
Processed: User 7 purchased $399.98
Processed: User 31 purchased $159.98
Processed: User 46 purchased $259.98

===== USER BEHAVIOR ANALYSIS =====
Top 5 customers by spending:
1. User 1 (HIGH-VALUE)
   Total Spending: $15709.72
   Transactions: 10
   Avg Order Value: $1570.97
   Product Diversity: 6 unique products
   Last Active: 2025-05-08 11:20:42
2. User 2 (HIGH-VALUE)
   Total Spending: $11559.78
   Transactions: 6
   Avg Order Value: $1926.63
   Product Diversity: 6 unique products
   Last Active: 2025-05-08 11:18:45
3. User 7 (HIGH-VALUE)
   Total Spending: $10469.71
   Transactions: 10
   Avg Order Value: $1046.97
   Product Diversity: 7 unique products
   Last Active: 2025-05-08 11:21:12
4. User 5 (HIGH-VALUE)
   Total Spending: $8829.79
   Transactions: 8
   Avg Order Value: $1103.72
   Product Diversity: 6 unique products
   Last Active: 2025-05-08 11:19:34
5. User 4 (HIGH-VALUE)
   Total Spending: $8319.74
   Transactions: 7
   Avg Order Value: $1188.53
   Product Diversity: 6 unique products
   Last Active: 2025-05-08 11:20:16

High-value customers: 74 out of 96 (77.1%)
===================================

Processed: User 27 purchased $299.98
Processed: User 58 purchased $159.98
Processed: User 18 purchased $129.99
Processed: User 33 purchased $399.98
Processed: User 22 purchased $119.99
Processed: User 7 purchased $599.96
Processed: User 96 purchased $239.98
Processed: User 22 purchased $239.98
Processed: User 79 purchased $1299.99
Processed: User 46 purchased $1199.98

===== USER BEHAVIOR ANALYSIS =====
Top 5 customers by spending:
1. User 1 (HIGH-VALUE)
   Total Spending: $15709.72
   Transactions: 10
   Avg Order Value: $1570.97
   Product Diversity: 6 unique products
   Last Active: 2025-05-08 11:20:42
2. User 2 (HIGH-VALUE)
   Total Spending: $11559.78
   Transactions: 6
   Avg Order Value: $1926.63
   Product Diversity: 6 unique products
   Last Active: 2025-05-08 11:18:45
3. User 7 (HIGH-VALUE)
   Total Spending: $11069.67
   Transactions: 11
   Avg Order Value: $1006.33
   Product Diversity: 7 unique products
   Last Active: 2025-05-08 11:21:23
4. User 5 (HIGH-VALUE)
   Total Spending: $8829.79
   Transactions: 8
   Avg Order Value: $1103.72
   Product Diversity: 6 unique products
   Last Active: 2025-05-08 11:19:34
5. User 4 (HIGH-VALUE)
   Total Spending: $8319.74
   Transactions: 7
   Avg Order Value: $1188.53
   Product Diversity: 6 unique products
   Last Active: 2025-05-08 11:20:16

High-value customers: 76 out of 97 (78.4%)
===================================

Processed: User 7 purchased $519.96
Processed: User 71 purchased $239.98
Processed: User 60 purchased $129.99
Processed: User 95 purchased $119.99
Processed: User 66 purchased $159.98
Processed: User 63 purchased $1399.98
Processed: User 34 purchased $199.99
Processed: User 35 purchased $699.98
Processed: User 55 purchased $149.99
Processed: User 47 purchased $199.99

===== USER BEHAVIOR ANALYSIS =====
Top 5 customers by spending:
1. User 1 (HIGH-VALUE)
   Total Spending: $15709.72
   Transactions: 10
   Avg Order Value: $1570.97
   Product Diversity: 6 unique products
   Last Active: 2025-05-08 11:20:42
2. User 7 (HIGH-VALUE)
   Total Spending: $11589.63
   Transactions: 12
   Avg Order Value: $965.80
   Product Diversity: 8 unique products
   Last Active: 2025-05-08 11:21:31
3. User 2 (HIGH-VALUE)
   Total Spending: $11559.78
   Transactions: 6
   Avg Order Value: $1926.63
   Product Diversity: 6 unique products
   Last Active: 2025-05-08 11:18:45
4. User 5 (HIGH-VALUE)
   Total Spending: $8829.79
   Transactions: 8
   Avg Order Value: $1103.72
   Product Diversity: 6 unique products
   Last Active: 2025-05-08 11:19:34
5. User 4 (HIGH-VALUE)
   Total Spending: $8319.74
   Transactions: 7
   Avg Order Value: $1188.53
   Product Diversity: 6 unique products
   Last Active: 2025-05-08 11:20:16

High-value customers: 78 out of 97 (80.4%)
===================================

Processed: User 74 purchased $699.98
Processed: User 9 purchased $129.99
Processed: User 94 purchased $499.99
Processed: User 29 purchased $129.99
Processed: User 37 purchased $1199.98
Processed: User 12 purchased $599.99
Processed: User 69 purchased $499.99
Processed: User 50 purchased $399.98
Processed: User 74 purchased $129.99
Processed: User 10 purchased $5199.96

===== USER BEHAVIOR ANALYSIS =====
Top 5 customers by spending:
1. User 1 (HIGH-VALUE)
   Total Spending: $15709.72
   Transactions: 10
   Avg Order Value: $1570.97
   Product Diversity: 6 unique products
   Last Active: 2025-05-08 11:20:42
2. User 7 (HIGH-VALUE)
   Total Spending: $11589.63
   Transactions: 12
   Avg Order Value: $965.80
   Product Diversity: 8 unique products
   Last Active: 2025-05-08 11:21:31
3. User 2 (HIGH-VALUE)
   Total Spending: $11559.78
   Transactions: 6
   Avg Order Value: $1926.63
   Product Diversity: 6 unique products
   Last Active: 2025-05-08 11:18:45
4. User 10 (HIGH-VALUE)
   Total Spending: $11079.80
   Transactions: 5
   Avg Order Value: $2215.96
   Product Diversity: 5 unique products
   Last Active: 2025-05-08 11:21:58
5. User 5 (HIGH-VALUE)
   Total Spending: $8829.79
   Transactions: 8
   Avg Order Value: $1103.72
   Product Diversity: 6 unique products
   Last Active: 2025-05-08 11:19:34

High-value customers: 78 out of 97 (80.4%)
===================================

Processed: User 6 purchased $3899.97
Processed: User 5 purchased $399.98
Processed: User 1 purchased $1999.96
Processed: User 69 purchased $2599.98
Processed: User 29 purchased $149.99
Processed: User 3 purchased $129.99
Processed: User 11 purchased $259.98
Processed: User 17 purchased $299.98
Processed: User 76 purchased $1299.99
Processed: User 5 purchased $2499.95

===== USER BEHAVIOR ANALYSIS =====
Top 5 customers by spending:
1. User 1 (HIGH-VALUE)
   Total Spending: $17709.68
   Transactions: 11
   Avg Order Value: $1609.97
   Product Diversity: 6 unique products
   Last Active: 2025-05-08 11:22:02
2. User 5 (HIGH-VALUE)
   Total Spending: $11729.72
   Transactions: 10
   Avg Order Value: $1172.97
   Product Diversity: 6 unique products
   Last Active: 2025-05-08 11:22:11
3. User 7 (HIGH-VALUE)
   Total Spending: $11589.63
   Transactions: 12
   Avg Order Value: $965.80
   Product Diversity: 8 unique products
   Last Active: 2025-05-08 11:21:31
4. User 2 (HIGH-VALUE)
   Total Spending: $11559.78
   Transactions: 6
   Avg Order Value: $1926.63
   Product Diversity: 6 unique products
   Last Active: 2025-05-08 11:18:45
5. User 10 (HIGH-VALUE)
   Total Spending: $11079.80
   Transactions: 5
   Avg Order Value: $2215.96
   Product Diversity: 5 unique products
   Last Active: 2025-05-08 11:21:58

High-value customers: 78 out of 98 (79.6%)
===================================

Processed: User 47 purchased $1299.99
Processed: User 2 purchased $1499.97
Processed: User 94 purchased $599.99
Processed: User 5 purchased $2399.96
Processed: User 83 purchased $259.98
Processed: User 98 purchased $129.99
Processed: User 36 purchased $119.99
Processed: User 31 purchased $159.98
Processed: User 33 purchased $349.99
Processed: User 100 purchased $239.98

===== USER BEHAVIOR ANALYSIS =====
Top 5 customers by spending:
1. User 1 (HIGH-VALUE)
   Total Spending: $17709.68
   Transactions: 11
   Avg Order Value: $1609.97
   Product Diversity: 6 unique products
   Last Active: 2025-05-08 11:22:02
2. User 5 (HIGH-VALUE)
   Total Spending: $14129.68
   Transactions: 11
   Avg Order Value: $1284.52
   Product Diversity: 7 unique products
   Last Active: 2025-05-08 11:22:16
3. User 2 (HIGH-VALUE)
   Total Spending: $13059.75
   Transactions: 7
   Avg Order Value: $1865.68
   Product Diversity: 7 unique products
   Last Active: 2025-05-08 11:22:13
4. User 7 (HIGH-VALUE)
   Total Spending: $11589.63
   Transactions: 12
   Avg Order Value: $965.80
   Product Diversity: 8 unique products
   Last Active: 2025-05-08 11:21:31
5. User 10 (HIGH-VALUE)
   Total Spending: $11079.80
   Transactions: 5
   Avg Order Value: $2215.96
   Product Diversity: 5 unique products
   Last Active: 2025-05-08 11:21:58

High-value customers: 79 out of 98 (80.6%)
===================================

Processed: User 7 purchased $1299.99
Processed: User 2 purchased $499.99
Processed: User 6 purchased $1199.98
Processed: User 82 purchased $1399.98
Processed: User 78 purchased $699.98
Processed: User 19 purchased $1299.99
Processed: User 53 purchased $2599.98
Processed: User 27 purchased $259.98
Processed: User 15 purchased $129.99
Processed: User 77 purchased $199.99

===== USER BEHAVIOR ANALYSIS =====
Top 5 customers by spending:
1. User 1 (HIGH-VALUE)
   Total Spending: $17709.68
   Transactions: 11
   Avg Order Value: $1609.97
   Product Diversity: 6 unique products
   Last Active: 2025-05-08 11:22:02
2. User 5 (HIGH-VALUE)
   Total Spending: $14129.68
   Transactions: 11
   Avg Order Value: $1284.52
   Product Diversity: 7 unique products
   Last Active: 2025-05-08 11:22:16
3. User 2 (HIGH-VALUE)
   Total Spending: $13559.74
   Transactions: 8
   Avg Order Value: $1694.97
   Product Diversity: 7 unique products
   Last Active: 2025-05-08 11:22:24
4. User 7 (HIGH-VALUE)
   Total Spending: $12889.62
   Transactions: 13
   Avg Order Value: $991.51
   Product Diversity: 9 unique products
   Last Active: 2025-05-08 11:22:23
5. User 10 (HIGH-VALUE)
   Total Spending: $11079.80
   Transactions: 5
   Avg Order Value: $2215.96
   Product Diversity: 5 unique products
   Last Active: 2025-05-08 11:21:58

High-value customers: 80 out of 99 (80.8%)
===================================

Processed: User 32 purchased $599.99
Processed: User 38 purchased $699.99
Processed: User 85 purchased $699.98
Processed: User 40 purchased $349.99
Processed: User 5 purchased $259.98
Processed: User 36 purchased $79.99
Processed: User 83 purchased $349.99
Processed: User 58 purchased $1399.98
Processed: User 3 purchased $239.97
Processed: User 100 purchased $699.98

===== USER BEHAVIOR ANALYSIS =====
Top 5 customers by spending:
1. User 1 (HIGH-VALUE)
   Total Spending: $17709.68
   Transactions: 11
   Avg Order Value: $1609.97
   Product Diversity: 6 unique products
   Last Active: 2025-05-08 11:22:02
2. User 5 (HIGH-VALUE)
   Total Spending: $14389.66
   Transactions: 12
   Avg Order Value: $1199.14
   Product Diversity: 8 unique products
   Last Active: 2025-05-08 11:22:41
3. User 2 (HIGH-VALUE)
   Total Spending: $13559.74
   Transactions: 8
   Avg Order Value: $1694.97
   Product Diversity: 7 unique products
   Last Active: 2025-05-08 11:22:24
4. User 7 (HIGH-VALUE)
   Total Spending: $12889.62
   Transactions: 13
   Avg Order Value: $991.51
   Product Diversity: 9 unique products
   Last Active: 2025-05-08 11:22:23
5. User 10 (HIGH-VALUE)
   Total Spending: $11079.80
   Transactions: 5
   Avg Order Value: $2215.96
   Product Diversity: 5 unique products
   Last Active: 2025-05-08 11:21:58

High-value customers: 80 out of 99 (80.8%)
===================================

Processed: User 90 purchased $1199.98
Processed: User 79 purchased $2599.98
Processed: User 28 purchased $2599.98
Processed: User 20 purchased $349.99
Processed: User 76 purchased $2599.98
Processed: User 33 purchased $699.98
Processed: User 55 purchased $239.98
Processed: User 89 purchased $299.98
Processed: User 97 purchased $299.98
Processed: User 44 purchased $129.99

===== USER BEHAVIOR ANALYSIS =====
Top 5 customers by spending:
1. User 1 (HIGH-VALUE)
   Total Spending: $17709.68
   Transactions: 11
   Avg Order Value: $1609.97
   Product Diversity: 6 unique products
   Last Active: 2025-05-08 11:22:02
2. User 5 (HIGH-VALUE)
   Total Spending: $14389.66
   Transactions: 12
   Avg Order Value: $1199.14
   Product Diversity: 8 unique products
   Last Active: 2025-05-08 11:22:41
3. User 2 (HIGH-VALUE)
   Total Spending: $13559.74
   Transactions: 8
   Avg Order Value: $1694.97
   Product Diversity: 7 unique products
   Last Active: 2025-05-08 11:22:24
4. User 7 (HIGH-VALUE)
   Total Spending: $12889.62
   Transactions: 13
   Avg Order Value: $991.51
   Product Diversity: 9 unique products
   Last Active: 2025-05-08 11:22:23
5. User 10 (HIGH-VALUE)
   Total Spending: $11079.80
   Transactions: 5
   Avg Order Value: $2215.96
   Product Diversity: 5 unique products
   Last Active: 2025-05-08 11:21:58

High-value customers: 80 out of 99 (80.8%)
===================================

Processed: User 19 purchased $1199.98
Processed: User 87 purchased $2599.98
Processed: User 89 purchased $699.99
Processed: User 12 purchased $499.99
Processed: User 19 purchased $999.98
Processed: User 95 purchased $699.98
Processed: User 39 purchased $1399.98
Processed: User 56 purchased $79.99
Processed: User 9 purchased $399.98
Processed: User 53 purchased $399.98

===== USER BEHAVIOR ANALYSIS =====
Top 5 customers by spending:
1. User 1 (HIGH-VALUE)
   Total Spending: $17709.68
   Transactions: 11
   Avg Order Value: $1609.97
   Product Diversity: 6 unique products
   Last Active: 2025-05-08 11:22:02
2. User 5 (HIGH-VALUE)
   Total Spending: $14389.66
   Transactions: 12
   Avg Order Value: $1199.14
   Product Diversity: 8 unique products
   Last Active: 2025-05-08 11:22:41
3. User 2 (HIGH-VALUE)
   Total Spending: $13559.74
   Transactions: 8
   Avg Order Value: $1694.97
   Product Diversity: 7 unique products
   Last Active: 2025-05-08 11:22:24
4. User 7 (HIGH-VALUE)
   Total Spending: $12889.62
   Transactions: 13
   Avg Order Value: $991.51
   Product Diversity: 9 unique products
   Last Active: 2025-05-08 11:22:23
5. User 10 (HIGH-VALUE)
   Total Spending: $11079.80
   Transactions: 5
   Avg Order Value: $2215.96
   Product Diversity: 5 unique products
   Last Active: 2025-05-08 11:21:58

High-value customers: 80 out of 99 (80.8%)
===================================

Processed: User 40 purchased $1299.99
Processed: User 31 purchased $2599.98
Processed: User 4 purchased $499.99
Processed: User 75 purchased $699.98
Processed: User 92 purchased $119.99
Processed: User 65 purchased $599.99
Processed: User 73 purchased $1299.99
Processed: User 10 purchased $2999.95
Processed: User 87 purchased $79.99
Processed: User 64 purchased $259.98

===== USER BEHAVIOR ANALYSIS =====
Top 5 customers by spending:
1. User 1 (HIGH-VALUE)
   Total Spending: $17709.68
   Transactions: 11
   Avg Order Value: $1609.97
   Product Diversity: 6 unique products
   Last Active: 2025-05-08 11:22:02
2. User 5 (HIGH-VALUE)
   Total Spending: $14389.66
   Transactions: 12
   Avg Order Value: $1199.14
   Product Diversity: 8 unique products
   Last Active: 2025-05-08 11:22:41
3. User 10 (HIGH-VALUE)
   Total Spending: $14079.75
   Transactions: 6
   Avg Order Value: $2346.62
   Product Diversity: 5 unique products
   Last Active: 2025-05-08 11:23:24
4. User 2 (HIGH-VALUE)
   Total Spending: $13559.74
   Transactions: 8
   Avg Order Value: $1694.97
   Product Diversity: 7 unique products
   Last Active: 2025-05-08 11:22:24
5. User 7 (HIGH-VALUE)
   Total Spending: $12889.62
   Transactions: 13
   Avg Order Value: $991.51
   Product Diversity: 9 unique products
   Last Active: 2025-05-08 11:22:23

High-value customers: 80 out of 99 (80.8%)
===================================

Processed: User 92 purchased $699.99
Processed: User 84 purchased $2599.98
Processed: User 36 purchased $1199.98
Processed: User 35 purchased $239.98
Processed: User 73 purchased $399.98
Processed: User 7 purchased $749.95
Processed: User 8 purchased $3899.97
Processed: User 59 purchased $699.98
Processed: User 86 purchased $399.98
Processed: User 37 purchased $239.98

===== USER BEHAVIOR ANALYSIS =====
Top 5 customers by spending:
1. User 1 (HIGH-VALUE)
   Total Spending: $17709.68
   Transactions: 11
   Avg Order Value: $1609.97
   Product Diversity: 6 unique products
   Last Active: 2025-05-08 11:22:02
2. User 5 (HIGH-VALUE)
   Total Spending: $14389.66
   Transactions: 12
   Avg Order Value: $1199.14
   Product Diversity: 8 unique products
   Last Active: 2025-05-08 11:22:41
3. User 10 (HIGH-VALUE)
   Total Spending: $14079.75
   Transactions: 6
   Avg Order Value: $2346.62
   Product Diversity: 5 unique products
   Last Active: 2025-05-08 11:23:24
4. User 7 (HIGH-VALUE)
   Total Spending: $13639.57
   Transactions: 14
   Avg Order Value: $974.25
   Product Diversity: 9 unique products
   Last Active: 2025-05-08 11:23:36
5. User 2 (HIGH-VALUE)
   Total Spending: $13559.74
   Transactions: 8
   Avg Order Value: $1694.97
   Product Diversity: 7 unique products
   Last Active: 2025-05-08 11:22:24

High-value customers: 81 out of 99 (81.8%)
===================================

Processed: User 57 purchased $399.98
Processed: User 52 purchased $699.98
Processed: User 12 purchased $299.98
Processed: User 51 purchased $259.98
Processed: User 1 purchased $3499.95
Processed: User 83 purchased $119.99
Processed: User 68 purchased $199.99
Processed: User 17 purchased $199.99
Processed: User 28 purchased $159.98
Processed: User 80 purchased $299.98

===== USER BEHAVIOR ANALYSIS =====
Top 5 customers by spending:
1. User 1 (HIGH-VALUE)
   Total Spending: $21209.63
   Transactions: 12
   Avg Order Value: $1767.47
   Product Diversity: 7 unique products
   Last Active: 2025-05-08 11:23:46
2. User 5 (HIGH-VALUE)
   Total Spending: $14389.66
   Transactions: 12
   Avg Order Value: $1199.14
   Product Diversity: 8 unique products
   Last Active: 2025-05-08 11:22:41
3. User 10 (HIGH-VALUE)
   Total Spending: $14079.75
   Transactions: 6
   Avg Order Value: $2346.62
   Product Diversity: 5 unique products
   Last Active: 2025-05-08 11:23:24
4. User 7 (HIGH-VALUE)
   Total Spending: $13639.57
   Transactions: 14
   Avg Order Value: $974.25
   Product Diversity: 9 unique products
   Last Active: 2025-05-08 11:23:36
5. User 2 (HIGH-VALUE)
   Total Spending: $13559.74
   Transactions: 8
   Avg Order Value: $1694.97
   Product Diversity: 7 unique products
   Last Active: 2025-05-08 11:22:24

High-value customers: 82 out of 99 (82.8%)
===================================

Processed: User 27 purchased $119.99
Processed: User 59 purchased $239.98
Processed: User 72 purchased $1399.98
Processed: User 79 purchased $259.98
Processed: User 98 purchased $1199.98
Processed: User 55 purchased $129.99
Processed: User 66 purchased $1299.99
Processed: User 99 purchased $699.99
Processed: User 81 purchased $129.99
Processed: User 26 purchased $399.98

===== USER BEHAVIOR ANALYSIS =====
Top 5 customers by spending:
1. User 1 (HIGH-VALUE)
   Total Spending: $21209.63
   Transactions: 12
   Avg Order Value: $1767.47
   Product Diversity: 7 unique products
   Last Active: 2025-05-08 11:23:46
2. User 5 (HIGH-VALUE)
   Total Spending: $14389.66
   Transactions: 12
   Avg Order Value: $1199.14
   Product Diversity: 8 unique products
   Last Active: 2025-05-08 11:22:41
3. User 10 (HIGH-VALUE)
   Total Spending: $14079.75
   Transactions: 6
   Avg Order Value: $2346.62
   Product Diversity: 5 unique products
   Last Active: 2025-05-08 11:23:24
4. User 7 (HIGH-VALUE)
   Total Spending: $13639.57
   Transactions: 14
   Avg Order Value: $974.25
   Product Diversity: 9 unique products
   Last Active: 2025-05-08 11:23:36
5. User 2 (HIGH-VALUE)
   Total Spending: $13559.74
   Transactions: 8
   Avg Order Value: $1694.97
   Product Diversity: 7 unique products
   Last Active: 2025-05-08 11:22:24

High-value customers: 84 out of 99 (84.8%)
===================================

Processed: User 22 purchased $349.99
Processed: User 19 purchased $259.98
Processed: User 24 purchased $699.98
Processed: User 47 purchased $119.99
Processed: User 6 purchased $149.99
Processed: User 48 purchased $199.99
Processed: User 2 purchased $479.96
Processed: User 35 purchased $599.99
Processed: User 48 purchased $999.98
Processed: User 34 purchased $399.98

===== USER BEHAVIOR ANALYSIS =====
Top 5 customers by spending:
1. User 1 (HIGH-VALUE)
   Total Spending: $21209.63
   Transactions: 12
   Avg Order Value: $1767.47
   Product Diversity: 7 unique products
   Last Active: 2025-05-08 11:23:46
2. User 5 (HIGH-VALUE)
   Total Spending: $14389.66
   Transactions: 12
   Avg Order Value: $1199.14
   Product Diversity: 8 unique products
   Last Active: 2025-05-08 11:22:41
3. User 10 (HIGH-VALUE)
   Total Spending: $14079.75
   Transactions: 6
   Avg Order Value: $2346.62
   Product Diversity: 5 unique products
   Last Active: 2025-05-08 11:23:24
4. User 2 (HIGH-VALUE)
   Total Spending: $14039.70
   Transactions: 9
   Avg Order Value: $1559.97
   Product Diversity: 7 unique products
   Last Active: 2025-05-08 11:24:16
5. User 7 (HIGH-VALUE)
   Total Spending: $13639.57
   Transactions: 14
   Avg Order Value: $974.25
   Product Diversity: 9 unique products
   Last Active: 2025-05-08 11:23:36

High-value customers: 86 out of 99 (86.9%)
===================================

Processed: User 9 purchased $149.99
Processed: User 73 purchased $149.99
Processed: User 71 purchased $399.98
Processed: User 72 purchased $259.98
Processed: User 9 purchased $399.98
Processed: User 95 purchased $499.99
Processed: User 97 purchased $349.99
Processed: User 2 purchased $5199.96
Processed: User 59 purchased $299.98
Processed: User 74 purchased $349.99

===== USER BEHAVIOR ANALYSIS =====
Top 5 customers by spending:
1. User 1 (HIGH-VALUE)
   Total Spending: $21209.63
   Transactions: 12
   Avg Order Value: $1767.47
   Product Diversity: 7 unique products
   Last Active: 2025-05-08 11:23:46
2. User 2 (HIGH-VALUE)
   Total Spending: $19239.66
   Transactions: 10
   Avg Order Value: $1923.97
   Product Diversity: 7 unique products
   Last Active: 2025-05-08 11:24:30
3. User 5 (HIGH-VALUE)
   Total Spending: $14389.66
   Transactions: 12
   Avg Order Value: $1199.14
   Product Diversity: 8 unique products
   Last Active: 2025-05-08 11:22:41
4. User 10 (HIGH-VALUE)
   Total Spending: $14079.75
   Transactions: 6
   Avg Order Value: $2346.62
   Product Diversity: 5 unique products
   Last Active: 2025-05-08 11:23:24
5. User 7 (HIGH-VALUE)
   Total Spending: $13639.57
   Transactions: 14
   Avg Order Value: $974.25
   Product Diversity: 9 unique products
   Last Active: 2025-05-08 11:23:36

High-value customers: 86 out of 99 (86.9%)
===================================

Processed: User 57 purchased $1299.99
Processed: User 14 purchased $399.98
Processed: User 1 purchased $1199.98
Processed: User 26 purchased $1199.98
Processed: User 6 purchased $119.99
Processed: User 86 purchased $1399.98
Processed: User 29 purchased $149.99
Processed: User 53 purchased $1299.99
Processed: User 2 purchased $649.95
Processed: User 72 purchased $199.99

===== USER BEHAVIOR ANALYSIS =====
Top 5 customers by spending:
1. User 1 (HIGH-VALUE)
   Total Spending: $22409.61
   Transactions: 13
   Avg Order Value: $1723.82
   Product Diversity: 7 unique products
   Last Active: 2025-05-08 11:24:38
2. User 2 (HIGH-VALUE)
   Total Spending: $19889.61
   Transactions: 11
   Avg Order Value: $1808.15
   Product Diversity: 7 unique products
   Last Active: 2025-05-08 11:24:46
3. User 5 (HIGH-VALUE)
   Total Spending: $14389.66
   Transactions: 12
   Avg Order Value: $1199.14
   Product Diversity: 8 unique products
   Last Active: 2025-05-08 11:22:41
4. User 10 (HIGH-VALUE)
   Total Spending: $14079.75
   Transactions: 6
   Avg Order Value: $2346.62
   Product Diversity: 5 unique products
   Last Active: 2025-05-08 11:23:24
5. User 7 (HIGH-VALUE)
   Total Spending: $13639.57
   Transactions: 14
   Avg Order Value: $974.25
   Product Diversity: 9 unique products
   Last Active: 2025-05-08 11:23:36

High-value customers: 87 out of 99 (87.9%)
===================================

Processed: User 38 purchased $499.99
Processed: User 2 purchased $389.97
Processed: User 29 purchased $1399.98
Processed: User 1 purchased $1399.98
Processed: User 49 purchased $199.99
Processed: User 80 purchased $239.98
Processed: User 32 purchased $149.99
Processed: User 76 purchased $159.98
Processed: User 69 purchased $129.99
Processed: User 69 purchased $159.98

===== USER BEHAVIOR ANALYSIS =====
Top 5 customers by spending:
1. User 1 (HIGH-VALUE)
   Total Spending: $23809.59
   Transactions: 14
   Avg Order Value: $1700.68
   Product Diversity: 7 unique products
   Last Active: 2025-05-08 11:24:50
2. User 2 (HIGH-VALUE)
   Total Spending: $20279.58
   Transactions: 12
   Avg Order Value: $1689.96
   Product Diversity: 7 unique products
   Last Active: 2025-05-08 11:24:48
3. User 5 (HIGH-VALUE)
   Total Spending: $14389.66
   Transactions: 12
   Avg Order Value: $1199.14
   Product Diversity: 8 unique products
   Last Active: 2025-05-08 11:22:41
4. User 10 (HIGH-VALUE)
   Total Spending: $14079.75
   Transactions: 6
   Avg Order Value: $2346.62
   Product Diversity: 5 unique products
   Last Active: 2025-05-08 11:23:24
5. User 7 (HIGH-VALUE)
   Total Spending: $13639.57
   Transactions: 14
   Avg Order Value: $974.25
   Product Diversity: 9 unique products
   Last Active: 2025-05-08 11:23:36

High-value customers: 87 out of 99 (87.9%)
===================================

Processed: User 10 purchased $599.99
Processed: User 87 purchased $299.98
Processed: User 99 purchased $2599.98
Processed: User 25 purchased $149.99
Processed: User 5 purchased $999.95
Processed: User 25 purchased $299.98
Processed: User 94 purchased $119.99
Processed: User 36 purchased $1399.98
Processed: User 8 purchased $2799.96
Processed: User 100 purchased $259.98

===== USER BEHAVIOR ANALYSIS =====
Top 5 customers by spending:
1. User 1 (HIGH-VALUE)
   Total Spending: $23809.59
   Transactions: 14
   Avg Order Value: $1700.68
   Product Diversity: 7 unique products
   Last Active: 2025-05-08 11:24:50
2. User 2 (HIGH-VALUE)
   Total Spending: $20279.58
   Transactions: 12
   Avg Order Value: $1689.96
   Product Diversity: 7 unique products
   Last Active: 2025-05-08 11:24:48
3. User 5 (HIGH-VALUE)
   Total Spending: $15389.61
   Transactions: 13
   Avg Order Value: $1183.82
   Product Diversity: 8 unique products
   Last Active: 2025-05-08 11:25:04
4. User 10 (HIGH-VALUE)
   Total Spending: $14679.74
   Transactions: 7
   Avg Order Value: $2097.11
   Product Diversity: 5 unique products
   Last Active: 2025-05-08 11:25:00
5. User 7 (HIGH-VALUE)
   Total Spending: $13639.57
   Transactions: 14
   Avg Order Value: $974.25
   Product Diversity: 9 unique products
   Last Active: 2025-05-08 11:23:36

High-value customers: 87 out of 99 (87.9%)
===================================

Processed: User 8 purchased $519.96
Processed: User 9 purchased $1399.98
Processed: User 51 purchased $399.98
Processed: User 51 purchased $149.99
Processed: User 10 purchased $599.99
Processed: User 74 purchased $259.98
Processed: User 89 purchased $79.99
Processed: User 33 purchased $599.99
Processed: User 72 purchased $699.98
Processed: User 10 purchased $599.95

===== USER BEHAVIOR ANALYSIS =====
Top 5 customers by spending:
1. User 1 (HIGH-VALUE)
   Total Spending: $23809.59
   Transactions: 14
   Avg Order Value: $1700.68
   Product Diversity: 7 unique products
   Last Active: 2025-05-08 11:24:50
2. User 2 (HIGH-VALUE)
   Total Spending: $20279.58
   Transactions: 12
   Avg Order Value: $1689.96
   Product Diversity: 7 unique products
   Last Active: 2025-05-08 11:24:48
3. User 10 (HIGH-VALUE)
   Total Spending: $15879.68
   Transactions: 9
   Avg Order Value: $1764.41
   Product Diversity: 5 unique products
   Last Active: 2025-05-08 11:25:24
4. User 5 (HIGH-VALUE)
   Total Spending: $15389.61
   Transactions: 13
   Avg Order Value: $1183.82
   Product Diversity: 8 unique products
   Last Active: 2025-05-08 11:25:04
5. User 7 (HIGH-VALUE)
   Total Spending: $13639.57
   Transactions: 14
   Avg Order Value: $974.25
   Product Diversity: 9 unique products
   Last Active: 2025-05-08 11:23:36

High-value customers: 87 out of 99 (87.9%)
===================================

Processed: User 80 purchased $399.98
Processed: User 46 purchased $499.99
Processed: User 78 purchased $259.98
Processed: User 84 purchased $129.99
Processed: User 19 purchased $699.98
Processed: User 4 purchased $599.99
Processed: User 98 purchased $119.99
Processed: User 6 purchased $319.96
Processed: User 21 purchased $1399.98
Processed: User 10 purchased $1499.97

===== USER BEHAVIOR ANALYSIS =====
Top 5 customers by spending:
1. User 1 (HIGH-VALUE)
   Total Spending: $23809.59
   Transactions: 14
   Avg Order Value: $1700.68
   Product Diversity: 7 unique products
   Last Active: 2025-05-08 11:24:50
2. User 2 (HIGH-VALUE)
   Total Spending: $20279.58
   Transactions: 12
   Avg Order Value: $1689.96
   Product Diversity: 7 unique products
   Last Active: 2025-05-08 11:24:48
3. User 10 (HIGH-VALUE)
   Total Spending: $17379.65
   Transactions: 10
   Avg Order Value: $1737.97
   Product Diversity: 6 unique products
