[INFO] 2024-05-30 08:00:12 - Starting PostgreSQL with Docker...
[INFO] 2024-05-30 08:00:12 - Waiting for PostgreSQL to start...
[INFO] 2024-05-30 08:00:22 - Copying profiles.yml...
[INFO] 2024-05-30 08:00:22 - Changing to dbt directory...
[INFO] 2024-05-30 08:00:22 - Installing dbt packages...
[INFO] 2024-05-30 08:00:37 - Testing dbt connection...
[INFO] 2024-05-30 08:00:40 - Running core models...
Model: dim_customers | Runtime: 0.723 sec | Timestamp: 2024-05-30 08:00:45 | Status: Success
Model: dim_products | Runtime: 0.642 sec | Timestamp: 2024-05-30 08:00:46 | Status: Success
Model: fct_orders | Runtime: 1.324 sec | Timestamp: 2024-05-30 08:00:48 | Status: Success
Model: fct_order_items | Runtime: 1.563 sec | Timestamp: 2024-05-30 08:00:50 | Status: Success
Test: unique_dim_customers_customer_id | Status: pass | Failed Rows: 0 | Timestamp: 2024-05-30 08:00:52
Test: not_null_dim_customers_email | Status: pass | Failed Rows: 0 | Timestamp: 2024-05-30 08:00:53
Test: unique_dim_products_product_id | Status: pass | Failed Rows: 0 | Timestamp: 2024-05-30 08:00:54
Test: relationships_fct_orders_customer_id__customer_id__ref_dim_customers_ | Status: pass | Failed Rows: 0 | Timestamp: 2024-05-30 08:00:55
[INFO] 2024-05-30 08:00:56 - Building data mart dimensions...
Model: dim_customers_mart | Runtime: 0.932 sec | Timestamp: 2024-05-30 08:00:58 | Status: Success
Model: dim_products_mart | Runtime: 0.847 sec | Timestamp: 2024-05-30 08:01:00 | Status: Success
Model: dim_date | Runtime: 2.456 sec | Timestamp: 2024-05-30 08:01:03 | Status: Success
[INFO] 2024-05-30 08:01:03 - Building data mart facts...
Model: fct_daily_sales | Runtime: 1.862 sec | Timestamp: 2024-05-30 08:01:05 | Status: Success
Model: fct_monthly_sales | Runtime: 1.425 sec | Timestamp: 2024-05-30 08:01:07 | Status: Success
Model: fct_customer_retention | Runtime: 2.134 sec | Timestamp: 2024-05-30 08:01:09 | Status: Success
[INFO] 2024-05-30 08:01:09 - Building data mart metrics...
Model: metric_daily_sales | Runtime: 0.756 sec | Timestamp: 2024-05-30 08:01:10 | Status: Success
Model: metric_monthly_sales | Runtime: 0.687 sec | Timestamp: 2024-05-30 08:01:11 | Status: Success
Model: metric_customer_retention | Runtime: 0.712 sec | Timestamp: 2024-05-30 08:01:12 | Status: Success
[INFO] 2024-05-30 08:01:12 - Running tests on data mart models...
Test: unique_metric_daily_sales_date_key | Status: pass | Failed Rows: 0 | Timestamp: 2024-05-30 08:01:13
Test: assert_metrics_consistency | Status: pass | Failed Rows: 0 | Timestamp: 2024-05-30 08:01:14
Test: assert_retention_rate_decreases | Status: pass | Failed Rows: 0 | Timestamp: 2024-05-30 08:01:15
[INFO] 2024-05-30 08:01:16 - Gathering model statistics...
[INFO] 2024-05-30 08:01:20 - Generating dbt documentation...
[INFO] 2024-05-30 08:01:25 - Data Mart build complete
Run completed: 2024-05-30 08:01:25 | Run ID: run-20240530-080012 | Duration: 434.2 seconds | Models: 12 | Tests: 7 | Tests Failed: 0 