[ERROR] 2025-05-12 13:42:07 - Error installing dbt packages. Please check your dbt installation.
[INFO] 2025-05-12 13:42:43 - Installing dbt packages...
[ERROR] 2025-05-12 13:42:45 - Error installing dbt packages. Please check your dbt installation.
[INFO] 2025-05-12 13:43:21 - Installing dbt packages...
[ERROR] 2025-05-12 13:43:24 - Error installing dbt packages. Please check your dbt installation.
[INFO] 2025-05-12 13:44:03 - Installing dbt packages...
[ERROR] 2025-05-12 13:44:06 - Error installing dbt packages. Please check your dbt installation.
[INFO] 2025-05-12 13:44:30 - Installing dbt packages...
[ERROR] 2025-05-12 13:44:33 - Error installing dbt packages. Please check your dbt installation.
[INFO] 2025-05-12 13:45:00 - Installing dbt packages...
[ERROR] 2025-05-12 13:45:04 - Error installing dbt packages. Please check your dbt installation.
[INFO] 2025-05-12 13:46:00 - Installing dbt packages...
[INFO] 2025-05-12 13:46:04 - Testing dbt connection...
[INFO] 2025-05-12 13:46:07 - Running core models...
[ERROR] 2025-05-12 13:46:11 - Error running core models. Please check your dbt models.
[INFO] 2025-05-12 13:47:08 - Installing dbt packages...
[INFO] 2025-05-12 13:47:12 - Testing dbt connection...
[INFO] 2025-05-12 13:47:15 - Running core models...
[ERROR] 2025-05-12 13:47:18 - Error running core models. Please check your dbt models.
[INFO] 2025-05-12 13:49:51 - Installing dbt packages...
[INFO] 2025-05-12 13:49:55 - Testing dbt connection...
[INFO] 2025-05-12 13:49:57 - Running core models...
[INFO] 2025-05-12 13:50:01 - Running tests on core models...
[INFO] 2025-05-12 13:50:05 - Building data mart dimensions...
[ERROR] 2025-05-12 13:50:10 - Error building data mart dimensions. Please check your dimension models.
[INFO] 2025-05-12 13:50:31 - Installing dbt packages...
[INFO] 2025-05-12 13:50:36 - Testing dbt connection...
[INFO] 2025-05-12 13:50:38 - Running core models...
[INFO] 2025-05-12 13:50:43 - Running tests on core models...
[INFO] 2025-05-12 13:50:47 - Building data mart dimensions...
[ERROR] 2025-05-12 13:50:50 - Error building data mart dimensions. Please check your dimension models.
[INFO] 2025-05-12 13:54:42 - Installing dbt packages...
[INFO] 2025-05-12 13:54:46 - Testing dbt connection...
[INFO] 2025-05-12 13:54:49 - Running core models...
[INFO] 2025-05-12 13:54:52 - Running tests on core models...
[INFO] 2025-05-12 13:54:56 - Building data mart dimensions...
[INFO] 2025-05-12 13:54:59 - Building data mart facts...
[INFO] 2025-05-12 13:55:03 - Building data mart metrics...
[INFO] 2025-05-12 13:55:07 - Running tests on data mart models...
[INFO] 2025-05-12 13:55:10 - Gathering model statistics...
[INFO] 2025-05-12 13:55:15 - Generating dbt documentation...
[ERROR] 2025-05-12 13:55:18 - Warning: Could not generate documentation. You can still use the models.
[INFO] 2025-05-12 13:55:18 - Data Mart build complete
[INFO] 2025-05-12 13:56:38 - Installing dbt packages...
[INFO] 2025-05-12 13:56:43 - Testing dbt connection...
[INFO] 2025-05-12 13:56:45 - Running core models...
[INFO] 2025-05-12 13:56:49 - Running tests on core models...
[INFO] 2025-05-12 13:56:53 - Building data mart dimensions...
[INFO] 2025-05-12 13:56:56 - Building data mart facts...
[INFO] 2025-05-12 13:57:00 - Building data mart metrics...
[INFO] 2025-05-12 13:57:04 - Running tests on data mart models...
[INFO] 2025-05-12 13:57:07 - Gathering model statistics...
[INFO] 2025-05-12 13:57:12 - Generating dbt documentation...
[INFO] 2025-05-12 13:57:16 - Data Mart build complete
