Stream Processor started. Aggregating events per minute...
Processing: view event at 2025-05-08 11:01:46
Processing: logout event at 2025-05-08 11:01:46
Processing: view event at 2025-05-08 11:01:46
Processing: view event at 2025-05-08 11:01:48
Processing: purchase event at 2025-05-08 11:01:49
Processing: logout event at 2025-05-08 11:01:49
Processing: login event at 2025-05-08 11:01:49
Processing: click event at 2025-05-08 11:01:50
Processing: view event at 2025-05-08 11:01:50
Processing: click event at 2025-05-08 11:01:50
Processing: click event at 2025-05-08 11:01:50
Processing: login event at 2025-05-08 11:01:51
Processing: login event at 2025-05-08 11:01:51
Processing: view event at 2025-05-08 11:01:51
Processing: purchase event at 2025-05-08 11:01:51
Processing: view event at 2025-05-08 11:01:52
Processing: login event at 2025-05-08 11:01:52
Processing: login event at 2025-05-08 11:01:52
Processing: login event at 2025-05-08 11:01:52
Processing: purchase event at 2025-05-08 11:01:53
Processing: view event at 2025-05-08 11:01:53
Processing: click event at 2025-05-08 11:01:53
Processing: view event at 2025-05-08 11:01:53
Processing: purchase event at 2025-05-08 11:01:54
Processing: login event at 2025-05-08 11:01:54
Processing: click event at 2025-05-08 11:01:54
Processing: login event at 2025-05-08 11:01:54
Processing: login event at 2025-05-08 11:01:55
Processing: view event at 2025-05-08 11:01:55
Processing: view event at 2025-05-08 11:01:55
Processing: logout event at 2025-05-08 11:01:55
Processing: view event at 2025-05-08 11:01:56
Processing: login event at 2025-05-08 11:01:56
Processing: login event at 2025-05-08 11:01:56
Processing: logout event at 2025-05-08 11:01:57
Processing: logout event at 2025-05-08 11:01:57
Processing: view event at 2025-05-08 11:01:57
Processing: click event at 2025-05-08 11:01:58
Processing: click event at 2025-05-08 11:01:58
Processing: login event at 2025-05-08 11:01:58
Processing: logout event at 2025-05-08 11:01:58
Processing: view event at 2025-05-08 11:01:58
Processing: login event at 2025-05-08 11:01:59
Processing: purchase event at 2025-05-08 11:01:59
Processing: purchase event at 2025-05-08 11:01:59
Processing: purchase event at 2025-05-08 11:01:59

=== MINUTE SUMMARY: 2025-05-08 11:01 ===
Total events: 46
Events by type:
  - view: 13
  - logout: 6
  - purchase: 7
  - login: 13
  - click: 7
========================================
Processing: view event at 2025-05-08 11:02:00
Processing: purchase event at 2025-05-08 11:02:00
Processing: login event at 2025-05-08 11:02:00
Processing: view event at 2025-05-08 11:02:00
Processing: logout event at 2025-05-08 11:02:01
Processing: purchase event at 2025-05-08 11:02:01
Processing: logout event at 2025-05-08 11:02:01
Processing: view event at 2025-05-08 11:02:02
Processing: purchase event at 2025-05-08 11:02:02
Processing: purchase event at 2025-05-08 11:02:02
Processing: login event at 2025-05-08 11:02:03
Processing: purchase event at 2025-05-08 11:02:03
Processing: click event at 2025-05-08 11:02:03
Processing: logout event at 2025-05-08 11:02:03
Processing: click event at 2025-05-08 11:02:04
Processing: purchase event at 2025-05-08 11:02:04
Processing: view event at 2025-05-08 11:02:04
Processing: logout event at 2025-05-08 11:02:05
Processing: login event at 2025-05-08 11:02:05
Processing: view event at 2025-05-08 11:02:05
Processing: click event at 2025-05-08 11:02:06
Processing: click event at 2025-05-08 11:02:06
Processing: purchase event at 2025-05-08 11:02:06
Processing: click event at 2025-05-08 11:02:07
Processing: login event at 2025-05-08 11:02:07
Processing: purchase event at 2025-05-08 11:02:07
Processing: view event at 2025-05-08 11:02:08
Processing: logout event at 2025-05-08 11:02:08
Processing: click event at 2025-05-08 11:02:08
Processing: click event at 2025-05-08 11:02:09
Processing: purchase event at 2025-05-08 11:02:09
Processing: logout event at 2025-05-08 11:02:09
Processing: click event at 2025-05-08 11:02:10
Processing: purchase event at 2025-05-08 11:02:10
Processing: purchase event at 2025-05-08 11:02:10
Processing: login event at 2025-05-08 11:02:10
Processing: purchase event at 2025-05-08 11:02:11
Processing: purchase event at 2025-05-08 11:02:11
Processing: purchase event at 2025-05-08 11:02:11
Processing: logout event at 2025-05-08 11:02:12
Processing: purchase event at 2025-05-08 11:02:12
Processing: view event at 2025-05-08 11:02:12
Processing: logout event at 2025-05-08 11:02:12
Processing: logout event at 2025-05-08 11:02:13
Processing: login event at 2025-05-08 11:02:13
Processing: click event at 2025-05-08 11:02:13
Processing: purchase event at 2025-05-08 11:02:13
Processing: purchase event at 2025-05-08 11:02:14
Processing: click event at 2025-05-08 11:02:14
Processing: view event at 2025-05-08 11:02:14
Processing: purchase event at 2025-05-08 11:02:15
Processing: view event at 2025-05-08 11:02:15
Processing: purchase event at 2025-05-08 11:02:15
Processing: purchase event at 2025-05-08 11:02:16
Processing: view event at 2025-05-08 11:02:16
Processing: login event at 2025-05-08 11:02:16
Processing: login event at 2025-05-08 11:02:17
Processing: purchase event at 2025-05-08 11:02:17
Processing: purchase event at 2025-05-08 11:02:18
Processing: logout event at 2025-05-08 11:02:18
Processing: logout event at 2025-05-08 11:02:18
Processing: login event at 2025-05-08 11:02:18
Processing: click event at 2025-05-08 11:02:19
Processing: view event at 2025-05-08 11:02:19
Processing: logout event at 2025-05-08 11:02:19
Processing: logout event at 2025-05-08 11:02:20
Processing: purchase event at 2025-05-08 11:02:20
Processing: click event at 2025-05-08 11:02:20
Processing: purchase event at 2025-05-08 11:02:20
Processing: click event at 2025-05-08 11:02:21
Processing: login event at 2025-05-08 11:02:21
Processing: logout event at 2025-05-08 11:02:21
Processing: click event at 2025-05-08 11:02:22
Processing: logout event at 2025-05-08 11:02:22
Processing: click event at 2025-05-08 11:02:23
Processing: purchase event at 2025-05-08 11:02:23
Processing: view event at 2025-05-08 11:02:23
Processing: view event at 2025-05-08 11:02:24
Processing: login event at 2025-05-08 11:02:24
Processing: view event at 2025-05-08 11:02:24
Processing: login event at 2025-05-08 11:02:24
Processing: logout event at 2025-05-08 11:02:24
Processing: click event at 2025-05-08 11:02:25
Processing: purchase event at 2025-05-08 11:02:25
Processing: logout event at 2025-05-08 11:02:25
Processing: view event at 2025-05-08 11:02:26
Processing: click event at 2025-05-08 11:02:26
Processing: purchase event at 2025-05-08 11:02:27
Processing: purchase event at 2025-05-08 11:02:27
Processing: purchase event at 2025-05-08 11:02:27
Processing: click event at 2025-05-08 11:02:28
Processing: login event at 2025-05-08 11:02:28
Processing: click event at 2025-05-08 11:02:28
Processing: logout event at 2025-05-08 11:02:28
Processing: click event at 2025-05-08 11:02:29
Processing: purchase event at 2025-05-08 11:02:29
Processing: view event at 2025-05-08 11:02:29
Processing: login event at 2025-05-08 11:02:30
Processing: logout event at 2025-05-08 11:02:30
Processing: logout event at 2025-05-08 11:02:30
Processing: view event at 2025-05-08 11:02:31
Processing: login event at 2025-05-08 11:02:31
Processing: purchase event at 2025-05-08 11:02:31
Processing: click event at 2025-05-08 11:02:31
Processing: login event at 2025-05-08 11:02:32
Processing: click event at 2025-05-08 11:02:32
Processing: logout event at 2025-05-08 11:02:32
Processing: purchase event at 2025-05-08 11:02:32
Processing: logout event at 2025-05-08 11:02:33
Processing: login event at 2025-05-08 11:02:33
Processing: click event at 2025-05-08 11:02:33
Processing: click event at 2025-05-08 11:02:33
Processing: view event at 2025-05-08 11:02:34
Processing: logout event at 2025-05-08 11:02:34
Processing: purchase event at 2025-05-08 11:02:35
Processing: view event at 2025-05-08 11:02:35
Processing: login event at 2025-05-08 11:02:35
Processing: click event at 2025-05-08 11:02:36
Processing: logout event at 2025-05-08 11:02:36
Processing: purchase event at 2025-05-08 11:02:36
