2025-05-08 16:43:09,986 - root - INFO - Starting BigQuery-Spark integration process
2025-05-08 16:43:09,986 - spark-logs - INFO - Initializing Spark for BigQuery integration
2025-05-08 16:43:09,986 - data-analysis - INFO - Initializing data analysis module
2025-05-08 16:43:09,986 - reporting - INFO - Initializing reporting module
2025-05-08 16:43:10,951 - data-analysis - INFO - Data Analysis logging initialized
2025-05-08 16:43:11,505 - reporting - INFO - Reporting logging initialized
2025-05-08 16:43:11,506 - bigquery-spark-integration - INFO - Initializing BigQuery-Spark Integration
2025-05-08 16:43:11,506 - spark-logs - INFO - Starting Spark session initialization
2025-05-08 16:43:11,507 - bigquery-spark-integration - INFO - Using BigQuery connector JAR: /Users/user/Desktop/Data-Engineering/Day10/Exercise5/jars/spark-bigquery-connector.jar
2025-05-08 16:43:11,507 - spark-logs - INFO - Adding BigQuery connector JAR: /Users/user/Desktop/Data-Engineering/Day10/Exercise5/jars/spark-bigquery-connector.jar
2025-05-08 16:43:15,203 - bigquery-spark-integration - INFO - Spark session created with application ID: local-1746697394712
2025-05-08 16:43:15,204 - spark-logs - INFO - Spark session created with application ID: local-1746697394712
2025-05-08 16:43:15,204 - bigquery-spark-integration - INFO - Connected to BigQuery Project: unique-axle-457602-n6
2025-05-08 16:43:15,204 - spark-logs - INFO - Connected to BigQuery Project: unique-axle-457602-n6
2025-05-08 16:43:15,204 - bigquery-spark-integration - INFO - Extracting data from BigQuery
2025-05-08 16:43:15,204 - bigquery-spark-integration - INFO - Executing query: (SELECT * FROM `bigquery-public-data.austin_311.311_service_requests` LIMIT 5000)
2025-05-08 16:43:15,205 - bigquery-spark-integration - INFO - Reading from table: bigquery-public-data:samples.natality
2025-05-08 16:43:19,684 - bigquery-spark-integration - INFO - Data schema:
2025-05-08 16:43:19,715 - bigquery-spark-integration - INFO - Sample data:
2025-05-08 16:43:26,691 - bigquery-spark-integration - INFO - Saving extracted data to data/bq_extract_20250508_164326
